BNB       27.4490   56.5400    0.0000    0.0000       0       0    1165     284    0.0000    0.3976   1
BNDS      27.3990   56.1710    0.0000    0.0000       0       0    1419       4    0.0000    0.2254   1
CHMN      29.8610   57.5400    0.0000    0.0000       0       0    1326       0    0.0000    0.3293   1
GHIR      28.2860   52.9870    0.0000    0.0000       0       0     272       0    0.0000    0.7069   1
JASK      25.8670   57.8660    0.0000    0.0000       0       0     964       0    0.0000    0.2456   1
JHRM      28.5050   53.5770    0.0000    0.0000       0       0       9       0    0.0000    0.9858   1
JSSH      25.9090   57.3870    0.0000    0.0000       0       0     222       0    0.0000    0.4927   1
KBAM      29.1360   58.4520    0.0000    0.0000       0       0    1469       0    0.0000    0.2997   1
KHGB      30.3750   56.4770    0.0000    0.0000       0       0     408       0    0.0000    0.3532   1
KRBR      29.9830   56.7600    0.0000    0.0000       0       0     164       0    0.0000    0.8212   1
KSHB      30.2410   55.1170    0.0000    0.0000       0       0     131       0    0.0000    0.4773   1
KSHD      30.3450   57.5120    0.0000    0.0000       0       0     186       0    0.0000    0.4073   1
LMD1      27.3400   53.1650    0.0000    0.0000       0       0     104       0    0.0000    0.6916   1
MZN1      28.0590   54.6520    0.0000    0.0000       0       0    1263     244    0.0000    0.4066   1
UOSS      24.9450   56.2040    0.0000    0.0000       0       0     266       0    0.0000    0.2635   1
BNDS      27.3990   56.1710    0.0000    0.0000       0       0       1       0    0.0000    0.6383   2
JASK      25.8670   57.8660    0.0000    0.0000       0       0       1       0    0.0000    0.8390   2
JSSH      25.9090   57.3870    0.0000    0.0000       0       0       1       0    0.0000    0.7032   2
KBAM      29.1360   58.4520    0.0000    0.0000       0       0       1       0    0.0000    1.1116   2
KRBR      29.9830   56.7600    0.0000    0.0000       0       0       1       0    0.0000    1.1504   2
LMD1      27.3400   53.1650    0.0000    0.0000       0       0       1       0    0.0000    0.4980   2
