PRN       36.2420   52.3380    0.0000    0.0000       0       0      82       2    0.0000    0.2095   1
DMV       35.5770   52.0320    0.0000    0.0000       0       0      81      14    0.0000    0.2334   1
TEH       35.7520   51.3890    0.0000    0.0000       0       0       2       0    0.0000    0.1262   1
TEHA      35.7460   51.3870    0.0000    0.0000       0       0       2       0    0.0000    0.1623   1
MZPU      36.4400   51.5690    0.0000    0.0000       0       0      40       0    0.0000    0.2521   1
FIR       35.6420   52.7540    0.0000    0.0000       0       0      83      19    0.0000    0.2919   1
HSB       35.4380   51.2760    0.0000    0.0000       0       0      20       0    0.0000    0.4236   1
LAS       35.3800   52.9590    0.0000    0.0000       0       0      68       0    0.0000    0.1965   1
VRN       34.9950   51.7270    0.0000    0.0000       0       0      80       0    0.0000    0.2196   1
SHM       35.8060   53.2840    0.0000    0.0000       0       0       2       1    0.0000    0.2557   1
QOM       34.8420   51.0630    0.0000    0.0000       0       0      35       0    0.0000    0.3245   1
GZV       36.3860   50.2180    0.0000    0.0000       0       0       3       0    0.0000    0.3308   1
GLO       36.5020   53.8310    0.0000    0.0000       0       0      77       8    0.0000    0.2692   1
ANJ       35.4680   53.9150    0.0000    0.0000       0       0      44       5    0.0000    0.1730   1
SFB       34.3520   52.2410    0.0000    0.0000       0       0      12       0    0.0000    0.2331   1
KRSH      33.9690   52.1350    0.0000    0.0000       0       0       1       0    0.0000    0.5005   1
PRN       36.2420   52.3380    0.0000    0.0000       0       0      13       3    0.0000    0.3618   2
DMV       35.5770   52.0320    0.0000    0.0000       0       0      13       2    0.0000    0.3492   2
TEH       35.7520   51.3890    0.0000    0.0000       0       0       3       0    0.0000    0.3491   2
MZPU      36.4400   51.5690    0.0000    0.0000       0       0       8       1    0.0000    0.2285   2
FIR       35.6420   52.7540    0.0000    0.0000       0       0      13       0    0.0000    0.3229   2
HSB       35.4380   51.2760    0.0000    0.0000       0       0       9       0    0.0000    0.2429   2
LAS       35.3800   52.9590    0.0000    0.0000       0       0       8       0    0.0000    0.2605   2
VRN       34.9950   51.7270    0.0000    0.0000       0       0      11       0    0.0000    0.3661   2
SHM       35.8060   53.2840    0.0000    0.0000       0       0       3       0    0.0000    0.0287   2
QOM       34.8420   51.0630    0.0000    0.0000       0       0      10       0    0.0000    0.2768   2
GZV       36.3860   50.2180    0.0000    0.0000       0       0       5       1    0.0000    0.2337   2
GLO       36.5020   53.8310    0.0000    0.0000       0       0      13       0    0.0000    0.4443   2
ANJ       35.4680   53.9150    0.0000    0.0000       0       0       7       0    0.0000    0.4397   2
SFB       34.3520   52.2410    0.0000    0.0000       0       0       3       0    0.0000    0.1583   2
LHJ2      37.1660   50.0620    0.0000    0.0000       0       0       1       0    0.0000    0.1470   2
GIDE      36.9230   49.8260    0.0000    0.0000       0       0       1       0    0.0000    0.4781   2
PRN       36.2420   52.3380    0.0000    0.0000       0       0       1       0    0.0000    0.4596   3
DMV       35.5770   52.0320    0.0000    0.0000       0       0     118       0    0.0000    0.1884   3
TEH       35.7520   51.3890    0.0000    0.0000       0       0       4       0    0.0000    0.3799   3
MZPU      36.4400   51.5690    0.0000    0.0000       0       0       2       0    0.0000    0.1550   3
FIR       35.6420   52.7540    0.0000    0.0000       0       0     117       0    0.0000    0.3120   3
HSB       35.4380   51.2760    0.0000    0.0000       0       0      72      28    0.0000    0.3612   3
LAS       35.3800   52.9590    0.0000    0.0000       0       0     119       0    0.0000    0.2319   3
VRN       34.9950   51.7270    0.0000    0.0000       0       0     115       1    0.0000    0.2278   3
QOM       34.8420   51.0630    0.0000    0.0000       0       0      96       7    0.0000    0.2182   3
GZV       36.3860   50.2180    0.0000    0.0000       0       0       3       0    0.0000    0.3012   3
ANJ       35.4680   53.9150    0.0000    0.0000       0       0       8       0    0.0000    0.3921   3
SFB       34.3520   52.2410    0.0000    0.0000       0       0      36       3    0.0000    0.4218   3
QABG      35.7080   49.5820    0.0000    0.0000       0       0       1       0    0.0000    0.4459   3
HAGD      34.8220   49.1390    0.0000    0.0000       0       0       6       0    0.0000    0.4234   3
KLH       33.3190   51.5780    0.0000    0.0000       0       0     108      39    0.0000    0.1890   3
PRN       36.2420   52.3380    0.0000    0.0000       0       0      13       1    0.0000    0.3057   4
DMV       35.5770   52.0320    0.0000    0.0000       0       0      13      10    0.0000    0.3886   4
TEH       35.7520   51.3890    0.0000    0.0000       0       0      13       3    0.0000    0.4504   4
MZPU      36.4400   51.5690    0.0000    0.0000       0       0      10       7    0.0000    0.2952   4
ALA       36.0830   52.8100    0.0000    0.0000       0       0       1       1    0.0000    0.5649   4
FIR       35.6420   52.7540    0.0000    0.0000       0       0      13       7    0.0000    0.3074   4
HSB       35.4380   51.2760    0.0000    0.0000       0       0       7       1    0.0000    0.4713   4
LAS       35.3800   52.9590    0.0000    0.0000       0       0       8       1    0.0000    0.1423   4
VRN       34.9950   51.7270    0.0000    0.0000       0       0      13       4    0.0000    0.2735   4
QOM       34.8420   51.0630    0.0000    0.0000       0       0       7       0    0.0000    0.1081   4
GZV       36.3860   50.2180    0.0000    0.0000       0       0       1       0    0.0000    0.1550   4
GLO       36.5020   53.8310    0.0000    0.0000       0       0       7       0    0.0000    0.4993   4
ANJ       35.4680   53.9150    0.0000    0.0000       0       0       8       0    0.0000    0.3438   4
SFB       34.3520   52.2410    0.0000    0.0000       0       0       2       0    0.0000    0.3035   4
KLH       33.3190   51.5780    0.0000    0.0000       0       0       2       0    0.0000    0.3228   4
PRN       36.2420   52.3380    0.0000    0.0000       0       0      19       0    0.0000    0.2901   5
DMV       35.5770   52.0320    0.0000    0.0000       0       0      19       1    0.0000    0.2060   5
TEH       35.7520   51.3890    0.0000    0.0000       0       0       3       0    0.0000    0.8492   5
MZPU      36.4400   51.5690    0.0000    0.0000       0       0       4       0    0.0000    0.4220   5
FIR       35.6420   52.7540    0.0000    0.0000       0       0      24       3    0.0000    0.2039   5
HSB       35.4380   51.2760    0.0000    0.0000       0       0      27       0    0.0000    0.1743   5
LAS       35.3800   52.9590    0.0000    0.0000       0       0       1       0    0.0000    0.1909   5
VRN       34.9950   51.7270    0.0000    0.0000       0       0      32       1    0.0000    0.1794   5
QOM       34.8420   51.0630    0.0000    0.0000       0       0      32      26    0.0000    0.2192   5
GLO       36.5020   53.8310    0.0000    0.0000       0       0       7       0    0.0000    0.4664   5
ANJ       35.4680   53.9150    0.0000    0.0000       0       0      23       0    0.0000    0.4086   5
SFB       34.3520   52.2410    0.0000    0.0000       0       0      19       0    0.0000    0.3112   5
KLH       33.3190   51.5780    0.0000    0.0000       0       0      23       0    0.0000    0.5077   5
PRN       36.2420   52.3380    0.0000    0.0000       0       0       7       0    0.0000    0.6361   6
DMV       35.5770   52.0320    0.0000    0.0000       0       0       7       0    0.0000    0.3432   6
MZPU      36.4400   51.5690    0.0000    0.0000       0       0       1       0    0.0000    0.5567   6
ALA       36.0830   52.8100    0.0000    0.0000       0       0       1       0    0.0000    0.5222   6
FIR       35.6420   52.7540    0.0000    0.0000       0       0       7       0    0.0000    0.3955   6
LAS       35.3800   52.9590    0.0000    0.0000       0       0       4       0    0.0000    0.2281   6
VRN       34.9950   51.7270    0.0000    0.0000       0       0       4       0    0.0000    0.7525   6
GLO       36.5020   53.8310    0.0000    0.0000       0       0       7       1    0.0000    0.6223   6
ANJ       35.4680   53.9150    0.0000    0.0000       0       0       3       0    0.0000    0.1214   6
SFB       34.3520   52.2410    0.0000    0.0000       0       0       1       0    0.0000    0.8165   6
PRN       36.2420   52.3380    0.0000    0.0000       0       0       6       0    0.0000    0.2553   7
DMV       35.5770   52.0320    0.0000    0.0000       0       0       4       1    0.0000    0.1602   7
TEH       35.7520   51.3890    0.0000    0.0000       0       0       2       0    0.0000    0.2376   7
TEHA      35.7460   51.3870    0.0000    0.0000       0       0       1       0    0.0000    0.0049   7
MZPU      36.4400   51.5690    0.0000    0.0000       0       0       1       0    0.0000    0.2217   7
FIR       35.6420   52.7540    0.0000    0.0000       0       0       4       3    0.0000    0.4947   7
LAS       35.3800   52.9590    0.0000    0.0000       0       0       3       0    0.0000    0.4121   7
VRN       34.9950   51.7270    0.0000    0.0000       0       0       6       1    0.0000    0.2782   7
QOM       34.8420   51.0630    0.0000    0.0000       0       0       5       0    0.0000    0.2580   7
GLO       36.5020   53.8310    0.0000    0.0000       0       0       6       0    0.0000    0.2222   7
ANJ       35.4680   53.9150    0.0000    0.0000       0       0       4       3    0.0000    0.2738   7
KLH       33.3190   51.5780    0.0000    0.0000       0       0       3       0    0.0000    0.2828   7
PRN       36.2420   52.3380    0.0000    0.0000       0       0       5       0    0.0000    0.2438   8
DMV       35.5770   52.0320    0.0000    0.0000       0       0       7       0    0.0000    0.6021   8
MZPU      36.4400   51.5690    0.0000    0.0000       0       0       2       0    0.0000    0.2668   8
FIR       35.6420   52.7540    0.0000    0.0000       0       0       7       0    0.0000    0.2853   8
LAS       35.3800   52.9590    0.0000    0.0000       0       0       6       0    0.0000    0.0651   8
VRN       34.9950   51.7270    0.0000    0.0000       0       0       4       0    0.0000    0.2716   8
QOM       34.8420   51.0630    0.0000    0.0000       0       0       4       0    0.0000    0.2156   8
GLO       36.5020   53.8310    0.0000    0.0000       0       0       3       0    0.0000    0.2738   8
ANJ       35.4680   53.9150    0.0000    0.0000       0       0       3       0    0.0000    0.2873   8
SFB       34.3520   52.2410    0.0000    0.0000       0       0       3       2    0.0000    0.4168   8
KLH       33.3190   51.5780    0.0000    0.0000       0       0       2       0    0.0000    0.4926   8
PRN       36.2420   52.3380    0.0000    0.0000       0       0       5       0    0.0000    0.1959   9
DMV       35.5770   52.0320    0.0000    0.0000       0       0       3       3    0.0000    0.3242   9
TEH       35.7520   51.3890    0.0000    0.0000       0       0       2       0    0.0000    0.1411   9
MZPU      36.4400   51.5690    0.0000    0.0000       0       0       1       0    0.0000    0.3141   9
FIR       35.6420   52.7540    0.0000    0.0000       0       0       3       0    0.0000    0.1471   9
HSB       35.4380   51.2760    0.0000    0.0000       0       0       3       0    0.0000    0.5354   9
LAS       35.3800   52.9590    0.0000    0.0000       0       0       3       0    0.0000    0.3252   9
VRN       34.9950   51.7270    0.0000    0.0000       0       0       4       0    0.0000    0.1057   9
QOM       34.8420   51.0630    0.0000    0.0000       0       0       4       0    0.0000    0.2485   9
GLO       36.5020   53.8310    0.0000    0.0000       0       0       2       0    0.0000    0.4505   9
ANJ       35.4680   53.9150    0.0000    0.0000       0       0       1       0    0.0000    0.0956   9
SFB       34.3520   52.2410    0.0000    0.0000       0       0       1       0    0.0000    0.0768   9
KLH       33.3190   51.5780    0.0000    0.0000       0       0       1       0    0.0000    0.1302   9
PRN       36.2420   52.3380    0.0000    0.0000       0       0      19       0    0.0000    0.2758  10
DMV       35.5770   52.0320    0.0000    0.0000       0       0      19       3    0.0000    0.2144  10
TEH       35.7520   51.3890    0.0000    0.0000       0       0       1       0    0.0000    0.3925  10
FIR       35.6420   52.7540    0.0000    0.0000       0       0      17       0    0.0000    0.3465  10
HSB       35.4380   51.2760    0.0000    0.0000       0       0      13       1    0.0000    0.3544  10
LAS       35.3800   52.9590    0.0000    0.0000       0       0      15       0    0.0000    0.2100  10
VRN       34.9950   51.7270    0.0000    0.0000       0       0      15       0    0.0000    0.2471  10
QOM       34.8420   51.0630    0.0000    0.0000       0       0      15       1    0.0000    0.3525  10
GZV       36.3860   50.2180    0.0000    0.0000       0       0      15       3    0.0000    0.3893  10
SFB       34.3520   52.2410    0.0000    0.0000       0       0      10       0    0.0000    0.1725  10
QABG      35.7080   49.5820    0.0000    0.0000       0       0       2       0    0.0000    0.3629  10
KRSH      33.9690   52.1350    0.0000    0.0000       0       0       3       0    0.0000    0.3890  10
QAMS      33.7360   51.3960    0.0000    0.0000       0       0       5       0    0.0000    0.1341  10
HAGD      34.8220   49.1390    0.0000    0.0000       0       0       4       0    0.0000    0.8948  10
KLH       33.3190   51.5780    0.0000    0.0000       0       0      13       0    0.0000    0.2953  10
DMV       35.5770   52.0320    0.0000    0.0000       0       0       3       0    0.0000    0.4505  11
MZPU      36.4400   51.5690    0.0000    0.0000       0       0       4       0    0.0000    0.2319  11
HSB       35.4380   51.2760    0.0000    0.0000       0       0       3       0    0.0000    0.5135  11
VRN       34.9950   51.7270    0.0000    0.0000       0       0       1       0    0.0000    0.5257  11
QOM       34.8420   51.0630    0.0000    0.0000       0       0       4       0    0.0000    0.5100  11
GZV       36.3860   50.2180    0.0000    0.0000       0       0       3       2    0.0000    0.2575  11
SFB       34.3520   52.2410    0.0000    0.0000       0       0       1       0    0.0000    0.0724  11
HAGD      34.8220   49.1390    0.0000    0.0000       0       0       2       0    0.0000    0.1682  11
PRN       36.2420   52.3380    0.0000    0.0000       0       0       2       0    0.0000    0.5734  12
DMV       35.5770   52.0320    0.0000    0.0000       0       0      15       0    0.0000    0.3329  12
TEH       35.7520   51.3890    0.0000    0.0000       0       0       1       0    0.0000    0.0572  12
MZPU      36.4400   51.5690    0.0000    0.0000       0       0       1       0    0.0000    0.3198  12
FIR       35.6420   52.7540    0.0000    0.0000       0       0      15       0    0.0000    0.2504  12
HSB       35.4380   51.2760    0.0000    0.0000       0       0       1       1    0.0000    0.6260  12
LAS       35.3800   52.9590    0.0000    0.0000       0       0      10       0    0.0000    0.2660  12
VRN       34.9950   51.7270    0.0000    0.0000       0       0      15       5    0.0000    0.3196  12
QOM       34.8420   51.0630    0.0000    0.0000       0       0      15       1    0.0000    0.5556  12
GLO       36.5020   53.8310    0.0000    0.0000       0       0      15       0    0.0000    0.6600  12
ANJ       35.4680   53.9150    0.0000    0.0000       0       0      10       0    0.0000    0.3291  12
SFB       34.3520   52.2410    0.0000    0.0000       0       0      15       4    0.0000    0.3776  12
KLH       33.3190   51.5780    0.0000    0.0000       0       0      14       0    0.0000    0.3065  12
PRN       36.2420   52.3380    0.0000    0.0000       0       0       3       0    0.0000    0.5122  13
DMV       35.5770   52.0320    0.0000    0.0000       0       0       3       1    0.0000    1.0783  13
TEHA      35.7460   51.3870    0.0000    0.0000       0       0       1       0    0.0000    0.4899  13
MZPU      36.4400   51.5690    0.0000    0.0000       0       0       1       0    0.0000    0.0990  13
ALA       36.0830   52.8100    0.0000    0.0000       0       0       1       0    0.0000    0.2846  13
FIR       35.6420   52.7540    0.0000    0.0000       0       0       1       0    0.0000    0.4159  13
HSB       35.4380   51.2760    0.0000    0.0000       0       0       1       0    0.0000    0.6221  13
LAS       35.3800   52.9590    0.0000    0.0000       0       0       3       0    0.0000    0.6419  13
VRN       34.9950   51.7270    0.0000    0.0000       0       0       1       1    0.0000    0.8696  13
QOM       34.8420   51.0630    0.0000    0.0000       0       0       1       0    0.0000    1.0444  13
GLO       36.5020   53.8310    0.0000    0.0000       0       0       1       0    0.0000    0.0623  13
ANJ       35.4680   53.9150    0.0000    0.0000       0       0       3       0    0.0000    0.4882  13
QAMS      33.7360   51.3960    0.0000    0.0000       0       0       1       0    0.0000    0.3731  13
KLH       33.3190   51.5780    0.0000    0.0000       0       0       1       0    0.0000    0.7995  13
PRN       36.2420   52.3380    0.0000    0.0000       0       0       3       0    0.0000    0.2344  14
DMV       35.5770   52.0320    0.0000    0.0000       0       0       3       0    0.0000    0.1419  14
FIR       35.6420   52.7540    0.0000    0.0000       0       0       3       0    0.0000    0.2389  14
LAS       35.3800   52.9590    0.0000    0.0000       0       0       3       1    0.0000    0.4352  14
VRN       34.9950   51.7270    0.0000    0.0000       0       0       3       0    0.0000    0.2134  14
GLO       36.5020   53.8310    0.0000    0.0000       0       0       3       1    0.0000    0.5923  14
ANJ       35.4680   53.9150    0.0000    0.0000       0       0       3       1    0.0000    0.3054  14
SFB       34.3520   52.2410    0.0000    0.0000       0       0       1       0    0.0000    0.0098  14
PRN       36.2420   52.3380    0.0000    0.0000       0       0       3       0    0.0000    0.3559  15
DMV       35.5770   52.0320    0.0000    0.0000       0       0       1       0    0.0000    0.2281  15
FIR       35.6420   52.7540    0.0000    0.0000       0       0       1       0    0.0000    0.1000  15
HSB       35.4380   51.2760    0.0000    0.0000       0       0       3       0    0.0000    0.1796  15
LAS       35.3800   52.9590    0.0000    0.0000       0       0       1       0    0.0000    0.7573  15
VRN       34.9950   51.7270    0.0000    0.0000       0       0       3       0    0.0000    0.2132  15
QOM       34.8420   51.0630    0.0000    0.0000       0       0       3       0    0.0000    0.2315  15
GZV       36.3860   50.2180    0.0000    0.0000       0       0       1       1    0.0000    0.2229  15
GLO       36.5020   53.8310    0.0000    0.0000       0       0       3       0    0.0000    0.5128  15
LHJ2      37.1660   50.0620    0.0000    0.0000       0       0       1       0    0.0000    0.0371  15
PRN       36.2420   52.3380    0.0000    0.0000       0       0       3       0    0.0000    0.9581  16
DMV       35.5770   52.0320    0.0000    0.0000       0       0       2       0    0.0000    1.2193  16
TEH       35.7520   51.3890    0.0000    0.0000       0       0       1       0    0.0000    0.1987  16
MZPU      36.4400   51.5690    0.0000    0.0000       0       0       3       0    0.0000    0.2725  16
HSB       35.4380   51.2760    0.0000    0.0000       0       0       1       0    0.0000    0.0040  16
QOM       34.8420   51.0630    0.0000    0.0000       0       0       1       0    0.0000    0.7546  16
GZV       36.3860   50.2180    0.0000    0.0000       0       0       1       0    0.0000    0.0837  16
GIDE      36.9230   49.8260    0.0000    0.0000       0       0       3       1    0.0000    0.3767  16
QABG      35.7080   49.5820    0.0000    0.0000       0       0       2       0    0.0000    0.5358  16
QSDN      36.5040   49.1740    0.0000    0.0000       0       0       1       0    0.0000    0.6230  16
PRN       36.2420   52.3380    0.0000    0.0000       0       0       4       0    0.0000    0.3984  17
DMV       35.5770   52.0320    0.0000    0.0000       0       0       4       0    0.0000    0.4186  17
FIR       35.6420   52.7540    0.0000    0.0000       0       0       4       0    0.0000    0.5040  17
LAS       35.3800   52.9590    0.0000    0.0000       0       0       3       0    0.0000    0.9278  17
GLO       36.5020   53.8310    0.0000    0.0000       0       0       3       1    0.0000    0.8802  17
ANJ       35.4680   53.9150    0.0000    0.0000       0       0       3       0    0.0000    1.2030  17
PRN       36.2420   52.3380    0.0000    0.0000       0       0       4       2    0.0000    0.3467  18
DMV       35.5770   52.0320    0.0000    0.0000       0       0       2       1    0.0000    0.4912  18
MZPU      36.4400   51.5690    0.0000    0.0000       0       0       4       0    0.0000    0.0701  18
FIR       35.6420   52.7540    0.0000    0.0000       0       0       4       1    0.0000    0.1698  18
LAS       35.3800   52.9590    0.0000    0.0000       0       0       4       2    0.0000    0.2080  18
VRN       34.9950   51.7270    0.0000    0.0000       0       0       2       0    0.0000    0.1125  18
GLO       36.5020   53.8310    0.0000    0.0000       0       0       4       0    0.0000    0.5209  18
ANJ       35.4680   53.9150    0.0000    0.0000       0       0       4       0    0.0000    0.3092  18
PRN       36.2420   52.3380    0.0000    0.0000       0       0       1       0    0.0000    0.4890  19
DMV       35.5770   52.0320    0.0000    0.0000       0       0       1       1    0.0000    0.1274  19
TEH       35.7520   51.3890    0.0000    0.0000       0       0       1       0    0.0000    0.0273  19
FIR       35.6420   52.7540    0.0000    0.0000       0       0       1       0    0.0000    0.0904  19
HSB       35.4380   51.2760    0.0000    0.0000       0       0       1       0    0.0000    0.7428  19
LAS       35.3800   52.9590    0.0000    0.0000       0       0       1       0    0.0000    0.2416  19
VRN       34.9950   51.7270    0.0000    0.0000       0       0       1       0    0.0000    0.0462  19
ANJ       35.4680   53.9150    0.0000    0.0000       0       0       1       0    0.0000    0.6754  19
DMV       35.5770   52.0320    0.0000    0.0000       0       0       2       0    0.0000    0.4823  20
MZPU      36.4400   51.5690    0.0000    0.0000       0       0       1       0    0.0000    0.0905  20
FIR       35.6420   52.7540    0.0000    0.0000       0       0       1       0    0.0000    0.2282  20
LAS       35.3800   52.9590    0.0000    0.0000       0       0       2       0    0.0000    0.4624  20
VRN       34.9950   51.7270    0.0000    0.0000       0       0       2       0    0.0000    0.2800  20
QOM       34.8420   51.0630    0.0000    0.0000       0       0       2       2    0.0000    0.8716  20
SFB       34.3520   52.2410    0.0000    0.0000       0       0       1       0    0.0000    0.3371  20
KLH       33.3190   51.5780    0.0000    0.0000       0       0       2       2    0.0000    1.0131  20
DMV       35.5770   52.0320    0.0000    0.0000       0       0       1       0    0.0000    0.5600  21
FIR       35.6420   52.7540    0.0000    0.0000       0       0       1       0    0.0000    0.8320  21
LAS       35.3800   52.9590    0.0000    0.0000       0       0       1       0    0.0000    0.9390  21
VRN       34.9950   51.7270    0.0000    0.0000       0       0       1       0    0.0000    0.6825  21
QOM       34.8420   51.0630    0.0000    0.0000       0       0       1       0    0.0000    1.1398  21
ANJ       35.4680   53.9150    0.0000    0.0000       0       0       1       1    0.0000    1.1602  21
SFB       34.3520   52.2410    0.0000    0.0000       0       0       1       0    0.0000    0.7281  21
PRN       36.2420   52.3380    0.0000    0.0000       0       0       1       0    0.0000    0.2453  22
DMV       35.5770   52.0320    0.0000    0.0000       0       0       1       0    0.0000    0.2428  22
MZPU      36.4400   51.5690    0.0000    0.0000       0       0       1       0    0.0000    0.1333  22
FIR       35.6420   52.7540    0.0000    0.0000       0       0       1       0    0.0000    0.1903  22
GLO       36.5020   53.8310    0.0000    0.0000       0       0       1       0    0.0000    0.4640  22
PRN       36.2420   52.3380    0.0000    0.0000       0       0       1       0    0.0000    0.4674  23
DMV       35.5770   52.0320    0.0000    0.0000       0       0       1       1    0.0000    0.2693  23
TEH       35.7520   51.3890    0.0000    0.0000       0       0       1       1    0.0000    0.3178  23
FIR       35.6420   52.7540    0.0000    0.0000       0       0       1       1    0.0000    0.3490  23
LAS       35.3800   52.9590    0.0000    0.0000       0       0       1       1    0.0000    0.2721  23
VRN       34.9950   51.7270    0.0000    0.0000       0       0       1       0    0.0000    0.1753  23
QOM       34.8420   51.0630    0.0000    0.0000       0       0       1       0    0.0000    0.2503  23
GLO       36.5020   53.8310    0.0000    0.0000       0       0       1       1    0.0000    0.9643  23
ANJ       35.4680   53.9150    0.0000    0.0000       0       0       1       1    0.0000    0.1024  23
PRN       36.2420   52.3380    0.0000    0.0000       0       0       3       0    0.0000    1.1905  24
DMV       35.5770   52.0320    0.0000    0.0000       0       0       3       0    0.0000    1.4078  24
MZPU      36.4400   51.5690    0.0000    0.0000       0       0       1       0    0.0000    0.0620  24
HSB       35.4380   51.2760    0.0000    0.0000       0       0       3       0    0.0000    0.4233  24
QOM       34.8420   51.0630    0.0000    0.0000       0       0       1       0    0.0000    2.5768  24
LHJ2      37.1660   50.0620    0.0000    0.0000       0       0       3       0    0.0000    1.1268  24
GIDE      36.9230   49.8260    0.0000    0.0000       0       0       3       0    0.0000    0.4796  24
PRN       36.2420   52.3380    0.0000    0.0000       0       0       1       0    0.0000    0.0131  25
DMV       35.5770   52.0320    0.0000    0.0000       0       0       1       0    0.0000    0.0867  25
MZPU      36.4400   51.5690    0.0000    0.0000       0       0       1       0    0.0000    0.0755  25
FIR       35.6420   52.7540    0.0000    0.0000       0       0       1       0    0.0000    0.3314  25
HSB       35.4380   51.2760    0.0000    0.0000       0       0       1       0    0.0000    0.1676  25
LAS       35.3800   52.9590    0.0000    0.0000       0       0       1       0    0.0000    0.0275  25
VRN       34.9950   51.7270    0.0000    0.0000       0       0       1       0    0.0000    0.0024  25
QOM       34.8420   51.0630    0.0000    0.0000       0       0       1       0    0.0000    0.0904  25
GLO       36.5020   53.8310    0.0000    0.0000       0       0       1       0    0.0000    0.4954  25
PRN       36.2420   52.3380    0.0000    0.0000       0       0       1       1    0.0000    0.1604  26
DMV       35.5770   52.0320    0.0000    0.0000       0       0       1       0    0.0000    0.2732  26
FIR       35.6420   52.7540    0.0000    0.0000       0       0       1       0    0.0000    0.1048  26
LAS       35.3800   52.9590    0.0000    0.0000       0       0       1       0    0.0000    0.0293  26
GLO       36.5020   53.8310    0.0000    0.0000       0       0       1       1    0.0000    0.2645  26
PRN       36.2420   52.3380    0.0000    0.0000       0       0       1       1    0.0000    0.2660  27
DMV       35.5770   52.0320    0.0000    0.0000       0       0       1       0    0.0000    0.1926  27
FIR       35.6420   52.7540    0.0000    0.0000       0       0       1       0    0.0000    0.2148  27
LAS       35.3800   52.9590    0.0000    0.0000       0       0       1       0    0.0000    0.0647  27
VRN       34.9950   51.7270    0.0000    0.0000       0       0       1       0    0.0000    0.4805  27
GZV       36.3860   50.2180    0.0000    0.0000       0       0       1       0    0.0000    0.2009  27
GLO       36.5020   53.8310    0.0000    0.0000       0       0       1       0    0.0000    0.4101  27
DMV       35.5770   52.0320    0.0000    0.0000       0       0       1       0    0.0000    0.5375  28
MZPU      36.4400   51.5690    0.0000    0.0000       0       0       1       0    0.0000    0.8518  28
ALA       36.0830   52.8100    0.0000    0.0000       0       0       1       0    0.0000    0.6320  28
FIR       35.6420   52.7540    0.0000    0.0000       0       0       1       0    0.0000    0.9848  28
LAS       35.3800   52.9590    0.0000    0.0000       0       0       1       0    0.0000    0.3352  28
KRSH      33.9690   52.1350    0.0000    0.0000       0       0       1       0    0.0000    0.2290  28
QAMS      33.7360   51.3960    0.0000    0.0000       0       0       1       0    0.0000    0.5040  28
KLH       33.3190   51.5780    0.0000    0.0000       0       0       1       0    0.0000    0.6611  28
PRN       36.2420   52.3380    0.0000    0.0000       0       0       1       0    0.0000    0.3458  29
DMV       35.5770   52.0320    0.0000    0.0000       0       0       1       0    0.0000    0.3775  29
ALA       36.0830   52.8100    0.0000    0.0000       0       0       1       0    0.0000    0.7066  29
FIR       35.6420   52.7540    0.0000    0.0000       0       0       1       0    0.0000    0.4433  29
HSB       35.4380   51.2760    0.0000    0.0000       0       0       1       0    0.0000    0.1604  29
LAS       35.3800   52.9590    0.0000    0.0000       0       0       1       1    0.0000    0.6990  29
VRN       34.9950   51.7270    0.0000    0.0000       0       0       1       1    0.0000    0.3285  29
KIA       36.2070   53.6840    0.0000    0.0000       0       0       1       0    0.0000    0.7564  29
GLO       36.5020   53.8310    0.0000    0.0000       0       0       1       0    0.0000    1.4546  29
ANJ       35.4680   53.9150    0.0000    0.0000       0       0       1       0    0.0000    0.3530  29
QABG      35.7080   49.5820    0.0000    0.0000       0       0       1       0    0.0000    0.6509  29
KLH       33.3190   51.5780    0.0000    0.0000       0       0       1       0    0.0000    0.4003  29
PRN       36.2420   52.3380    0.0000    0.0000       0       0       1       0    0.0000    0.1231  30
DMV       35.5770   52.0320    0.0000    0.0000       0       0       1       0    0.0000    0.2869  30
MZPU      36.4400   51.5690    0.0000    0.0000       0       0       1       0    0.0000    1.0886  30
ALA       36.0830   52.8100    0.0000    0.0000       0       0       1       0    0.0000    0.7188  30
HSB       35.4380   51.2760    0.0000    0.0000       0       0       1       0    0.0000    0.4153  30
QOM       34.8420   51.0630    0.0000    0.0000       0       0       1       0    0.0000    0.6072  30
PRN       36.2420   52.3380    0.0000    0.0000       0       0       1       0    0.0000    1.2501  32
DMV       35.5770   52.0320    0.0000    0.0000       0       0       1       0    0.0000    0.8631  32
FIR       35.6420   52.7540    0.0000    0.0000       0       0       1       0    0.0000    1.1898  32
LAS       35.3800   52.9590    0.0000    0.0000       0       0       1       0    0.0000    0.9616  32
VRN       34.9950   51.7270    0.0000    0.0000       0       0       1       0    0.0000    0.6004  32
QOM       34.8420   51.0630    0.0000    0.0000       0       0       1       0    0.0000    0.3663  32
GLO       36.5020   53.8310    0.0000    0.0000       0       0       1       0    0.0000    0.3952  32
ANJ       35.4680   53.9150    0.0000    0.0000       0       0       1       0    0.0000    0.2396  32
PRN       36.2420   52.3380    0.0000    0.0000       0       0       1       0    0.0000    0.3278  33
DMV       35.5770   52.0320    0.0000    0.0000       0       0       1       0    0.0000    0.2275  33
MZPU      36.4400   51.5690    0.0000    0.0000       0       0       1       0    0.0000    0.4520  33
FIR       35.6420   52.7540    0.0000    0.0000       0       0       1       0    0.0000    0.3902  33
VRN       34.9950   51.7270    0.0000    0.0000       0       0       1       0    0.0000    0.3998  33
GLO       36.5020   53.8310    0.0000    0.0000       0       0       1       1    0.0000    0.2222  33
DMV       35.5770   52.0320    0.0000    0.0000       0       0       1       0    0.0000    1.2924  34
FIR       35.6420   52.7540    0.0000    0.0000       0       0       1       0    0.0000    0.3818  34
LAS       35.3800   52.9590    0.0000    0.0000       0       0       1       0    0.0000    0.8858  34
VRN       34.9950   51.7270    0.0000    0.0000       0       0       1       0    0.0000    1.0230  34
QOM       34.8420   51.0630    0.0000    0.0000       0       0       1       0    0.0000    0.9873  34
ANJ       35.4680   53.9150    0.0000    0.0000       0       0       1       0    0.0000    1.2923  34
KLH       33.3190   51.5780    0.0000    0.0000       0       0       1       0    0.0000    0.4163  34
PRN       36.2420   52.3380    0.0000    0.0000       0       0       1       0    0.0000    1.2010  35
DMV       35.5770   52.0320    0.0000    0.0000       0       0       1       0    0.0000    0.0998  35
MZPU      36.4400   51.5690    0.0000    0.0000       0       0       1       0    0.0000    0.0890  35
FIR       35.6420   52.7540    0.0000    0.0000       0       0       1       0    0.0000    0.2443  35
LAS       35.3800   52.9590    0.0000    0.0000       0       0       1       0    0.0000    0.0924  35
VRN       34.9950   51.7270    0.0000    0.0000       0       0       1       0    0.0000    0.9217  35
QOM       34.8420   51.0630    0.0000    0.0000       0       0       1       0    0.0000    0.2371  35
GLO       36.5020   53.8310    0.0000    0.0000       0       0       1       0    0.0000    0.0106  35
ANJ       35.4680   53.9150    0.0000    0.0000       0       0       1       0    0.0000    0.1876  35
PRN       36.2420   52.3380    0.0000    0.0000       0       0       1       0    0.0000    0.1569  36
DMV       35.5770   52.0320    0.0000    0.0000       0       0       1       0    0.0000    0.2556  36
MZPU      36.4400   51.5690    0.0000    0.0000       0       0       1       0    0.0000    0.5979  36
FIR       35.6420   52.7540    0.0000    0.0000       0       0       1       0    0.0000    0.2438  36
LAS       35.3800   52.9590    0.0000    0.0000       0       0       1       0    0.0000    0.2903  36
VRN       34.9950   51.7270    0.0000    0.0000       0       0       1       0    0.0000    0.3271  36
QOM       34.8420   51.0630    0.0000    0.0000       0       0       1       0    0.0000    0.1670  36
GLO       36.5020   53.8310    0.0000    0.0000       0       0       1       0    0.0000    0.5077  36
ANJ       35.4680   53.9150    0.0000    0.0000       0       0       1       0    0.0000    0.3785  36
KLH       33.3190   51.5780    0.0000    0.0000       0       0       1       0    0.0000    0.1228  36
PRN       36.2420   52.3380    0.0000    0.0000       0       0       1       0    0.0000    0.0194  37
DMV       35.5770   52.0320    0.0000    0.0000       0       0       1       0    0.0000    0.4152  37
MZPU      36.4400   51.5690    0.0000    0.0000       0       0       1       0    0.0000    0.2883  37
FIR       35.6420   52.7540    0.0000    0.0000       0       0       1       0    0.0000    0.0003  37
VRN       34.9950   51.7270    0.0000    0.0000       0       0       1       0    0.0000    0.9692  37
GLO       36.5020   53.8310    0.0000    0.0000       0       0       1       0    0.0000    0.2722  37
DMV       35.5770   52.0320    0.0000    0.0000       0       0       1       0    0.0000    0.0137  38
MZPU      36.4400   51.5690    0.0000    0.0000       0       0       1       0    0.0000    0.5436  38
HSB       35.4380   51.2760    0.0000    0.0000       0       0       1       0    0.0000    0.0624  38
VRN       34.9950   51.7270    0.0000    0.0000       0       0       1       0    0.0000    0.0413  38
QOM       34.8420   51.0630    0.0000    0.0000       0       0       1       0    0.0000    0.2980  38
HAGD      34.8220   49.1390    0.0000    0.0000       0       0       1       0    0.0000    0.0498  38
