PRN       36.2420   52.3380    0.0000    0.0000       0       0    3568     206    0.0000    0.2413   1
DMV       35.5770   52.0320    0.0000    0.0000       0       0   11315    1442    0.0000    0.2322   1
TEH       35.7520   51.3890    0.0000    0.0000       0       0      60       0    0.0000    0.3884   1
TEHA      35.7460   51.3870    0.0000    0.0000       0       0      32       0    0.0000    0.2670   1
MZPU      36.4400   51.5690    0.0000    0.0000       0       0    2189      12    0.0000    0.1937   1
ALA       36.0830   52.8100    0.0000    0.0000       0       0    4982     462    0.0000    0.2351   1
FIR       35.6420   52.7540    0.0000    0.0000       0       0   10884     395    0.0000    0.1964   1
HSB       35.4380   51.2760    0.0000    0.0000       0       0    1406      11    0.0000    0.1911   1
KLST      36.5190   51.0590    0.0000    0.0000       0       0     406       7    0.0000    0.3320   1
LAS       35.3800   52.9590    0.0000    0.0000       0       0    9207     364    0.0000    0.2105   1
VRN       34.9950   51.7270    0.0000    0.0000       0       0    7462      65    0.0000    0.2285   1
SHM       35.8060   53.2840    0.0000    0.0000       0       0     954      48    0.0000    0.2774   1
MHD       35.6850   50.6670    0.0000    0.0000       0       0      27       0    0.0000    0.2930   1
KIA       36.2070   53.6840    0.0000    0.0000       0       0     696       9    0.0000    0.2770   1
QOM       34.8420   51.0630    0.0000    0.0000       0       0    1774       9    0.0000    0.2564   1
GZV       36.3860   50.2180    0.0000    0.0000       0       0     119       9    0.0000    0.2992   1
GLO       36.5020   53.8310    0.0000    0.0000       0       0    3202      40    0.0000    0.2402   1
ANJ       35.4680   53.9150    0.0000    0.0000       0       0    2837      58    0.0000    0.1733   1
SFB       34.3520   52.2410    0.0000    0.0000       0       0    7484       4    0.0000    0.1989   1
RAZ       35.4050   49.9290    0.0000    0.0000       0       0      20       0    0.0000    0.3849   1
JIR1      36.7080   49.8020    0.0000    0.0000       0       0      17       0    0.0000    0.4502   1
LHJ2      37.1660   50.0620    0.0000    0.0000       0       0      13       0    0.0000    0.1730   1
GIDE      36.9230   49.8260    0.0000    0.0000       0       0       8       0    0.0000    0.1364   1
QABG      35.7080   49.5820    0.0000    0.0000       0       0      78       0    0.0000    0.3621   1
KRSH      33.9690   52.1350    0.0000    0.0000       0       0     818       0    0.0000    0.3483   1
QAMS      33.7360   51.3960    0.0000    0.0000       0       0     112       0    0.0000    0.3271   1
KLH       33.3190   51.5780    0.0000    0.0000       0       0     100       0    0.0000    0.3647   1
PRN       36.2420   52.3380    0.0000    0.0000       0       0      11       0    0.0000    0.6152   2
DMV       35.5770   52.0320    0.0000    0.0000       0       0     754       1    0.0000    0.3499   2
TEH       35.7520   51.3890    0.0000    0.0000       0       0       7       1    0.0000    0.1979   2
MZPU      36.4400   51.5690    0.0000    0.0000       0       0     189       0    0.0000    0.2932   2
FIR       35.6420   52.7540    0.0000    0.0000       0       0      77       0    0.0000    0.5135   2
HSB       35.4380   51.2760    0.0000    0.0000       0       0     199       4    0.0000    0.1583   2
KLST      36.5190   51.0590    0.0000    0.0000       0       0     199       0    0.0000    0.2915   2
LAS       35.3800   52.9590    0.0000    0.0000       0       0      17       0    0.0000    0.4468   2
VRN       34.9950   51.7270    0.0000    0.0000       0       0     844       6    0.0000    0.3352   2
MHD       35.6850   50.6670    0.0000    0.0000       0       0     459      18    0.0000    0.2070   2
QOM       34.8420   51.0630    0.0000    0.0000       0       0    1223      60    0.0000    0.1668   2
GZV       36.3860   50.2180    0.0000    0.0000       0       0     588       5    0.0000    0.2266   2
SFB       34.3520   52.2410    0.0000    0.0000       0       0     310       0    0.0000    0.4329   2
RAZ       35.4050   49.9290    0.0000    0.0000       0       0     602     200    0.0000    0.1924   2
JIR1      36.7080   49.8020    0.0000    0.0000       0       0      81       1    0.0000    0.2984   2
LHJ2      37.1660   50.0620    0.0000    0.0000       0       0      26       0    0.0000    0.2586   2
GIDE      36.9230   49.8260    0.0000    0.0000       0       0       7       0    0.0000    0.5262   2
QABG      35.7080   49.5820    0.0000    0.0000       0       0     733      26    0.0000    0.2217   2
KRSH      33.9690   52.1350    0.0000    0.0000       0       0      90       0    0.0000    0.4437   2
QAMS      33.7360   51.3960    0.0000    0.0000       0       0     108       0    0.0000    0.3660   2
QSDN      36.5040   49.1740    0.0000    0.0000       0       0       1       0    0.0000    0.0016   2
HAGD      34.8220   49.1390    0.0000    0.0000       0       0     490       3    0.0000    0.3753   2
KLH       33.3190   51.5780    0.0000    0.0000       0       0      64       0    0.0000    0.5382   2
PRN       36.2420   52.3380    0.0000    0.0000       0       0       3       0    0.0000    0.3512   3
DMV       35.5770   52.0320    0.0000    0.0000       0       0     471       2    0.0000    0.2680   3
TEH       35.7520   51.3890    0.0000    0.0000       0       0       2       0    0.0000    0.0382   3
TEHA      35.7460   51.3870    0.0000    0.0000       0       0       1       0    0.0000    0.3692   3
MZPU      36.4400   51.5690    0.0000    0.0000       0       0       6       0    0.0000    0.1643   3
ALA       36.0830   52.8100    0.0000    0.0000       0       0       1       0    0.0000    0.3249   3
FIR       35.6420   52.7540    0.0000    0.0000       0       0      87       0    0.0000    0.3107   3
HSB       35.4380   51.2760    0.0000    0.0000       0       0     115       5    0.0000    0.2602   3
KLST      36.5190   51.0590    0.0000    0.0000       0       0       4       0    0.0000    0.3222   3
LAS       35.3800   52.9590    0.0000    0.0000       0       0      28       0    0.0000    0.2878   3
VRN       34.9950   51.7270    0.0000    0.0000       0       0     628       6    0.0000    0.2217   3
MHD       35.6850   50.6670    0.0000    0.0000       0       0       7       1    0.0000    0.3691   3
QOM       34.8420   51.0630    0.0000    0.0000       0       0     619      61    0.0000    0.2338   3
GZV       36.3860   50.2180    0.0000    0.0000       0       0      12       0    0.0000    0.6673   3
SFB       34.3520   52.2410    0.0000    0.0000       0       0     640       2    0.0000    0.2538   3
RAZ       35.4050   49.9290    0.0000    0.0000       0       0      17       0    0.0000    0.2739   3
JIR1      36.7080   49.8020    0.0000    0.0000       0       0       1       0    0.0000    0.0574   3
GIDE      36.9230   49.8260    0.0000    0.0000       0       0       1       0    0.0000    0.0184   3
QABG      35.7080   49.5820    0.0000    0.0000       0       0     153       0    0.0000    0.3531   3
KRSH      33.9690   52.1350    0.0000    0.0000       0       0     410       0    0.0000    0.3349   3
QAMS      33.7360   51.3960    0.0000    0.0000       0       0     320       8    0.0000    0.3124   3
HAGD      34.8220   49.1390    0.0000    0.0000       0       0      77       0    0.0000    0.3679   3
KLH       33.3190   51.5780    0.0000    0.0000       0       0     654       1    0.0000    0.1744   3
PRN       36.2420   52.3380    0.0000    0.0000       0       0      36       0    0.0000    0.3947   4
DMV       35.5770   52.0320    0.0000    0.0000       0       0      24       0    0.0000    0.7091   4
MZPU      36.4400   51.5690    0.0000    0.0000       0       0      78       0    0.0000    0.2849   4
ALA       36.0830   52.8100    0.0000    0.0000       0       0       2       0    0.0000    0.5554   4
HSB       35.4380   51.2760    0.0000    0.0000       0       0      14       0    0.0000    0.1676   4
KLST      36.5190   51.0590    0.0000    0.0000       0       0      80       0    0.0000    0.3316   4
VRN       34.9950   51.7270    0.0000    0.0000       0       0       7       0    0.0000    0.4887   4
MHD       35.6850   50.6670    0.0000    0.0000       0       0      57       0    0.0000    0.4341   4
QOM       34.8420   51.0630    0.0000    0.0000       0       0      26       0    0.0000    0.2483   4
GZV       36.3860   50.2180    0.0000    0.0000       0       0      57       1    0.0000    0.1566   4
RAZ       35.4050   49.9290    0.0000    0.0000       0       0      68       0    0.0000    0.3022   4
JIR1      36.7080   49.8020    0.0000    0.0000       0       0     117      50    0.0000    0.2654   4
LHJ2      37.1660   50.0620    0.0000    0.0000       0       0      24       1    0.0000    0.2826   4
QABG      35.7080   49.5820    0.0000    0.0000       0       0      97       0    0.0000    0.1950   4
HAGD      34.8220   49.1390    0.0000    0.0000       0       0      14       0    0.0000    0.5585   4
PRN       36.2420   52.3380    0.0000    0.0000       0       0       1       0    0.0000    0.2144   5
DMV       35.5770   52.0320    0.0000    0.0000       0       0      64       0    0.0000    0.3302   5
MZPU      36.4400   51.5690    0.0000    0.0000       0       0       1       0    0.0000    0.4010   5
ALA       36.0830   52.8100    0.0000    0.0000       0       0       2       0    0.0000    0.5435   5
FIR       35.6420   52.7540    0.0000    0.0000       0       0      34       0    0.0000    0.4506   5
LAS       35.3800   52.9590    0.0000    0.0000       0       0      65       0    0.0000    0.2299   5
VRN       34.9950   51.7270    0.0000    0.0000       0       0     146       0    0.0000    0.1475   5
QOM       34.8420   51.0630    0.0000    0.0000       0       0      12       0    0.0000    0.5531   5
ANJ       35.4680   53.9150    0.0000    0.0000       0       0       3       0    0.0000    0.1664   5
SFB       34.3520   52.2410    0.0000    0.0000       0       0     146      30    0.0000    0.1357   5
KRSH      33.9690   52.1350    0.0000    0.0000       0       0     122       0    0.0000    0.1609   5
QAMS      33.7360   51.3960    0.0000    0.0000       0       0     124       0    0.0000    0.1915   5
KLH       33.3190   51.5780    0.0000    0.0000       0       0     140       0    0.0000    0.1785   5
PRN       36.2420   52.3380    0.0000    0.0000       0       0       2       0    0.0000    0.6036   6
DMV       35.5770   52.0320    0.0000    0.0000       0       0     103       0    0.0000    0.3349   6
MZPU      36.4400   51.5690    0.0000    0.0000       0       0       5       0    0.0000    0.2803   6
FIR       35.6420   52.7540    0.0000    0.0000       0       0      13       0    0.0000    0.2332   6
HSB       35.4380   51.2760    0.0000    0.0000       0       0      40       0    0.0000    0.2230   6
KLST      36.5190   51.0590    0.0000    0.0000       0       0       3       0    0.0000    0.2752   6
LAS       35.3800   52.9590    0.0000    0.0000       0       0       3       0    0.0000    0.4571   6
VRN       34.9950   51.7270    0.0000    0.0000       0       0      89       1    0.0000    0.2553   6
MHD       35.6850   50.6670    0.0000    0.0000       0       0      62       0    0.0000    0.2354   6
QOM       34.8420   51.0630    0.0000    0.0000       0       0     135       5    0.0000    0.4302   6
GZV       36.3860   50.2180    0.0000    0.0000       0       0      51       0    0.0000    0.2713   6
SFB       34.3520   52.2410    0.0000    0.0000       0       0      34       0    0.0000    0.3531   6
RAZ       35.4050   49.9290    0.0000    0.0000       0       0      85      10    0.0000    0.1566   6
JIR1      36.7080   49.8020    0.0000    0.0000       0       0       2       0    0.0000    0.9260   6
QABG      35.7080   49.5820    0.0000    0.0000       0       0     110       0    0.0000    0.2511   6
KRSH      33.9690   52.1350    0.0000    0.0000       0       0       1       0    0.0000    0.3509   6
QAMS      33.7360   51.3960    0.0000    0.0000       0       0      15       0    0.0000    0.4268   6
HAGD      34.8220   49.1390    0.0000    0.0000       0       0      91       1    0.0000    0.2081   6
KLH       33.3190   51.5780    0.0000    0.0000       0       0      57       0    0.0000    0.2472   6
DMV       35.5770   52.0320    0.0000    0.0000       0       0      34       0    0.0000    0.5293   7
ALA       36.0830   52.8100    0.0000    0.0000       0       0       3       0    0.0000    1.1024   7
FIR       35.6420   52.7540    0.0000    0.0000       0       0      25       0    0.0000    0.4995   7
LAS       35.3800   52.9590    0.0000    0.0000       0       0      46       0    0.0000    0.5624   7
VRN       34.9950   51.7270    0.0000    0.0000       0       0      45       0    0.0000    0.3792   7
SHM       35.8060   53.2840    0.0000    0.0000       0       0       5       0    0.0000    0.5378   7
KIA       36.2070   53.6840    0.0000    0.0000       0       0       2       0    0.0000    0.1088   7
QOM       34.8420   51.0630    0.0000    0.0000       0       0       1       0    0.0000    0.1109   7
ANJ       35.4680   53.9150    0.0000    0.0000       0       0      13       0    0.0000    0.4988   7
SFB       34.3520   52.2410    0.0000    0.0000       0       0      27       0    0.0000    0.2983   7
KRSH      33.9690   52.1350    0.0000    0.0000       0       0      35       0    0.0000    0.2076   7
QAMS      33.7360   51.3960    0.0000    0.0000       0       0      13       0    0.0000    0.7531   7
KLH       33.3190   51.5780    0.0000    0.0000       0       0      24       0    0.0000    0.4632   7
PRN       36.2420   52.3380    0.0000    0.0000       0       0       1       0    0.0000    0.8793   8
DMV       35.5770   52.0320    0.0000    0.0000       0       0      16       0    0.0000    0.9153   8
TEH       35.7520   51.3890    0.0000    0.0000       0       0       1       0    0.0000    1.0698   8
MZPU      36.4400   51.5690    0.0000    0.0000       0       0       9       0    0.0000    0.5767   8
HSB       35.4380   51.2760    0.0000    0.0000       0       0       2       0    0.0000    0.3323   8
KLST      36.5190   51.0590    0.0000    0.0000       0       0      23       0    0.0000    0.6623   8
VRN       34.9950   51.7270    0.0000    0.0000       0       0       7       0    0.0000    0.4640   8
MHD       35.6850   50.6670    0.0000    0.0000       0       0      10       0    0.0000    0.2563   8
QOM       34.8420   51.0630    0.0000    0.0000       0       0      25       0    0.0000    0.4005   8
GZV       36.3860   50.2180    0.0000    0.0000       0       0      13       0    0.0000    0.2128   8
RAZ       35.4050   49.9290    0.0000    0.0000       0       0      15       0    0.0000    0.2385   8
JIR1      36.7080   49.8020    0.0000    0.0000       0       0      27       0    0.0000    0.4428   8
LHJ2      37.1660   50.0620    0.0000    0.0000       0       0       1       0    0.0000    0.0022   8
QABG      35.7080   49.5820    0.0000    0.0000       0       0      31       4    0.0000    0.3644   8
HAGD      34.8220   49.1390    0.0000    0.0000       0       0       8       0    0.0000    0.5354   8
DMV       35.5770   52.0320    0.0000    0.0000       0       0      13       0    0.0000    0.4484   9
TEH       35.7520   51.3890    0.0000    0.0000       0       0       1       0    0.0000    0.0378   9
FIR       35.6420   52.7540    0.0000    0.0000       0       0       4       0    0.0000    0.2792   9
HSB       35.4380   51.2760    0.0000    0.0000       0       0       6       0    0.0000    0.1421   9
LAS       35.3800   52.9590    0.0000    0.0000       0       0       1       0    0.0000    0.1433   9
VRN       34.9950   51.7270    0.0000    0.0000       0       0      16       0    0.0000    0.1836   9
MHD       35.6850   50.6670    0.0000    0.0000       0       0       3       0    0.0000    0.2212   9
QOM       34.8420   51.0630    0.0000    0.0000       0       0      13       0    0.0000    0.2766   9
ANJ       35.4680   53.9150    0.0000    0.0000       0       0       1       0    0.0000    0.1390   9
SFB       34.3520   52.2410    0.0000    0.0000       0       0      16       1    0.0000    0.2559   9
RAZ       35.4050   49.9290    0.0000    0.0000       0       0       2       0    0.0000    0.0717   9
QABG      35.7080   49.5820    0.0000    0.0000       0       0       3       0    0.0000    0.5271   9
KRSH      33.9690   52.1350    0.0000    0.0000       0       0      11       0    0.0000    0.1739   9
QAMS      33.7360   51.3960    0.0000    0.0000       0       0      15       1    0.0000    0.3275   9
HAGD      34.8220   49.1390    0.0000    0.0000       0       0       1       0    0.0000    0.0611   9
KLH       33.3190   51.5780    0.0000    0.0000       0       0      13       0    0.0000    0.3115   9
DMV       35.5770   52.0320    0.0000    0.0000       0       0      28       0    0.0000    0.1208  10
ALA       36.0830   52.8100    0.0000    0.0000       0       0       1       0    0.0000    0.9720  10
FIR       35.6420   52.7540    0.0000    0.0000       0       0      10       0    0.0000    0.3969  10
LAS       35.3800   52.9590    0.0000    0.0000       0       0      15       0    0.0000    0.3543  10
VRN       34.9950   51.7270    0.0000    0.0000       0       0      45       0    0.0000    0.4586  10
QOM       34.8420   51.0630    0.0000    0.0000       0       0      45      15    0.0000    0.6955  10
GZV       36.3860   50.2180    0.0000    0.0000       0       0       1       0    0.0000    0.0165  10
SFB       34.3520   52.2410    0.0000    0.0000       0       0      45       0    0.0000    0.1540  10
KRSH      33.9690   52.1350    0.0000    0.0000       0       0      28       0    0.0000    0.2783  10
QAMS      33.7360   51.3960    0.0000    0.0000       0       0      28       0    0.0000    0.4323  10
KLH       33.3190   51.5780    0.0000    0.0000       0       0      27       0    0.0000    0.2863  10
DMV       35.5770   52.0320    0.0000    0.0000       0       0       6       0    0.0000    0.2448  11
FIR       35.6420   52.7540    0.0000    0.0000       0       0       3       0    0.0000    0.2881  11
LAS       35.3800   52.9590    0.0000    0.0000       0       0       3       0    0.0000    0.3270  11
VRN       34.9950   51.7270    0.0000    0.0000       0       0       6       4    0.0000    0.2719  11
QOM       34.8420   51.0630    0.0000    0.0000       0       0       6       1    0.0000    0.2741  11
SFB       34.3520   52.2410    0.0000    0.0000       0       0       5       0    0.0000    0.3550  11
KRSH      33.9690   52.1350    0.0000    0.0000       0       0       5       0    0.0000    0.2384  11
QAMS      33.7360   51.3960    0.0000    0.0000       0       0       4       0    0.0000    0.3453  11
KLH       33.3190   51.5780    0.0000    0.0000       0       0       3       0    0.0000    0.2278  11
PRN       36.2420   52.3380    0.0000    0.0000       0       0       1       0    0.0000    0.3554  12
DMV       35.5770   52.0320    0.0000    0.0000       0       0       1       0    0.0000    1.1878  12
ALA       36.0830   52.8100    0.0000    0.0000       0       0       1       0    0.0000    0.1989  12
LAS       35.3800   52.9590    0.0000    0.0000       0       0       1       0    0.0000    0.0819  12
KIA       36.2070   53.6840    0.0000    0.0000       0       0       2       0    0.0000    0.2022  12
GLO       36.5020   53.8310    0.0000    0.0000       0       0       2       1    0.0000    0.2546  12
DMV       35.5770   52.0320    0.0000    0.0000       0       0      12       0    0.0000    0.1889  13
MZPU      36.4400   51.5690    0.0000    0.0000       0       0      17       0    0.0000    0.3520  13
FIR       35.6420   52.7540    0.0000    0.0000       0       0       4       0    0.0000    0.5851  13
HSB       35.4380   51.2760    0.0000    0.0000       0       0       1       0    0.0000    0.8348  13
KLST      36.5190   51.0590    0.0000    0.0000       0       0       3       0    0.0000    0.1537  13
VRN       34.9950   51.7270    0.0000    0.0000       0       0       8       0    0.0000    0.2863  13
MHD       35.6850   50.6670    0.0000    0.0000       0       0       1       0    0.0000    0.2597  13
QOM       34.8420   51.0630    0.0000    0.0000       0       0       5       0    0.0000    0.3211  13
GZV       36.3860   50.2180    0.0000    0.0000       0       0      16       1    0.0000    0.3251  13
SFB       34.3520   52.2410    0.0000    0.0000       0       0      15       0    0.0000    0.3592  13
JIR1      36.7080   49.8020    0.0000    0.0000       0       0       1       0    0.0000    0.0772  13
QABG      35.7080   49.5820    0.0000    0.0000       0       0      16       0    0.0000    0.3078  13
KRSH      33.9690   52.1350    0.0000    0.0000       0       0       2       0    0.0000    0.7393  13
HAGD      34.8220   49.1390    0.0000    0.0000       0       0       1       0    0.0000    0.0492  13
PRN       36.2420   52.3380    0.0000    0.0000       0       0       7       0    0.0000    0.4115  14
DMV       35.5770   52.0320    0.0000    0.0000       0       0       6       0    0.0000    0.4512  14
TEH       35.7520   51.3890    0.0000    0.0000       0       0       3       0    0.0000    0.1445  14
TEHA      35.7460   51.3870    0.0000    0.0000       0       0       1       0    0.0000    0.1315  14
MZPU      36.4400   51.5690    0.0000    0.0000       0       0      28       0    0.0000    0.2794  14
ALA       36.0830   52.8100    0.0000    0.0000       0       0       7       0    0.0000    0.5745  14
FIR       35.6420   52.7540    0.0000    0.0000       0       0       6       0    0.0000    0.4061  14
HSB       35.4380   51.2760    0.0000    0.0000       0       0      14       0    0.0000    0.3358  14
KLST      36.5190   51.0590    0.0000    0.0000       0       0      28       1    0.0000    0.2315  14
VRN       34.9950   51.7270    0.0000    0.0000       0       0      27       1    0.0000    0.2291  14
MHD       35.6850   50.6670    0.0000    0.0000       0       0      15       0    0.0000    0.1713  14
QOM       34.8420   51.0630    0.0000    0.0000       0       0      25       0    0.0000    0.2673  14
SFB       34.3520   52.2410    0.0000    0.0000       0       0       7       0    0.0000    0.4909  14
RAZ       35.4050   49.9290    0.0000    0.0000       0       0      15       0    0.0000    0.2819  14
JIR1      36.7080   49.8020    0.0000    0.0000       0       0       6       0    0.0000    0.4289  14
LHJ2      37.1660   50.0620    0.0000    0.0000       0       0      10       0    0.0000    0.1053  14
QABG      35.7080   49.5820    0.0000    0.0000       0       0      10       0    0.0000    0.1519  14
PRN       36.2420   52.3380    0.0000    0.0000       0       0       3       0    0.0000    0.5943  15
DMV       35.5770   52.0320    0.0000    0.0000       0       0       1       0    0.0000    0.8007  15
ALA       36.0830   52.8100    0.0000    0.0000       0       0       2       0    0.0000    0.7949  15
FIR       35.6420   52.7540    0.0000    0.0000       0       0       3       0    0.0000    0.2310  15
LAS       35.3800   52.9590    0.0000    0.0000       0       0       1       0    0.0000    0.3623  15
GLO       36.5020   53.8310    0.0000    0.0000       0       0       3       3    0.0000    1.3582  15
ANJ       35.4680   53.9150    0.0000    0.0000       0       0       3       0    0.0000    0.1637  15
PRN       36.2420   52.3380    0.0000    0.0000       0       0       3       0    0.0000    0.4986  16
DMV       35.5770   52.0320    0.0000    0.0000       0       0       3       0    0.0000    0.6220  16
MZPU      36.4400   51.5690    0.0000    0.0000       0       0       1       0    0.0000    0.5685  16
ALA       36.0830   52.8100    0.0000    0.0000       0       0       2       0    0.0000    0.3698  16
FIR       35.6420   52.7540    0.0000    0.0000       0       0       3       0    0.0000    0.5136  16
LAS       35.3800   52.9590    0.0000    0.0000       0       0       3       0    0.0000    0.3083  16
GLO       36.5020   53.8310    0.0000    0.0000       0       0       3       0    0.0000    0.5863  16
ANJ       35.4680   53.9150    0.0000    0.0000       0       0       1       0    0.0000    0.7372  16
DMV       35.5770   52.0320    0.0000    0.0000       0       0       2       0    0.0000    0.5120  17
FIR       35.6420   52.7540    0.0000    0.0000       0       0       1       0    0.0000    0.2777  17
LAS       35.3800   52.9590    0.0000    0.0000       0       0       1       0    0.0000    0.1888  17
VRN       34.9950   51.7270    0.0000    0.0000       0       0       2       0    0.0000    1.0580  17
SFB       34.3520   52.2410    0.0000    0.0000       0       0       2       2    0.0000    0.1623  17
KRSH      33.9690   52.1350    0.0000    0.0000       0       0       3       1    0.0000    0.1971  17
QAMS      33.7360   51.3960    0.0000    0.0000       0       0       1       0    0.0000    0.6288  17
KLH       33.3190   51.5780    0.0000    0.0000       0       0       3       0    0.0000    0.3187  17
DMV       35.5770   52.0320    0.0000    0.0000       0       0       2       1    0.0000    0.2465  18
FIR       35.6420   52.7540    0.0000    0.0000       0       0       1       0    0.0000    0.2496  18
LAS       35.3800   52.9590    0.0000    0.0000       0       0       1       0    0.0000    0.4802  18
VRN       34.9950   51.7270    0.0000    0.0000       0       0       2       0    0.0000    0.1981  18
QOM       34.8420   51.0630    0.0000    0.0000       0       0       1       0    0.0000    0.1288  18
SFB       34.3520   52.2410    0.0000    0.0000       0       0       1       0    0.0000    0.2034  18
KRSH      33.9690   52.1350    0.0000    0.0000       0       0       2       1    0.0000    0.2193  18
QAMS      33.7360   51.3960    0.0000    0.0000       0       0       2       0    0.0000    0.2790  18
KLH       33.3190   51.5780    0.0000    0.0000       0       0       2       0    0.0000    0.0529  18
MZPU      36.4400   51.5690    0.0000    0.0000       0       0       6       0    0.0000    0.5089  19
ALA       36.0830   52.8100    0.0000    0.0000       0       0       1       0    0.0000    0.0037  19
KLST      36.5190   51.0590    0.0000    0.0000       0       0       6       0    0.0000    0.6188  19
GZV       36.3860   50.2180    0.0000    0.0000       0       0       6       0    0.0000    0.5164  19
JIR1      36.7080   49.8020    0.0000    0.0000       0       0       3       0    0.0000    0.9496  19
LHJ2      37.1660   50.0620    0.0000    0.0000       0       0       6       0    0.0000    0.3369  19
QABG      35.7080   49.5820    0.0000    0.0000       0       0       6       0    0.0000    0.6692  19
PRN       36.2420   52.3380    0.0000    0.0000       0       0       1       0    0.0000    0.1624  20
DMV       35.5770   52.0320    0.0000    0.0000       0       0       1       0    0.0000    0.3720  20
FIR       35.6420   52.7540    0.0000    0.0000       0       0       1       0    0.0000    0.2269  20
HSB       35.4380   51.2760    0.0000    0.0000       0       0       1       0    0.0000    0.6231  20
VRN       34.9950   51.7270    0.0000    0.0000       0       0       1       0    0.0000    0.4511  20
MHD       35.6850   50.6670    0.0000    0.0000       0       0       1       0    0.0000    0.2527  20
QOM       34.8420   51.0630    0.0000    0.0000       0       0       2       0    0.0000    0.3296  20
SFB       34.3520   52.2410    0.0000    0.0000       0       0       1       0    0.0000    0.8490  20
RAZ       35.4050   49.9290    0.0000    0.0000       0       0       2       1    0.0000    0.2337  20
QABG      35.7080   49.5820    0.0000    0.0000       0       0       1       0    0.0000    0.1806  20
KRSH      33.9690   52.1350    0.0000    0.0000       0       0       1       0    0.0000    0.1864  20
QAMS      33.7360   51.3960    0.0000    0.0000       0       0       1       0    0.0000    0.1098  20
HAGD      34.8220   49.1390    0.0000    0.0000       0       0       1       0    0.0000    0.1076  20
KLH       33.3190   51.5780    0.0000    0.0000       0       0       1       0    0.0000    0.2494  20
DMV       35.5770   52.0320    0.0000    0.0000       0       0       2       1    0.0000    0.5469  21
FIR       35.6420   52.7540    0.0000    0.0000       0       0       1       0    0.0000    0.1150  21
VRN       34.9950   51.7270    0.0000    0.0000       0       0       1       0    0.0000    0.8831  21
QOM       34.8420   51.0630    0.0000    0.0000       0       0       2       0    0.0000    0.9344  21
SFB       34.3520   52.2410    0.0000    0.0000       0       0       2       0    0.0000    1.0163  21
KRSH      33.9690   52.1350    0.0000    0.0000       0       0       2       0    0.0000    1.2392  21
QAMS      33.7360   51.3960    0.0000    0.0000       0       0       2       0    0.0000    1.6128  21
KLH       33.3190   51.5780    0.0000    0.0000       0       0       1       0    0.0000    1.4821  21
PRN       36.2420   52.3380    0.0000    0.0000       0       0       6       3    0.0000    0.3120  22
DMV       35.5770   52.0320    0.0000    0.0000       0       0       6       0    0.0000    0.2450  22
MZPU      36.4400   51.5690    0.0000    0.0000       0       0       3       0    0.0000    0.1156  22
ALA       36.0830   52.8100    0.0000    0.0000       0       0       6       0    0.0000    0.2023  22
FIR       35.6420   52.7540    0.0000    0.0000       0       0       6       0    0.0000    0.3079  22
LAS       35.3800   52.9590    0.0000    0.0000       0       0       6       0    0.0000    0.0391  22
VRN       34.9950   51.7270    0.0000    0.0000       0       0       3       0    0.0000    0.4670  22
QOM       34.8420   51.0630    0.0000    0.0000       0       0       1       0    0.0000    0.7799  22
GLO       36.5020   53.8310    0.0000    0.0000       0       0       6       0    0.0000    0.6075  22
ANJ       35.4680   53.9150    0.0000    0.0000       0       0       3       0    0.0000    0.6156  22
QABG      35.7080   49.5820    0.0000    0.0000       0       0       3       0    0.0000    0.5383  22
DMV       35.5770   52.0320    0.0000    0.0000       0       0       6       0    0.0000    0.1011  23
FIR       35.6420   52.7540    0.0000    0.0000       0       0       6       0    0.0000    0.3976  23
LAS       35.3800   52.9590    0.0000    0.0000       0       0       6       0    0.0000    0.2332  23
VRN       34.9950   51.7270    0.0000    0.0000       0       0       3       0    0.0000    0.2810  23
QOM       34.8420   51.0630    0.0000    0.0000       0       0       1       0    0.0000    0.0422  23
ANJ       35.4680   53.9150    0.0000    0.0000       0       0       3       0    0.0000    0.5393  23
SFB       34.3520   52.2410    0.0000    0.0000       0       0       6       0    0.0000    0.2107  23
KRSH      33.9690   52.1350    0.0000    0.0000       0       0       3       0    0.0000    0.5185  23
QAMS      33.7360   51.3960    0.0000    0.0000       0       0       1       0    0.0000    0.3009  23
KLH       33.3190   51.5780    0.0000    0.0000       0       0       6       0    0.0000    0.3851  23
PRN       36.2420   52.3380    0.0000    0.0000       0       0       1       0    0.0000    0.1093  24
MZPU      36.4400   51.5690    0.0000    0.0000       0       0       1       0    0.0000    0.0165  24
ALA       36.0830   52.8100    0.0000    0.0000       0       0       1       0    0.0000    0.4033  24
KLST      36.5190   51.0590    0.0000    0.0000       0       0       1       0    0.0000    1.0468  24
LAS       35.3800   52.9590    0.0000    0.0000       0       0       1       0    0.0000    0.3106  24
GLO       36.5020   53.8310    0.0000    0.0000       0       0       1       0    0.0000    0.4581  24
PRN       36.2420   52.3380    0.0000    0.0000       0       0       6       0    0.0000    0.3923  25
DMV       35.5770   52.0320    0.0000    0.0000       0       0       6       0    0.0000    0.5884  25
MZPU      36.4400   51.5690    0.0000    0.0000       0       0       3       0    0.0000    0.2915  25
ALA       36.0830   52.8100    0.0000    0.0000       0       0       6       0    0.0000    0.3240  25
FIR       35.6420   52.7540    0.0000    0.0000       0       0       3       0    0.0000    0.3830  25
KLST      36.5190   51.0590    0.0000    0.0000       0       0       1       0    0.0000    0.1347  25
LAS       35.3800   52.9590    0.0000    0.0000       0       0       1       0    0.0000    0.2077  25
VRN       34.9950   51.7270    0.0000    0.0000       0       0       6       0    0.0000    0.2826  25
QOM       34.8420   51.0630    0.0000    0.0000       0       0       1       0    0.0000    0.2648  25
GZV       36.3860   50.2180    0.0000    0.0000       0       0       1       0    0.0000    0.2204  25
GLO       36.5020   53.8310    0.0000    0.0000       0       0       3       0    0.0000    0.5084  25
SFB       34.3520   52.2410    0.0000    0.0000       0       0       3       0    0.0000    0.3916  25
DMV       35.5770   52.0320    0.0000    0.0000       0       0       3       0    0.0000    0.4282  26
FIR       35.6420   52.7540    0.0000    0.0000       0       0       1       0    0.0000    0.9290  26
LAS       35.3800   52.9590    0.0000    0.0000       0       0       3       0    0.0000    0.2303  26
VRN       34.9950   51.7270    0.0000    0.0000       0       0       3       0    0.0000    0.1984  26
SFB       34.3520   52.2410    0.0000    0.0000       0       0       3       0    0.0000    0.1813  26
KRSH      33.9690   52.1350    0.0000    0.0000       0       0       2       0    0.0000    0.1427  26
QAMS      33.7360   51.3960    0.0000    0.0000       0       0       2       0    0.0000    0.2272  26
KLH       33.3190   51.5780    0.0000    0.0000       0       0       1       0    0.0000    0.3695  26
DMV       35.5770   52.0320    0.0000    0.0000       0       0       1       0    0.0000    0.2038  27
HSB       35.4380   51.2760    0.0000    0.0000       0       0       1       0    0.0000    0.4541  27
VRN       34.9950   51.7270    0.0000    0.0000       0       0       1       0    0.0000    0.1473  27
QOM       34.8420   51.0630    0.0000    0.0000       0       0       1       0    0.0000    0.2253  27
SFB       34.3520   52.2410    0.0000    0.0000       0       0       1       0    0.0000    0.4351  27
QABG      35.7080   49.5820    0.0000    0.0000       0       0       1       0    0.0000    0.2877  27
DMV       35.5770   52.0320    0.0000    0.0000       0       0       3       0    0.0000    0.2478  28
MZPU      36.4400   51.5690    0.0000    0.0000       0       0       1       0    0.0000    0.4870  28
ALA       36.0830   52.8100    0.0000    0.0000       0       0       2       0    0.0000    0.4422  28
FIR       35.6420   52.7540    0.0000    0.0000       0       0       3       0    0.0000    0.1438  28
LAS       35.3800   52.9590    0.0000    0.0000       0       0       3       0    0.0000    0.0905  28
VRN       34.9950   51.7270    0.0000    0.0000       0       0       3       0    0.0000    0.1689  28
QOM       34.8420   51.0630    0.0000    0.0000       0       0       1       0    0.0000    0.2452  28
SFB       34.3520   52.2410    0.0000    0.0000       0       0       3       0    0.0000    0.3541  28
QAMS      33.7360   51.3960    0.0000    0.0000       0       0       1       0    0.0000    0.3008  28
KLH       33.3190   51.5780    0.0000    0.0000       0       0       1       0    0.0000    0.1388  28
DMV       35.5770   52.0320    0.0000    0.0000       0       0       1       0    0.0000    0.4069  29
FIR       35.6420   52.7540    0.0000    0.0000       0       0       1       0    0.0000    0.1738  29
HSB       35.4380   51.2760    0.0000    0.0000       0       0       1       1    0.0000    0.2517  29
LAS       35.3800   52.9590    0.0000    0.0000       0       0       1       0    0.0000    0.4704  29
VRN       34.9950   51.7270    0.0000    0.0000       0       0       1       0    0.0000    0.2636  29
QOM       34.8420   51.0630    0.0000    0.0000       0       0       1       0    0.0000    0.4185  29
GZV       36.3860   50.2180    0.0000    0.0000       0       0       1       0    0.0000    0.3500  29
SFB       34.3520   52.2410    0.0000    0.0000       0       0       1       0    0.0000    0.3845  29
KLH       33.3190   51.5780    0.0000    0.0000       0       0       1       0    0.0000    0.0322  29
DMV       35.5770   52.0320    0.0000    0.0000       0       0       3       0    0.0000    0.1960  30
FIR       35.6420   52.7540    0.0000    0.0000       0       0       1       0    0.0000    0.3485  30
LAS       35.3800   52.9590    0.0000    0.0000       0       0       3       0    0.0000    0.6540  30
VRN       34.9950   51.7270    0.0000    0.0000       0       0       3       0    0.0000    0.5360  30
QOM       34.8420   51.0630    0.0000    0.0000       0       0       3       0    0.0000    0.1922  30
SFB       34.3520   52.2410    0.0000    0.0000       0       0       3       1    0.0000    0.1654  30
KLH       33.3190   51.5780    0.0000    0.0000       0       0       3       0    0.0000    0.1778  30
PRN       36.2420   52.3380    0.0000    0.0000       0       0       2       0    0.0000    0.2325  31
DMV       35.5770   52.0320    0.0000    0.0000       0       0       1       0    0.0000    0.2315  31
MZPU      36.4400   51.5690    0.0000    0.0000       0       0       2       0    0.0000    0.3147  31
ALA       36.0830   52.8100    0.0000    0.0000       0       0       2       0    0.0000    0.0660  31
HSB       35.4380   51.2760    0.0000    0.0000       0       0       1       0    0.0000    0.2166  31
VRN       34.9950   51.7270    0.0000    0.0000       0       0       2       0    0.0000    0.3971  31
QOM       34.8420   51.0630    0.0000    0.0000       0       0       1       0    0.0000    0.3358  31
SFB       34.3520   52.2410    0.0000    0.0000       0       0       2       0    0.0000    0.4390  31
QABG      35.7080   49.5820    0.0000    0.0000       0       0       2       0    0.0000    0.3847  31
QOM       34.8420   51.0630    0.0000    0.0000       0       0       1       0    0.0000    0.2818  33
SFB       34.3520   52.2410    0.0000    0.0000       0       0       1       0    0.0000    0.2196  33
RAZ       35.4050   49.9290    0.0000    0.0000       0       0       1       0    0.0000    0.0144  33
QABG      35.7080   49.5820    0.0000    0.0000       0       0       1       0    0.0000    0.6726  33
KRSH      33.9690   52.1350    0.0000    0.0000       0       0       1       0    0.0000    0.0844  33
QAMS      33.7360   51.3960    0.0000    0.0000       0       0       1       0    0.0000    0.7625  33
KLH       33.3190   51.5780    0.0000    0.0000       0       0       1       0    0.0000    0.4771  33
MZPU      36.4400   51.5690    0.0000    0.0000       0       0       1       0    0.0000    0.2624  34
GZV       36.3860   50.2180    0.0000    0.0000       0       0       1       1    0.0000    0.3266  34
LHJ2      37.1660   50.0620    0.0000    0.0000       0       0       1       0    0.0000    0.0220  34
GIDE      36.9230   49.8260    0.0000    0.0000       0       0       1       0    0.0000    0.0541  34
QABG      35.7080   49.5820    0.0000    0.0000       0       0       1       0    0.0000    0.0687  34
PRN       36.2420   52.3380    0.0000    0.0000       0       0       1       0    0.0000    0.2170  35
DMV       35.5770   52.0320    0.0000    0.0000       0       0       1       0    0.0000    0.0595  35
MZPU      36.4400   51.5690    0.0000    0.0000       0       0       1       0    0.0000    0.1354  35
ALA       36.0830   52.8100    0.0000    0.0000       0       0       1       0    0.0000    0.4313  35
LAS       35.3800   52.9590    0.0000    0.0000       0       0       1       0    0.0000    0.7536  35
GLO       36.5020   53.8310    0.0000    0.0000       0       0       1       0    0.0000    0.2202  35
VRN       34.9950   51.7270    0.0000    0.0000       0       0       1       0    0.0000    0.1320  36
SFB       34.3520   52.2410    0.0000    0.0000       0       0       1       0    0.0000    0.0120  36
KRSH      33.9690   52.1350    0.0000    0.0000       0       0       1       1    0.0000    0.0890  36
QAMS      33.7360   51.3960    0.0000    0.0000       0       0       1       0    0.0000    0.2634  36
KLH       33.3190   51.5780    0.0000    0.0000       0       0       1       0    0.0000    0.3499  36
PRN       36.2420   52.3380    0.0000    0.0000       0       0       1       0    0.0000    0.6478  37
DMV       35.5770   52.0320    0.0000    0.0000       0       0       1       0    0.0000    0.6716  37
ALA       36.0830   52.8100    0.0000    0.0000       0       0       1       0    0.0000    0.3985  37
FIR       35.6420   52.7540    0.0000    0.0000       0       0       1       0    0.0000    0.1399  37
LAS       35.3800   52.9590    0.0000    0.0000       0       0       1       0    0.0000    0.3260  37
GLO       36.5020   53.8310    0.0000    0.0000       0       0       1       0    0.0000    0.0223  37
DMV       35.5770   52.0320    0.0000    0.0000       0       0       1       0    0.0000    0.0066  39
FIR       35.6420   52.7540    0.0000    0.0000       0       0       1       0    0.0000    0.5760  39
LAS       35.3800   52.9590    0.0000    0.0000       0       0       1       0    0.0000    0.5508  39
VRN       34.9950   51.7270    0.0000    0.0000       0       0       1       0    0.0000    0.3452  39
QOM       34.8420   51.0630    0.0000    0.0000       0       0       1       0    0.0000    0.3298  39
SFB       34.3520   52.2410    0.0000    0.0000       0       0       1       0    0.0000    0.0207  39
QAMS      33.7360   51.3960    0.0000    0.0000       0       0       1       0    0.0000    0.1773  39
KLH       33.3190   51.5780    0.0000    0.0000       0       0       1       0    0.0000    0.0526  39
LAS       35.3800   52.9590    0.0000    0.0000       0       0       1       0    0.0000    0.1649  40
VRN       34.9950   51.7270    0.0000    0.0000       0       0       1       0    0.0000    0.0338  40
QOM       34.8420   51.0630    0.0000    0.0000       0       0       1       0    0.0000    0.1167  40
SFB       34.3520   52.2410    0.0000    0.0000       0       0       1       0    0.0000    0.0003  40
QAMS      33.7360   51.3960    0.0000    0.0000       0       0       1       0    0.0000    0.3389  40
KLH       33.3190   51.5780    0.0000    0.0000       0       0       1       0    0.0000    0.1151  40
DMV       35.5770   52.0320    0.0000    0.0000       0       0       1       0    0.0000    0.3569  41
VRN       34.9950   51.7270    0.0000    0.0000       0       0       1       0    0.0000    0.0165  41
QOM       34.8420   51.0630    0.0000    0.0000       0       0       1       0    0.0000    0.0116  41
QAMS      33.7360   51.3960    0.0000    0.0000       0       0       1       0    0.0000    0.5164  41
KLH       33.3190   51.5780    0.0000    0.0000       0       0       1       1    0.0000    0.2916  41
DMV       35.5770   52.0320    0.0000    0.0000       0       0       1       0    0.0000    0.2162  42
SFB       34.3520   52.2410    0.0000    0.0000       0       0       1       1    0.0000    0.2094  42
KRSH      33.9690   52.1350    0.0000    0.0000       0       0       1       0    0.0000    0.1988  42
QAMS      33.7360   51.3960    0.0000    0.0000       0       0       1       0    0.0000    0.2682  42
KLH       33.3190   51.5780    0.0000    0.0000       0       0       1       0    0.0000    0.5007  42
PRN       36.2420   52.3380    0.0000    0.0000       0       0       1       0    0.0000    0.9366  44
MHD       35.6850   50.6670    0.0000    0.0000       0       0       1       0    0.0000    1.1552  44
QOM       34.8420   51.0630    0.0000    0.0000       0       0       1       0    0.0000    0.7416  44
GZV       36.3860   50.2180    0.0000    0.0000       0       0       1       0    0.0000    0.5858  44
RAZ       35.4050   49.9290    0.0000    0.0000       0       0       1       0    0.0000    1.1594  44
JIR1      36.7080   49.8020    0.0000    0.0000       0       0       1       0    0.0000    0.6835  44
QABG      35.7080   49.5820    0.0000    0.0000       0       0       1       0    0.0000    0.7457  44
HAGD      34.8220   49.1390    0.0000    0.0000       0       0       1       0    0.0000    0.9496  44
LHJ2      37.1660   50.0620    0.0000    0.0000       0       0       1       0    0.0000    0.4419  45
QABG      35.7080   49.5820    0.0000    0.0000       0       0       1       0    0.0000    0.7527  45
MZPU      36.4400   51.5690    0.0000    0.0000       0       0       1       0    0.0000    0.0847  46
KLST      36.5190   51.0590    0.0000    0.0000       0       0       1       1    0.0000    0.0343  46
MHD       35.6850   50.6670    0.0000    0.0000       0       0       1       0    0.0000    0.1483  46
GZV       36.3860   50.2180    0.0000    0.0000       0       0       1       0    0.0000    0.0121  46
QABG      35.7080   49.5820    0.0000    0.0000       0       0       1       0    0.0000    0.0916  46
PRN       36.2420   52.3380    0.0000    0.0000       0       0       1       0    0.0000    0.6529  49
DMV       35.5770   52.0320    0.0000    0.0000       0       0       1       0    0.0000    0.8835  49
MZPU      36.4400   51.5690    0.0000    0.0000       0       0       1       0    0.0000    0.4462  49
KLST      36.5190   51.0590    0.0000    0.0000       0       0       1       0    0.0000    0.7087  49
MHD       35.6850   50.6670    0.0000    0.0000       0       0       1       0    0.0000    0.1258  49
RAZ       35.4050   49.9290    0.0000    0.0000       0       0       1       0    0.0000    0.1537  49
JIR1      36.7080   49.8020    0.0000    0.0000       0       0       1       0    0.0000    0.0441  49
