BNB       27.4490   56.5400    0.0000    0.0000       0       0     348     206    0.0000    0.4595   1
BNDS      27.3990   56.1710    0.0000    0.0000       0       0     434       1    0.0000    0.2196   1
CHMN      29.8610   57.5400    0.0000    0.0000       0       0     384       0    0.0000    0.2291   1
GHIR      28.2860   52.9870    0.0000    0.0000       0       0     396       0    0.0000    0.7680   1
JASK      25.8670   57.8660    0.0000    0.0000       0       0     299       0    0.0000    0.3923   1
JHRM      28.5050   53.5770    0.0000    0.0000       0       0      19       0    0.0000    0.7042   1
JSSH      25.9090   57.3870    0.0000    0.0000       0       0     316       0    0.0000    0.5322   1
KBAM      29.1360   58.4520    0.0000    0.0000       0       0     427       0    0.0000    0.2353   1
KHGB      30.3750   56.4770    0.0000    0.0000       0       0     211       0    0.0000    0.3025   1
KRBR      29.9830   56.7600    0.0000    0.0000       0       0     166       0    0.0000    1.1949   1
KSHB      30.2410   55.1170    0.0000    0.0000       0       0     162       0    0.0000    0.5767   1
KSHD      30.3450   57.5120    0.0000    0.0000       0       0      93       0    0.0000    0.4467   1
LMD1      27.3400   53.1650    0.0000    0.0000       0       0     241       0    0.0000    0.7714   1
MZN1      28.0590   54.6520    0.0000    0.0000       0       0     398     176    0.0000    0.5889   1
UOSS      24.9450   56.2040    0.0000    0.0000       0       0     188       0    0.0000    0.3479   1
BNDS      27.3990   56.1710    0.0000    0.0000       0       0       1       0    0.0000    0.4215   2
CHMN      29.8610   57.5400    0.0000    0.0000       0       0       1       0    0.0000    0.1515   2
GHIR      28.2860   52.9870    0.0000    0.0000       0       0       1       0    0.0000    0.9304   2
JASK      25.8670   57.8660    0.0000    0.0000       0       0       1       0    0.0000    0.5114   2
JSSH      25.9090   57.3870    0.0000    0.0000       0       0       1       0    0.0000    1.5295   2
KBAM      29.1360   58.4520    0.0000    0.0000       0       0       1       0    0.0000    0.4783   2
KRBR      29.9830   56.7600    0.0000    0.0000       0       0       1       0    0.0000    0.3568   2
KSHD      30.3450   57.5120    0.0000    0.0000       0       0       1       0    0.0000    0.2235   2
MZJN      28.0600   54.6520    0.0000    0.0000       0       0       1       1    0.0000    0.8473   2
