JHRM      28.5050   53.5770    0.0000    0.0000       0       0       8       0    0.0000    0.8324   1
MZN1      28.0590   54.6520    0.0000    0.0000       0       0    1270     251    0.0000    0.4037   1
LMD1      27.3400   53.1650    0.0000    0.0000       0       0     103       0    0.0000    0.7070   1
KHGB      30.3750   56.4770    0.0000    0.0000       0       0     403       0    0.0000    0.3548   1
CHMN      29.8610   57.5400    0.0000    0.0000       0       0    1318       0    0.0000    0.3256   1
KBAM      29.1360   58.4520    0.0000    0.0000       0       0    1460       0    0.0000    0.2933   1
KSHB      30.2410   55.1170    0.0000    0.0000       0       0     132       0    0.0000    0.5090   1
KSHD      30.3450   57.5120    0.0000    0.0000       0       0     188       0    0.0000    0.3885   1
JASK      25.8670   57.8660    0.0000    0.0000       0       0     957       0    0.0000    0.2374   1
BNB       27.4490   56.5400    0.0000    0.0000       0       0    1149     283    0.0000    0.3999   1
UOSS      24.9450   56.2040    0.0000    0.0000       0       0     268       0    0.0000    0.2541   1
BNDS      27.3990   56.1710    0.0000    0.0000       0       0    1401       4    0.0000    0.2135   1
JSSH      25.9090   57.3870    0.0000    0.0000       0       0     224       0    0.0000    0.4753   1
KRBR      29.9830   56.7600    0.0000    0.0000       0       0     172       0    0.0000    0.8314   1
LMD1      27.3400   53.1650    0.0000    0.0000       0       0       1       0    0.0000    0.4980   2
KBAM      29.1360   58.4520    0.0000    0.0000       0       0       1       0    0.0000    1.1116   2
JASK      25.8670   57.8660    0.0000    0.0000       0       0       1       0    0.0000    0.8390   2
BNDS      27.3990   56.1710    0.0000    0.0000       0       0       1       0    0.0000    0.6383   2
JSSH      25.9090   57.3870    0.0000    0.0000       0       0       1       0    0.0000    0.7032   2
KRBR      29.9830   56.7600    0.0000    0.0000       0       0       1       0    0.0000    1.1504   2
