PRN       36.2420   52.3380    0.0000    0.0000       0       0    2174     156    0.0000    0.2502   1
DAMV      35.6300   51.9710    0.0000    0.0000       0       0       2       0    0.0000    0.4458   1
DMV       35.5770   52.0320    0.0000    0.0000       0       0    3874     196    0.0000    0.2291   1
TEH       35.7520   51.3890    0.0000    0.0000       0       0      18       2    0.0000    0.5188   1
TEHA      35.7460   51.3870    0.0000    0.0000       0       0       2       0    0.0000    0.1271   1
MZPU      36.4400   51.5690    0.0000    0.0000       0       0      93       2    0.0000    0.2913   1
ALA       36.0830   52.8100    0.0000    0.0000       0       0       6       4    0.0000    0.2811   1
FIR       35.6420   52.7540    0.0000    0.0000       0       0    5584     359    0.0000    0.2357   1
CHTH      35.9080   51.1260    0.0000    0.0000       0       0       9       0    0.0000    0.4430   1
HSB       35.4380   51.2760    0.0000    0.0000       0       0     319       2    0.0000    0.2416   1
THKV      35.9160   50.8790    0.0000    0.0000       0       0       3       0    0.0000    0.8286   1
KLST      36.5190   51.0590    0.0000    0.0000       0       0      88       4    0.0000    0.3518   1
LAS       35.3800   52.9590    0.0000    0.0000       0       0    6414     313    0.0000    0.2808   1
VRN       34.9950   51.7270    0.0000    0.0000       0       0    4563     289    0.0000    0.2289   1
SHM       35.8060   53.2840    0.0000    0.0000       0       0    6143     750    0.0000    0.2408   1
MHD       35.6850   50.6670    0.0000    0.0000       0       0     286       2    0.0000    0.3783   1
QALM      36.4320   50.6460    0.0000    0.0000       0       0     428       2    0.0000    0.3421   1
KIA       36.2070   53.6840    0.0000    0.0000       0       0       1       0    0.0000    0.1719   1
QOM       34.8420   51.0630    0.0000    0.0000       0       0    1709      84    0.0000    0.2468   1
GZV       36.3860   50.2180    0.0000    0.0000       0       0      82       0    0.0000    0.3752   1
GLO       36.5020   53.8310    0.0000    0.0000       0       0    2461      20    0.0000    0.2209   1
GHVR      34.4800   51.2450    0.0000    0.0000       0       0       5       0    0.0000    0.7863   1
ANJ       35.4680   53.9150    0.0000    0.0000       0       0    3995      75    0.0000    0.2238   1
SFB       34.3520   52.2410    0.0000    0.0000       0       0    5304     101    0.0000    0.2394   1
RAZ       35.4050   49.9290    0.0000    0.0000       0       0     249       0    0.0000    0.3633   1
JIR1      36.7080   49.8020    0.0000    0.0000       0       0      26       0    0.0000    0.6211   1
LHJ2      37.1660   50.0620    0.0000    0.0000       0       0       6       0    0.0000    0.6406   1
QABG      35.7080   49.5820    0.0000    0.0000       0       0      51       0    0.0000    0.6557   1
KRSH      33.9690   52.1350    0.0000    0.0000       0       0    1844       5    0.0000    0.2713   1
QAM       33.7610   51.4400    0.0000    0.0000       0       0       1       0    0.0000    0.4955   1
QAMS      33.7360   51.3960    0.0000    0.0000       0       0     403       0    0.0000    0.3360   1
KLH       33.3190   51.5780    0.0000    0.0000       0       0     398       1    0.0000    0.2819   1
PRN       36.2420   52.3380    0.0000    0.0000       0       0       1       0    0.0000    1.0212   2
DMV       35.5770   52.0320    0.0000    0.0000       0       0     121       0    0.0000    0.4684   2
TEH       35.7520   51.3890    0.0000    0.0000       0       0      20       3    0.0000    0.2347   2
TEHA      35.7460   51.3870    0.0000    0.0000       0       0      31      15    0.0000    0.2073   2
FIR       35.6420   52.7540    0.0000    0.0000       0       0      52       0    0.0000    0.3848   2
CHTH      35.9080   51.1260    0.0000    0.0000       0       0      28       0    0.0000    0.1114   2
HSB       35.4380   51.2760    0.0000    0.0000       0       0     301       7    0.0000    0.1932   2
KLST      36.5190   51.0590    0.0000    0.0000       0       0       1       0    0.0000    0.0485   2
LAS       35.3800   52.9590    0.0000    0.0000       0       0      12       0    0.0000    0.6259   2
VRN       34.9950   51.7270    0.0000    0.0000       0       0    1652      21    0.0000    0.2578   2
SHM       35.8060   53.2840    0.0000    0.0000       0       0       4       0    0.0000    0.2961   2
MHD       35.6850   50.6670    0.0000    0.0000       0       0    1194      25    0.0000    0.2076   2
QALM      36.4320   50.6460    0.0000    0.0000       0       0      38       0    0.0000    0.2905   2
QOM       34.8420   51.0630    0.0000    0.0000       0       0    2082     689    0.0000    0.1732   2
GZV       36.3860   50.2180    0.0000    0.0000       0       0     115       0    0.0000    0.2479   2
GHVR      34.4800   51.2450    0.0000    0.0000       0       0      32       0    0.0000    0.1454   2
SFB       34.3520   52.2410    0.0000    0.0000       0       0    1115       3    0.0000    0.2881   2
RAZ       35.4050   49.9290    0.0000    0.0000       0       0    2031      15    0.0000    0.2054   2
JIR1      36.7080   49.8020    0.0000    0.0000       0       0      34       0    0.0000    0.1986   2
QABG      35.7080   49.5820    0.0000    0.0000       0       0     151       0    0.0000    0.3478   2
KRSH      33.9690   52.1350    0.0000    0.0000       0       0     847       0    0.0000    0.3266   2
ASAO      34.5480   50.0260    0.0000    0.0000       0       0      39       0    0.0000    0.3186   2
QAM       33.7610   51.4400    0.0000    0.0000       0       0      16       0    0.0000    0.1863   2
QAMS      33.7360   51.3960    0.0000    0.0000       0       0    1743      77    0.0000    0.1979   2
HAGD      34.8220   49.1390    0.0000    0.0000       0       0     981       5    0.0000    0.2749   2
KLH       33.3190   51.5780    0.0000    0.0000       0       0    1430      41    0.0000    0.2571   2
PRN       36.2420   52.3380    0.0000    0.0000       0       0       9       0    0.0000    0.2695   3
DMV       35.5770   52.0320    0.0000    0.0000       0       0     657       8    0.0000    0.2360   3
TEH       35.7520   51.3890    0.0000    0.0000       0       0      11       3    0.0000    0.2078   3
MZPU      36.4400   51.5690    0.0000    0.0000       0       0     109       0    0.0000    0.1664   3
ALA       36.0830   52.8100    0.0000    0.0000       0       0       3       0    0.0000    0.0774   3
FIR       35.6420   52.7540    0.0000    0.0000       0       0     119       0    0.0000    0.3511   3
HSB       35.4380   51.2760    0.0000    0.0000       0       0     692      44    0.0000    0.1245   3
KLST      36.5190   51.0590    0.0000    0.0000       0       0     284       6    0.0000    0.1711   3
LAS       35.3800   52.9590    0.0000    0.0000       0       0      51       0    0.0000    0.4838   3
VRN       34.9950   51.7270    0.0000    0.0000       0       0     800       4    0.0000    0.3983   3
SHM       35.8060   53.2840    0.0000    0.0000       0       0       1       0    0.0000    0.5697   3
MHD       35.6850   50.6670    0.0000    0.0000       0       0    1388     182    0.0000    0.1005   3
QALM      36.4320   50.6460    0.0000    0.0000       0       0      71       0    0.0000    0.4178   3
QOM       34.8420   51.0630    0.0000    0.0000       0       0     982      56    0.0000    0.1883   3
GZV       36.3860   50.2180    0.0000    0.0000       0       0      78       0    0.0000    0.2758   3
SFB       34.3520   52.2410    0.0000    0.0000       0       0     222       0    0.0000    0.2924   3
RAZ       35.4050   49.9290    0.0000    0.0000       0       0    1353     135    0.0000    0.1649   3
JIR1      36.7080   49.8020    0.0000    0.0000       0       0      63       0    0.0000    0.2991   3
LHJ2      37.1660   50.0620    0.0000    0.0000       0       0       6       0    0.0000    0.5467   3
QABG      35.7080   49.5820    0.0000    0.0000       0       0     140       1    0.0000    0.4197   3
KRSH      33.9690   52.1350    0.0000    0.0000       0       0      69       0    0.0000    0.3862   3
QAMS      33.7360   51.3960    0.0000    0.0000       0       0      97       0    0.0000    0.4292   3
QSDN      36.5040   49.1740    0.0000    0.0000       0       0      52       0    0.0000    0.3657   3
HAGD      34.8220   49.1390    0.0000    0.0000       0       0     264       0    0.0000    0.3069   3
KLH       33.3190   51.5780    0.0000    0.0000       0       0      19       0    0.0000    0.5480   3
PRN       36.2420   52.3380    0.0000    0.0000       0       0      16       0    0.0000    0.4117   4
DMV       35.5770   52.0320    0.0000    0.0000       0       0       3       0    0.0000    0.4567   4
MZPU      36.4400   51.5690    0.0000    0.0000       0       0      55       0    0.0000    0.3862   4
HSB       35.4380   51.2760    0.0000    0.0000       0       0       1       0    0.0000    0.3611   4
KLST      36.5190   51.0590    0.0000    0.0000       0       0      83       1    0.0000    0.3808   4
VRN       34.9950   51.7270    0.0000    0.0000       0       0       6       0    0.0000    1.0608   4
MHD       35.6850   50.6670    0.0000    0.0000       0       0     511       9    0.0000    0.3061   4
QALM      36.4320   50.6460    0.0000    0.0000       0       0     559       6    0.0000    0.3422   4
QOM       34.8420   51.0630    0.0000    0.0000       0       0       8       0    0.0000    0.8377   4
GZV       36.3860   50.2180    0.0000    0.0000       0       0     694     144    0.0000    0.2720   4
QCNT      36.2900   50.0090    0.0000    0.0000       0       0       1       0    0.0000    1.0799   4
RAZ       35.4050   49.9290    0.0000    0.0000       0       0     568       5    0.0000    0.2144   4
JIR1      36.7080   49.8020    0.0000    0.0000       0       0     491     175    0.0000    0.2399   4
LHJ2      37.1660   50.0620    0.0000    0.0000       0       0      94       1    0.0000    0.3264   4
GIDE      36.9230   49.8260    0.0000    0.0000       0       0       1       0    0.0000    0.4581   4
QABG      35.7080   49.5820    0.0000    0.0000       0       0     229       1    0.0000    0.5840   4
ASAO      34.5480   50.0260    0.0000    0.0000       0       0       2       0    0.0000    0.4823   4
QSDN      36.5040   49.1740    0.0000    0.0000       0       0     195      30    0.0000    0.2062   4
HAGD      34.8220   49.1390    0.0000    0.0000       0       0      11       0    0.0000    0.4762   4
DMV       35.5770   52.0320    0.0000    0.0000       0       0      34       0    0.0000    0.5318   5
MZPU      36.4400   51.5690    0.0000    0.0000       0       0       1       0    0.0000    0.4467   5
HSB       35.4380   51.2760    0.0000    0.0000       0       0      46       0    0.0000    0.2138   5
THKV      35.9160   50.8790    0.0000    0.0000       0       0       1       0    0.0000    0.9404   5
KLST      36.5190   51.0590    0.0000    0.0000       0       0      15       0    0.0000    0.4613   5
VRN       34.9950   51.7270    0.0000    0.0000       0       0      62       0    0.0000    0.3915   5
MHD       35.6850   50.6670    0.0000    0.0000       0       0     544       1    0.0000    0.2828   5
QALM      36.4320   50.6460    0.0000    0.0000       0       0     402       3    0.0000    0.5496   5
QOM       34.8420   51.0630    0.0000    0.0000       0       0     222       0    0.0000    0.3057   5
GZV       36.3860   50.2180    0.0000    0.0000       0       0     592      17    0.0000    0.2576   5
QCNT      36.2900   50.0090    0.0000    0.0000       0       0       1       0    0.0000    0.0736   5
SFB       34.3520   52.2410    0.0000    0.0000       0       0      11       0    0.0000    0.3745   5
RAZ       35.4050   49.9290    0.0000    0.0000       0       0     754     247    0.0000    0.1945   5
JIR1      36.7080   49.8020    0.0000    0.0000       0       0      76       0    0.0000    0.2357   5
LHJ2      37.1660   50.0620    0.0000    0.0000       0       0       6       0    0.0000    0.3518   5
QABG      35.7080   49.5820    0.0000    0.0000       0       0     441      72    0.0000    0.2319   5
KRSH      33.9690   52.1350    0.0000    0.0000       0       0       5       0    0.0000    0.2350   5
ASAO      34.5480   50.0260    0.0000    0.0000       0       0       1       0    0.0000    0.3893   5
QAM       33.7610   51.4400    0.0000    0.0000       0       0       6       0    0.0000    0.1262   5
QAMS      33.7360   51.3960    0.0000    0.0000       0       0      10       0    0.0000    0.2066   5
QSDN      36.5040   49.1740    0.0000    0.0000       0       0      55       1    0.0000    0.4409   5
HAGD      34.8220   49.1390    0.0000    0.0000       0       0     488       6    0.0000    0.1114   5
PRN       36.2420   52.3380    0.0000    0.0000       0       0     116       1    0.0000    0.3037   6
DMV       35.5770   52.0320    0.0000    0.0000       0       0      19       0    0.0000    0.6825   6
TEH       35.7520   51.3890    0.0000    0.0000       0       0       1       0    0.0000    0.0018   6
MZPU      36.4400   51.5690    0.0000    0.0000       0       0      37       0    0.0000    0.2825   6
FIR       35.6420   52.7540    0.0000    0.0000       0       0      19       0    0.0000    0.4406   6
HSB       35.4380   51.2760    0.0000    0.0000       0       0       9       0    0.0000    0.3883   6
KLST      36.5190   51.0590    0.0000    0.0000       0       0      35      13    0.0000    0.2228   6
LAS       35.3800   52.9590    0.0000    0.0000       0       0       1       0    0.0000    0.2715   6
VRN       34.9950   51.7270    0.0000    0.0000       0       0      39       0    0.0000    0.3606   6
SHM       35.8060   53.2840    0.0000    0.0000       0       0      20       0    0.0000    0.6793   6
MHD       35.6850   50.6670    0.0000    0.0000       0       0      68       0    0.0000    0.3693   6
QALM      36.4320   50.6460    0.0000    0.0000       0       0     105      32    0.0000    0.3281   6
QOM       34.8420   51.0630    0.0000    0.0000       0       0      30       0    0.0000    0.3434   6
GZV       36.3860   50.2180    0.0000    0.0000       0       0      91      25    0.0000    0.3329   6
GLO       36.5020   53.8310    0.0000    0.0000       0       0       5       0    0.0000    0.4738   6
ANJ       35.4680   53.9150    0.0000    0.0000       0       0       1       0    0.0000    0.3467   6
SFB       34.3520   52.2410    0.0000    0.0000       0       0       3       0    0.0000    0.5348   6
RAZ       35.4050   49.9290    0.0000    0.0000       0       0     128       0    0.0000    0.2644   6
JIR1      36.7080   49.8020    0.0000    0.0000       0       0      52       2    0.0000    0.5088   6
LHJ2      37.1660   50.0620    0.0000    0.0000       0       0      36       2    0.0000    0.3968   6
QABG      35.7080   49.5820    0.0000    0.0000       0       0      20       0    0.0000    0.5193   6
QSDN      36.5040   49.1740    0.0000    0.0000       0       0       7       0    0.0000    0.2804   6
HAGD      34.8220   49.1390    0.0000    0.0000       0       0       2       0    0.0000    0.9267   6
PRN       36.2420   52.3380    0.0000    0.0000       0       0      14       0    0.0000    0.4914   7
MZPU      36.4400   51.5690    0.0000    0.0000       0       0       5       0    0.0000    0.3175   7
KLST      36.5190   51.0590    0.0000    0.0000       0       0       6       2    0.0000    0.4005   7
VRN       34.9950   51.7270    0.0000    0.0000       0       0       2       0    0.0000    0.5385   7
MHD       35.6850   50.6670    0.0000    0.0000       0       0      18       0    0.0000    0.2529   7
QALM      36.4320   50.6460    0.0000    0.0000       0       0      23       0    0.0000    0.3052   7
QOM       34.8420   51.0630    0.0000    0.0000       0       0       1       0    0.0000    0.0754   7
GZV       36.3860   50.2180    0.0000    0.0000       0       0      32       2    0.0000    0.5132   7
RAZ       35.4050   49.9290    0.0000    0.0000       0       0      31       0    0.0000    0.3522   7
JIR1      36.7080   49.8020    0.0000    0.0000       0       0      33       8    0.0000    0.3747   7
LHJ2      37.1660   50.0620    0.0000    0.0000       0       0      13       4    0.0000    0.2774   7
QABG      35.7080   49.5820    0.0000    0.0000       0       0       1       0    0.0000    0.1467   7
QSDN      36.5040   49.1740    0.0000    0.0000       0       0       7       0    0.0000    0.3528   7
HAGD      34.8220   49.1390    0.0000    0.0000       0       0       2       0    0.0000    0.4221   7
PRN       36.2420   52.3380    0.0000    0.0000       0       0       2       0    0.0000    1.0522   8
DMV       35.5770   52.0320    0.0000    0.0000       0       0      14       0    0.0000    0.3743   8
TEH       35.7520   51.3890    0.0000    0.0000       0       0       2       0    0.0000    0.2634   8
FIR       35.6420   52.7540    0.0000    0.0000       0       0       1       0    0.0000    0.3627   8
CHTH      35.9080   51.1260    0.0000    0.0000       0       0       1       0    0.0000    0.2427   8
HSB       35.4380   51.2760    0.0000    0.0000       0       0      66       0    0.0000    0.2177   8
LAS       35.3800   52.9590    0.0000    0.0000       0       0       5       0    0.0000    0.4622   8
VRN       34.9950   51.7270    0.0000    0.0000       0       0     139       0    0.0000    0.6101   8
MHD       35.6850   50.6670    0.0000    0.0000       0       0     146       3    0.0000    0.4129   8
QALM      36.4320   50.6460    0.0000    0.0000       0       0      40       0    0.0000    0.7322   8
QOM       34.8420   51.0630    0.0000    0.0000       0       0     210      17    0.0000    0.2413   8
GZV       36.3860   50.2180    0.0000    0.0000       0       0      59       0    0.0000    0.5073   8
QCNT      36.2900   50.0090    0.0000    0.0000       0       0       1       0    0.0000    0.4517   8
SFB       34.3520   52.2410    0.0000    0.0000       0       0      58       0    0.0000    0.2718   8
RAZ       35.4050   49.9290    0.0000    0.0000       0       0     199      41    0.0000    0.1609   8
JIR1      36.7080   49.8020    0.0000    0.0000       0       0       5       0    0.0000    0.2597   8
QABG      35.7080   49.5820    0.0000    0.0000       0       0      97       0    0.0000    0.6866   8
KRSH      33.9690   52.1350    0.0000    0.0000       0       0      58       0    0.0000    0.2201   8
ASAO      34.5480   50.0260    0.0000    0.0000       0       0       1       0    0.0000    0.8882   8
QAM       33.7610   51.4400    0.0000    0.0000       0       0       3       0    0.0000    0.5073   8
QAMS      33.7360   51.3960    0.0000    0.0000       0       0     124       0    0.0000    0.2706   8
QSDN      36.5040   49.1740    0.0000    0.0000       0       0      16       0    0.0000    0.3540   8
HAGD      34.8220   49.1390    0.0000    0.0000       0       0     187       2    0.0000    0.1481   8
KLH       33.3190   51.5780    0.0000    0.0000       0       0     102       0    0.0000    0.6847   8
DMV       35.5770   52.0320    0.0000    0.0000       0       0      36       0    0.0000    0.2848   9
FIR       35.6420   52.7540    0.0000    0.0000       0       0      27       0    0.0000    0.2099   9
HSB       35.4380   51.2760    0.0000    0.0000       0       0      22       0    0.0000    0.2324   9
LAS       35.3800   52.9590    0.0000    0.0000       0       0      33       0    0.0000    0.5174   9
VRN       34.9950   51.7270    0.0000    0.0000       0       0      71      10    0.0000    0.2369   9
SHM       35.8060   53.2840    0.0000    0.0000       0       0      30       0    0.0000    0.2702   9
MHD       35.6850   50.6670    0.0000    0.0000       0       0      18       0    0.0000    0.3680   9
QALM      36.4320   50.6460    0.0000    0.0000       0       0       9       0    0.0000    0.3866   9
QOM       34.8420   51.0630    0.0000    0.0000       0       0      57       3    0.0000    0.1308   9
GZV       36.3860   50.2180    0.0000    0.0000       0       0       1       0    0.0000    1.0905   9
ANJ       35.4680   53.9150    0.0000    0.0000       0       0      15       0    0.0000    0.1741   9
SFB       34.3520   52.2410    0.0000    0.0000       0       0      62       0    0.0000    0.2133   9
RAZ       35.4050   49.9290    0.0000    0.0000       0       0      14       0    0.0000    0.4328   9
QABG      35.7080   49.5820    0.0000    0.0000       0       0       1       0    0.0000    0.9219   9
KRSH      33.9690   52.1350    0.0000    0.0000       0       0      73       1    0.0000    0.2722   9
QAMS      33.7360   51.3960    0.0000    0.0000       0       0      64       1    0.0000    0.1986   9
HAGD      34.8220   49.1390    0.0000    0.0000       0       0       1       0    0.0000    0.3392   9
KLH       33.3190   51.5780    0.0000    0.0000       0       0      66       0    0.0000    0.1528   9
PRN       36.2420   52.3380    0.0000    0.0000       0       0       1       0    0.0000    0.3573  10
DMV       35.5770   52.0320    0.0000    0.0000       0       0      14       0    0.0000    0.2344  10
FIR       35.6420   52.7540    0.0000    0.0000       0       0       1       0    0.0000    0.9904  10
HSB       35.4380   51.2760    0.0000    0.0000       0       0       1       0    0.0000    0.0289  10
VRN       34.9950   51.7270    0.0000    0.0000       0       0       8       0    0.0000    0.2913  10
MHD       35.6850   50.6670    0.0000    0.0000       0       0      97       0    0.0000    0.1636  10
QALM      36.4320   50.6460    0.0000    0.0000       0       0      94      47    0.0000    0.2010  10
GZV       36.3860   50.2180    0.0000    0.0000       0       0      85       6    0.0000    0.2035  10
QCNT      36.2900   50.0090    0.0000    0.0000       0       0       1       0    0.0000    0.0044  10
SFB       34.3520   52.2410    0.0000    0.0000       0       0       2       0    0.0000    0.4742  10
RAZ       35.4050   49.9290    0.0000    0.0000       0       0      97       1    0.0000    0.1697  10
JIR1      36.7080   49.8020    0.0000    0.0000       0       0       1       0    0.0000    0.0762  10
QABG      35.7080   49.5820    0.0000    0.0000       0       0      51       0    0.0000    0.6192  10
QSDN      36.5040   49.1740    0.0000    0.0000       0       0       1       0    0.0000    0.1533  10
DMV       35.5770   52.0320    0.0000    0.0000       0       0       1       0    0.0000    0.2614  11
TEH       35.7520   51.3890    0.0000    0.0000       0       0       1       1    0.0000    0.2369  11
MZPU      36.4400   51.5690    0.0000    0.0000       0       0       1       0    0.0000    0.3606  11
FIR       35.6420   52.7540    0.0000    0.0000       0       0       1       0    0.0000    0.2420  11
HSB       35.4380   51.2760    0.0000    0.0000       0       0       3       0    0.0000    0.3693  11
KLST      36.5190   51.0590    0.0000    0.0000       0       0       3       0    0.0000    0.4431  11
VRN       34.9950   51.7270    0.0000    0.0000       0       0       9       0    0.0000    0.3088  11
MHD       35.6850   50.6670    0.0000    0.0000       0       0      10       1    0.0000    0.2356  11
QALM      36.4320   50.6460    0.0000    0.0000       0       0       8       1    0.0000    0.6188  11
QOM       34.8420   51.0630    0.0000    0.0000       0       0       7       0    0.0000    0.2397  11
GZV       36.3860   50.2180    0.0000    0.0000       0       0      12       2    0.0000    0.3657  11
SFB       34.3520   52.2410    0.0000    0.0000       0       0       3       0    0.0000    0.2197  11
RAZ       35.4050   49.9290    0.0000    0.0000       0       0      12       0    0.0000    0.3441  11
JIR1      36.7080   49.8020    0.0000    0.0000       0       0       3       0    0.0000    0.3529  11
PRN       36.2420   52.3380    0.0000    0.0000       0       0      22      13    0.0000    0.2573  12
DMV       35.5770   52.0320    0.0000    0.0000       0       0       7       0    0.0000    0.3044  12
MZPU      36.4400   51.5690    0.0000    0.0000       0       0       1       0    0.0000    0.0282  12
FIR       35.6420   52.7540    0.0000    0.0000       0       0       9       0    0.0000    0.2122  12
HSB       35.4380   51.2760    0.0000    0.0000       0       0       1       0    0.0000    0.0569  12
LAS       35.3800   52.9590    0.0000    0.0000       0       0      22       0    0.0000    0.3000  12
SHM       35.8060   53.2840    0.0000    0.0000       0       0      22       0    0.0000    0.3387  12
QALM      36.4320   50.6460    0.0000    0.0000       0       0       4       0    0.0000    0.4841  12
GZV       36.3860   50.2180    0.0000    0.0000       0       0       1       0    0.0000    0.2488  12
GLO       36.5020   53.8310    0.0000    0.0000       0       0      22       1    0.0000    0.3198  12
ANJ       35.4680   53.9150    0.0000    0.0000       0       0      15       0    0.0000    0.3066  12
SFB       34.3520   52.2410    0.0000    0.0000       0       0       4       0    0.0000    0.1983  12
DMV       35.5770   52.0320    0.0000    0.0000       0       0       1       0    0.0000    0.5828  13
VRN       34.9950   51.7270    0.0000    0.0000       0       0      29       0    0.0000    0.2599  13
MHD       35.6850   50.6670    0.0000    0.0000       0       0       1       0    0.0000    0.3835  13
QOM       34.8420   51.0630    0.0000    0.0000       0       0      49       1    0.0000    0.2423  13
SFB       34.3520   52.2410    0.0000    0.0000       0       0      16       0    0.0000    0.2589  13
RAZ       35.4050   49.9290    0.0000    0.0000       0       0      39       0    0.0000    0.6861  13
QABG      35.7080   49.5820    0.0000    0.0000       0       0       7       0    0.0000    0.4016  13
KRSH      33.9690   52.1350    0.0000    0.0000       0       0      28       0    0.0000    0.7552  13
QAMS      33.7360   51.3960    0.0000    0.0000       0       0      50       0    0.0000    0.2601  13
HAGD      34.8220   49.1390    0.0000    0.0000       0       0      50       3    0.0000    0.3364  13
KLH       33.3190   51.5780    0.0000    0.0000       0       0      41       0    0.0000    0.2561  13
PRN       36.2420   52.3380    0.0000    0.0000       0       0      10       0    0.0000    0.6298  14
DMV       35.5770   52.0320    0.0000    0.0000       0       0       1       0    0.0000    0.1085  14
FIR       35.6420   52.7540    0.0000    0.0000       0       0      11       0    0.0000    0.2698  14
LAS       35.3800   52.9590    0.0000    0.0000       0       0      10       0    0.0000    0.4734  14
SHM       35.8060   53.2840    0.0000    0.0000       0       0      11       0    0.0000    0.4571  14
GLO       36.5020   53.8310    0.0000    0.0000       0       0      11       5    0.0000    0.4226  14
ANJ       35.4680   53.9150    0.0000    0.0000       0       0       7       0    0.0000    1.0873  14
MHD       35.6850   50.6670    0.0000    0.0000       0       0       9       0    0.0000    0.2173  15
QALM      36.4320   50.6460    0.0000    0.0000       0       0      19       6    0.0000    0.6282  15
GZV       36.3860   50.2180    0.0000    0.0000       0       0      20      14    0.0000    0.1172  15
RAZ       35.4050   49.9290    0.0000    0.0000       0       0      20       0    0.0000    0.3012  15
QABG      35.7080   49.5820    0.0000    0.0000       0       0      12       0    0.0000    0.8743  15
PRN       36.2420   52.3380    0.0000    0.0000       0       0       1       0    0.0000    0.0373  16
DMV       35.5770   52.0320    0.0000    0.0000       0       0       1       0    0.0000    0.6348  16
MZPU      36.4400   51.5690    0.0000    0.0000       0       0       1       0    0.0000    0.3114  16
FIR       35.6420   52.7540    0.0000    0.0000       0       0       1       0    0.0000    0.6122  16
LAS       35.3800   52.9590    0.0000    0.0000       0       0       1       0    0.0000    0.3045  16
SHM       35.8060   53.2840    0.0000    0.0000       0       0       1       0    0.0000    0.1995  16
QALM      36.4320   50.6460    0.0000    0.0000       0       0       1       0    0.0000    0.4934  16
GLO       36.5020   53.8310    0.0000    0.0000       0       0       1       0    0.0000    0.3345  16
VRN       34.9950   51.7270    0.0000    0.0000       0       0       6       0    0.0000    0.4766  17
QOM       34.8420   51.0630    0.0000    0.0000       0       0       5       1    0.0000    0.2573  17
SFB       34.3520   52.2410    0.0000    0.0000       0       0       9       0    0.0000    0.4166  17
RAZ       35.4050   49.9290    0.0000    0.0000       0       0       9       0    0.0000    0.4004  17
KRSH      33.9690   52.1350    0.0000    0.0000       0       0       9       0    0.0000    0.4462  17
QAMS      33.7360   51.3960    0.0000    0.0000       0       0       6       0    0.0000    0.4748  17
HAGD      34.8220   49.1390    0.0000    0.0000       0       0       3       0    0.0000    0.4734  17
KLH       33.3190   51.5780    0.0000    0.0000       0       0       7       0    0.0000    0.7074  17
DMV       35.5770   52.0320    0.0000    0.0000       0       0       4       0    0.0000    0.3366  18
HSB       35.4380   51.2760    0.0000    0.0000       0       0       6       0    0.0000    0.3240  18
LAS       35.3800   52.9590    0.0000    0.0000       0       0       1       0    0.0000    0.3877  18
VRN       34.9950   51.7270    0.0000    0.0000       0       0       6       0    0.0000    0.3312  18
SHM       35.8060   53.2840    0.0000    0.0000       0       0       1       0    0.0000    0.3467  18
MHD       35.6850   50.6670    0.0000    0.0000       0       0       6       0    0.0000    0.4385  18
QALM      36.4320   50.6460    0.0000    0.0000       0       0       1       0    0.0000    0.2132  18
QOM       34.8420   51.0630    0.0000    0.0000       0       0       6       1    0.0000    0.3944  18
GZV       36.3860   50.2180    0.0000    0.0000       0       0       1       0    0.0000    0.7562  18
SFB       34.3520   52.2410    0.0000    0.0000       0       0       2       0    0.0000    0.2965  18
RAZ       35.4050   49.9290    0.0000    0.0000       0       0       3       0    0.0000    0.2865  18
QABG      35.7080   49.5820    0.0000    0.0000       0       0       1       0    0.0000    0.8644  18
KRSH      33.9690   52.1350    0.0000    0.0000       0       0       3       0    0.0000    0.2579  18
QAMS      33.7360   51.3960    0.0000    0.0000       0       0       1       0    0.0000    0.2888  18
KLH       33.3190   51.5780    0.0000    0.0000       0       0       1       0    0.0000    0.8142  18
PRN       36.2420   52.3380    0.0000    0.0000       0       0      11       3    0.0000    0.3155  19
DMV       35.5770   52.0320    0.0000    0.0000       0       0       1       0    0.0000    0.3373  19
FIR       35.6420   52.7540    0.0000    0.0000       0       0       6       0    0.0000    0.2200  19
LAS       35.3800   52.9590    0.0000    0.0000       0       0       1       0    0.0000    0.3277  19
VRN       34.9950   51.7270    0.0000    0.0000       0       0       1       0    0.0000    0.0455  19
SHM       35.8060   53.2840    0.0000    0.0000       0       0       2       0    0.0000    0.2937  19
MHD       35.6850   50.6670    0.0000    0.0000       0       0      10       0    0.0000    0.1802  19
QALM      36.4320   50.6460    0.0000    0.0000       0       0       6       0    0.0000    0.7292  19
GZV       36.3860   50.2180    0.0000    0.0000       0       0      11       1    0.0000    0.3328  19
GLO       36.5020   53.8310    0.0000    0.0000       0       0      11       0    0.0000    0.5748  19
ANJ       35.4680   53.9150    0.0000    0.0000       0       0       6       0    0.0000    0.5948  19
RAZ       35.4050   49.9290    0.0000    0.0000       0       0       1       0    0.0000    0.3524  19
PRN       36.2420   52.3380    0.0000    0.0000       0       0       1       0    0.0000    0.4321  20
MZPU      36.4400   51.5690    0.0000    0.0000       0       0       1       0    0.0000    0.3161  20
HSB       35.4380   51.2760    0.0000    0.0000       0       0       1       0    0.0000    0.3902  20
LAS       35.3800   52.9590    0.0000    0.0000       0       0       2       0    0.0000    0.1923  20
VRN       34.9950   51.7270    0.0000    0.0000       0       0       1       0    0.0000    0.3818  20
SHM       35.8060   53.2840    0.0000    0.0000       0       0       1       0    0.0000    0.7830  20
GLO       36.5020   53.8310    0.0000    0.0000       0       0       1       0    0.0000    0.6392  20
SFB       34.3520   52.2410    0.0000    0.0000       0       0       1       0    0.0000    0.4875  20
KRSH      33.9690   52.1350    0.0000    0.0000       0       0       2       0    0.0000    0.0756  20
QAMS      33.7360   51.3960    0.0000    0.0000       0       0       2       0    0.0000    0.2006  20
KLH       33.3190   51.5780    0.0000    0.0000       0       0       2       0    0.0000    0.6552  20
DMV       35.5770   52.0320    0.0000    0.0000       0       0       3       0    0.0000    0.4068  21
HSB       35.4380   51.2760    0.0000    0.0000       0       0       3       0    0.0000    0.2231  21
VRN       34.9950   51.7270    0.0000    0.0000       0       0       6       0    0.0000    0.2414  21
MHD       35.6850   50.6670    0.0000    0.0000       0       0       6       0    0.0000    0.1114  21
QALM      36.4320   50.6460    0.0000    0.0000       0       0       3       0    0.0000    0.2328  21
QOM       34.8420   51.0630    0.0000    0.0000       0       0       6       0    0.0000    0.4321  21
GZV       36.3860   50.2180    0.0000    0.0000       0       0       3       0    0.0000    0.1602  21
RAZ       35.4050   49.9290    0.0000    0.0000       0       0       6       0    0.0000    0.6919  21
JIR1      36.7080   49.8020    0.0000    0.0000       0       0       1       0    0.0000    0.1278  21
QABG      35.7080   49.5820    0.0000    0.0000       0       0       6       0    0.0000    0.9872  21
HAGD      34.8220   49.1390    0.0000    0.0000       0       0       1       0    0.0000    0.5557  21
VRN       34.9950   51.7270    0.0000    0.0000       0       0      10       0    0.0000    0.1882  22
QOM       34.8420   51.0630    0.0000    0.0000       0       0      10       0    0.0000    0.1954  22
SFB       34.3520   52.2410    0.0000    0.0000       0       0      10       0    0.0000    0.2850  22
KRSH      33.9690   52.1350    0.0000    0.0000       0       0      10       0    0.0000    0.0627  22
QAMS      33.7360   51.3960    0.0000    0.0000       0       0      10       0    0.0000    0.1541  22
KLH       33.3190   51.5780    0.0000    0.0000       0       0      10       0    0.0000    0.1186  22
FIR       35.6420   52.7540    0.0000    0.0000       0       0      10       0    0.0000    0.3268  23
LAS       35.3800   52.9590    0.0000    0.0000       0       0      10      10    0.0000    0.2299  23
SHM       35.8060   53.2840    0.0000    0.0000       0       0      10      10    0.0000    0.2830  23
ANJ       35.4680   53.9150    0.0000    0.0000       0       0      10       0    0.0000    0.0751  23
QALM      36.4320   50.6460    0.0000    0.0000       0       0       1       0    0.0000    0.2440  25
QOM       34.8420   51.0630    0.0000    0.0000       0       0       3       0    0.0000    0.4913  25
SFB       34.3520   52.2410    0.0000    0.0000       0       0       1       0    0.0000    0.1676  25
RAZ       35.4050   49.9290    0.0000    0.0000       0       0       3       0    0.0000    0.3860  25
KRSH      33.9690   52.1350    0.0000    0.0000       0       0       1       0    0.0000    0.5275  25
QAMS      33.7360   51.3960    0.0000    0.0000       0       0       3       0    0.0000    0.4354  25
HAGD      34.8220   49.1390    0.0000    0.0000       0       0       3       0    0.0000    0.6172  25
KLH       33.3190   51.5780    0.0000    0.0000       0       0       3       0    0.0000    0.3489  25
PRN       36.2420   52.3380    0.0000    0.0000       0       0       2       0    0.0000    0.3474  26
FIR       35.6420   52.7540    0.0000    0.0000       0       0       2       0    0.0000    0.6633  26
LAS       35.3800   52.9590    0.0000    0.0000       0       0       1       0    0.0000    0.2546  26
SHM       35.8060   53.2840    0.0000    0.0000       0       0       2       0    0.0000    0.1733  26
GLO       36.5020   53.8310    0.0000    0.0000       0       0       2       2    0.0000    0.4748  26
PRN       36.2420   52.3380    0.0000    0.0000       0       0       2       2    0.0000    0.2090  27
DMV       35.5770   52.0320    0.0000    0.0000       0       0       1       0    0.0000    0.0776  27
FIR       35.6420   52.7540    0.0000    0.0000       0       0       2       0    0.0000    0.1721  27
LAS       35.3800   52.9590    0.0000    0.0000       0       0       2       0    0.0000    0.5028  27
SHM       35.8060   53.2840    0.0000    0.0000       0       0       1       0    0.0000    0.0012  27
GLO       36.5020   53.8310    0.0000    0.0000       0       0       2       0    0.0000    0.3597  27
ANJ       35.4680   53.9150    0.0000    0.0000       0       0       1       0    0.0000    0.1269  27
HSB       35.4380   51.2760    0.0000    0.0000       0       0       3       0    0.0000    0.5686  28
LAS       35.3800   52.9590    0.0000    0.0000       0       0       1       0    0.0000    0.0605  28
VRN       34.9950   51.7270    0.0000    0.0000       0       0       3       0    0.0000    0.4143  28
QOM       34.8420   51.0630    0.0000    0.0000       0       0       3       0    0.0000    0.0966  28
SFB       34.3520   52.2410    0.0000    0.0000       0       0       3       0    0.0000    0.4577  28
KRSH      33.9690   52.1350    0.0000    0.0000       0       0       3       0    0.0000    0.2116  28
KLH       33.3190   51.5780    0.0000    0.0000       0       0       1       0    0.0000    0.1739  28
VRN       34.9950   51.7270    0.0000    0.0000       0       0       2       0    0.0000    0.4067  29
QOM       34.8420   51.0630    0.0000    0.0000       0       0       2       0    0.0000    0.3312  29
SFB       34.3520   52.2410    0.0000    0.0000       0       0       2       0    0.0000    0.6820  29
RAZ       35.4050   49.9290    0.0000    0.0000       0       0       2       0    0.0000    0.7086  29
KRSH      33.9690   52.1350    0.0000    0.0000       0       0       1       0    0.0000    0.1632  29
QAMS      33.7360   51.3960    0.0000    0.0000       0       0       2       0    0.0000    0.7450  29
HAGD      34.8220   49.1390    0.0000    0.0000       0       0       2       0    0.0000    0.4846  29
KLH       33.3190   51.5780    0.0000    0.0000       0       0       1       0    0.0000    0.1664  29
VRN       34.9950   51.7270    0.0000    0.0000       0       0       1       0    0.0000    0.9287  33
MHD       35.6850   50.6670    0.0000    0.0000       0       0       1       0    0.0000    0.9887  33
QOM       34.8420   51.0630    0.0000    0.0000       0       0       1       0    0.0000    0.7712  33
SFB       34.3520   52.2410    0.0000    0.0000       0       0       1       0    0.0000    0.0250  33
KRSH      33.9690   52.1350    0.0000    0.0000       0       0       1       0    0.0000    0.0064  33
QAMS      33.7360   51.3960    0.0000    0.0000       0       0       1       0    0.0000    0.7391  33
KLH       33.3190   51.5780    0.0000    0.0000       0       0       1       0    0.0000    0.7350  33
QOM       34.8420   51.0630    0.0000    0.0000       0       0       3       0    0.0000    0.2203  34
RAZ       35.4050   49.9290    0.0000    0.0000       0       0       3       0    0.0000    0.2421  34
QABG      35.7080   49.5820    0.0000    0.0000       0       0       3       0    0.0000    1.0121  34
KRSH      33.9690   52.1350    0.0000    0.0000       0       0       1       0    0.0000    0.3644  34
QAMS      33.7360   51.3960    0.0000    0.0000       0       0       1       0    0.0000    0.8699  34
HAGD      34.8220   49.1390    0.0000    0.0000       0       0       3       0    0.0000    0.0523  34
KLH       33.3190   51.5780    0.0000    0.0000       0       0       3       0    0.0000    0.6301  34
PRN       36.2420   52.3380    0.0000    0.0000       0       0       1       0    0.0000    0.4772  35
FIR       35.6420   52.7540    0.0000    0.0000       0       0       1       0    0.0000    0.4620  35
LAS       35.3800   52.9590    0.0000    0.0000       0       0       1       0    0.0000    0.4480  35
SHM       35.8060   53.2840    0.0000    0.0000       0       0       1       0    0.0000    0.5400  35
GLO       36.5020   53.8310    0.0000    0.0000       0       0       1       1    0.0000    0.3510  35
KLST      36.5190   51.0590    0.0000    0.0000       0       0       1       0    0.0000    0.2839  39
MHD       35.6850   50.6670    0.0000    0.0000       0       0       1       0    0.0000    0.4023  39
QALM      36.4320   50.6460    0.0000    0.0000       0       0       1       0    0.0000    0.1777  39
GZV       36.3860   50.2180    0.0000    0.0000       0       0       1       0    0.0000    0.0376  39
RAZ       35.4050   49.9290    0.0000    0.0000       0       0       1       1    0.0000    0.0212  39
MHD       35.6850   50.6670    0.0000    0.0000       0       0       1       0    0.0000    0.5152  41
QALM      36.4320   50.6460    0.0000    0.0000       0       0       1       0    0.0000    0.0961  41
GZV       36.3860   50.2180    0.0000    0.0000       0       0       1       0    0.0000    0.1663  41
RAZ       35.4050   49.9290    0.0000    0.0000       0       0       1       0    0.0000    0.0416  41
JIR1      36.7080   49.8020    0.0000    0.0000       0       0       1       1    0.0000    1.0030  41
PRN       36.2420   52.3380    0.0000    0.0000       0       0       1       0    0.0000    0.4341  44
FIR       35.6420   52.7540    0.0000    0.0000       0       0       1       0    0.0000    0.9243  44
LAS       35.3800   52.9590    0.0000    0.0000       0       0       1       0    0.0000    1.2482  44
SHM       35.8060   53.2840    0.0000    0.0000       0       0       1       0    0.0000    0.4358  44
QALM      36.4320   50.6460    0.0000    0.0000       0       0       1       0    0.0000    0.3594  44
GLO       36.5020   53.8310    0.0000    0.0000       0       0       1       0    0.0000    0.9104  44
KLST      36.5190   51.0590    0.0000    0.0000       0       0       1       0    0.0000    0.4438  45
QALM      36.4320   50.6460    0.0000    0.0000       0       0       1       0    0.0000    0.0232  45
GZV       36.3860   50.2180    0.0000    0.0000       0       0       1       0    0.0000    0.6611  45
JIR1      36.7080   49.8020    0.0000    0.0000       0       0       1       1    0.0000    0.1736  45
QABG      35.7080   49.5820    0.0000    0.0000       0       0       1       0    0.0000    2.1969  45
MZPU      36.4400   51.5690    0.0000    0.0000       0       0       1       0    0.0000    1.0385  46
KLST      36.5190   51.0590    0.0000    0.0000       0       0       1       0    0.0000    0.6048  46
QALM      36.4320   50.6460    0.0000    0.0000       0       0       1       1    0.0000    0.6279  46
GZV       36.3860   50.2180    0.0000    0.0000       0       0       1       0    0.0000    0.4740  46
RAZ       35.4050   49.9290    0.0000    0.0000       0       0       1       0    0.0000    1.1684  46
JIR1      36.7080   49.8020    0.0000    0.0000       0       0       1       0    0.0000    0.9979  46
KLST      36.5190   51.0590    0.0000    0.0000       0       0       1       0    0.0000    0.6688  47
MHD       35.6850   50.6670    0.0000    0.0000       0       0       1       0    0.0000    0.7923  47
QALM      36.4320   50.6460    0.0000    0.0000       0       0       1       0    0.0000    0.2383  47
GZV       36.3860   50.2180    0.0000    0.0000       0       0       1       0    0.0000    0.0148  47
RAZ       35.4050   49.9290    0.0000    0.0000       0       0       1       0    0.0000    0.5791  47
LHJ2      37.1660   50.0620    0.0000    0.0000       0       0       1       0    0.0000    0.4626  47
PRN       36.2420   52.3380    0.0000    0.0000       0       0       1       0    0.0000    0.1575  50
DMV       35.5770   52.0320    0.0000    0.0000       0       0       1       0    0.0000    0.1544  50
FIR       35.6420   52.7540    0.0000    0.0000       0       0       1       0    0.0000    0.4890  50
LAS       35.3800   52.9590    0.0000    0.0000       0       0       1       0    0.0000    0.8717  50
SHM       35.8060   53.2840    0.0000    0.0000       0       0       1       0    0.0000    0.5819  50
QALM      36.4320   50.6460    0.0000    0.0000       0       0       1       0    0.0000    0.3523  50
GLO       36.5020   53.8310    0.0000    0.0000       0       0       1       0    0.0000    0.2442  50
ANJ       35.4680   53.9150    0.0000    0.0000       0       0       1       0    0.0000    0.7857  50
DMV       35.5770   52.0320    0.0000    0.0000       0       0       1       1    0.0000    0.2715  51
HSB       35.4380   51.2760    0.0000    0.0000       0       0       1       0    0.0000    0.0376  51
VRN       34.9950   51.7270    0.0000    0.0000       0       0       1       1    0.0000    0.6366  51
QOM       34.8420   51.0630    0.0000    0.0000       0       0       1       0    0.0000    0.6865  51
QALM      36.4320   50.6460    0.0000    0.0000       0       0       1       0    0.0000    0.1057  52
GZV       36.3860   50.2180    0.0000    0.0000       0       0       1       0    0.0000    0.2820  52
JIR1      36.7080   49.8020    0.0000    0.0000       0       0       1       1    0.0000    0.1346  52
QABG      35.7080   49.5820    0.0000    0.0000       0       0       1       0    0.0000    0.0129  52
QSDN      36.5040   49.1740    0.0000    0.0000       0       0       1       0    0.0000    0.0313  52
PRN       36.2420   52.3380    0.0000    0.0000       0       0       1       0    0.0000    0.4725  53
QALM      36.4320   50.6460    0.0000    0.0000       0       0       1       0    0.0000    0.0175  53
GZV       36.3860   50.2180    0.0000    0.0000       0       0       1       0    0.0000    0.4940  53
RAZ       35.4050   49.9290    0.0000    0.0000       0       0       1       0    0.0000    0.9771  53
DMV       35.5770   52.0320    0.0000    0.0000       0       0       1       0    0.0000    0.1766  54
VRN       34.9950   51.7270    0.0000    0.0000       0       0       1       0    0.0000    0.4646  54
SHM       35.8060   53.2840    0.0000    0.0000       0       0       1       0    0.0000    0.2600  54
KRSH      33.9690   52.1350    0.0000    0.0000       0       0       1       1    0.0000    0.6526  54
KLH       33.3190   51.5780    0.0000    0.0000       0       0       1       0    0.0000    0.1144  54
