AFJ       35.8550   51.7120    0.0000    0.0000       0       0     643      62    0.0000    0.2809   1
PRN       36.2420   52.3380    0.0000    0.0000       0       0    3381     581    0.0000    0.2814   1
DAMV      35.6300   51.9710    0.0000    0.0000       0       0       4       0    0.0000    0.8875   1
DMV       35.5770   52.0320    0.0000    0.0000       0       0   10333    1761    0.0000    0.2386   1
TEH       35.7520   51.3890    0.0000    0.0000       0       0      25       1    0.0000    0.4502   1
ALA       36.0830   52.8100    0.0000    0.0000       0       0    4791     740    0.0000    0.3117   1
FIR       35.6420   52.7540    0.0000    0.0000       0       0   14797    2959    0.0000    0.2756   1
CHTH      35.9080   51.1260    0.0000    0.0000       0       0      13       0    0.0000    0.4430   1
HSB       35.4380   51.2760    0.0000    0.0000       0       0     218       1    0.0000    0.3206   1
LAS       35.3800   52.9590    0.0000    0.0000       0       0   11171     597    0.0000    0.2945   1
VRN       34.9950   51.7270    0.0000    0.0000       0       0    6093     156    0.0000    0.2811   1
SHM       35.8060   53.2840    0.0000    0.0000       0       0   13195    1819    0.0000    0.2451   1
MHD       35.6850   50.6670    0.0000    0.0000       0       0     601      10    0.0000    0.3379   1
QALM      36.4320   50.6460    0.0000    0.0000       0       0     279      32    0.0000    0.3267   1
KIA       36.2070   53.6840    0.0000    0.0000       0       0     451      39    0.0000    0.4350   1
QOM       34.8420   51.0630    0.0000    0.0000       0       0     286       3    0.0000    0.3061   1
IL5       35.2130   50.5810    0.0000    0.0000       0       0      40       0    0.0000    0.4094   1
GZV       36.3860   50.2180    0.0000    0.0000       0       0     198      22    0.0000    0.4143   1
GLO       36.5020   53.8310    0.0000    0.0000       0       0    1749      30    0.0000    0.3271   1
GHVR      34.4800   51.2450    0.0000    0.0000       0       0      12       0    0.0000    0.5923   1
ANJ       35.4680   53.9150    0.0000    0.0000       0       0   10909      17    0.0000    0.1994   1
SFB       34.3520   52.2410    0.0000    0.0000       0       0     130       3    0.0000    0.4470   1
RAZ       35.4050   49.9290    0.0000    0.0000       0       0    1332       8    0.0000    0.2765   1
QABG      35.7080   49.5820    0.0000    0.0000       0       0     158       0    0.0000    0.4027   1
KRSH      33.9690   52.1350    0.0000    0.0000       0       0     497       0    0.0000    0.3755   1
ASAO      34.5480   50.0260    0.0000    0.0000       0       0       4       0    0.0000    0.4836   1
QAM       33.7610   51.4400    0.0000    0.0000       0       0     149       1    0.0000    0.3360   1
KLH       33.3190   51.5780    0.0000    0.0000       0       0     358       2    0.0000    0.3318   1
AFJ       35.8550   51.7120    0.0000    0.0000       0       0      58       0    0.0000    0.3249   2
PRN       36.2420   52.3380    0.0000    0.0000       0       0       3       0    0.0000    0.5588   2
DMV       35.5770   52.0320    0.0000    0.0000       0       0    1185      10    0.0000    0.3971   2
FIR       35.6420   52.7540    0.0000    0.0000       0       0     258       0    0.0000    0.6063   2
CHTH      35.9080   51.1260    0.0000    0.0000       0       0       3       0    0.0000    0.1420   2
HSB       35.4380   51.2760    0.0000    0.0000       0       0       3       0    0.0000    0.3621   2
THKV      35.9160   50.8790    0.0000    0.0000       0       0       1       0    0.0000    0.0971   2
LAS       35.3800   52.9590    0.0000    0.0000       0       0       3       0    0.0000    0.7316   2
VRN       34.9950   51.7270    0.0000    0.0000       0       0    1048      10    0.0000    0.2300   2
MHD       35.6850   50.6670    0.0000    0.0000       0       0    1892     293    0.0000    0.1928   2
QALM      36.4320   50.6460    0.0000    0.0000       0       0     302       0    0.0000    0.3936   2
QOM       34.8420   51.0630    0.0000    0.0000       0       0     210       3    0.0000    0.4750   2
IL5       35.2130   50.5810    0.0000    0.0000       0       0     204      39    0.0000    0.1944   2
GZV       36.3860   50.2180    0.0000    0.0000       0       0    1329      41    0.0000    0.2598   2
GHVR      34.4800   51.2450    0.0000    0.0000       0       0       1       0    0.0000    0.3121   2
SFB       34.3520   52.2410    0.0000    0.0000       0       0       6       0    0.0000    0.3464   2
RAZ       35.4050   49.9290    0.0000    0.0000       0       0    2569     879    0.0000    0.2188   2
QABG      35.7080   49.5820    0.0000    0.0000       0       0    1063      64    0.0000    0.3665   2
KRSH      33.9690   52.1350    0.0000    0.0000       0       0      94       0    0.0000    0.5040   2
ASAO      34.5480   50.0260    0.0000    0.0000       0       0       3       0    0.0000    0.3820   2
QAM       33.7610   51.4400    0.0000    0.0000       0       0      14       0    0.0000    0.3524   2
QSDN      36.5040   49.1740    0.0000    0.0000       0       0      31       0    0.0000    0.2871   2
HKZM      35.3770   48.9040    0.0000    0.0000       0       0     141       2    0.0000    0.1849   2
HAGD      34.8220   49.1390    0.0000    0.0000       0       0     790       2    0.0000    0.1708   2
KLH       33.3190   51.5780    0.0000    0.0000       0       0     234       0    0.0000    0.5263   2
AFJ       35.8550   51.7120    0.0000    0.0000       0       0       1       0    0.0000    0.6447   3
DMV       35.5770   52.0320    0.0000    0.0000       0       0     592       0    0.0000    0.4740   3
FIR       35.6420   52.7540    0.0000    0.0000       0       0     154       0    0.0000    0.3762   3
VRN       34.9950   51.7270    0.0000    0.0000       0       0    2202     143    0.0000    0.3985   3
MHD       35.6850   50.6670    0.0000    0.0000       0       0     372      56    0.0000    0.3211   3
IL5       35.2130   50.5810    0.0000    0.0000       0       0     310      17    0.0000    0.3406   3
GZV       36.3860   50.2180    0.0000    0.0000       0       0     424       0    0.0000    0.4804   3
RAZ       35.4050   49.9290    0.0000    0.0000       0       0    1681     496    0.0000    0.2795   3
QABG      35.7080   49.5820    0.0000    0.0000       0       0       2       0    0.0000    0.2668   3
QAM       33.7610   51.4400    0.0000    0.0000       0       0    1718     924    0.0000    0.3533   3
HKZM      35.3770   48.9040    0.0000    0.0000       0       0     181       0    0.0000    0.7639   3
HAGD      34.8220   49.1390    0.0000    0.0000       0       0      93      17    0.0000    0.5107   3
KLH       33.3190   51.5780    0.0000    0.0000       0       0    2193     316    0.0000    0.3203   3
AFJ       35.8550   51.7120    0.0000    0.0000       0       0       7       0    0.0000    0.2836   4
PRN       36.2420   52.3380    0.0000    0.0000       0       0      39       0    0.0000    0.7193   4
DMV       35.5770   52.0320    0.0000    0.0000       0       0      52       0    0.0000    0.8153   4
TEH       35.7520   51.3890    0.0000    0.0000       0       0       1       0    0.0000    0.0823   4
ALA       36.0830   52.8100    0.0000    0.0000       0       0      19       0    0.0000    0.4841   4
FIR       35.6420   52.7540    0.0000    0.0000       0       0       2       0    0.0000    0.7852   4
CHTH      35.9080   51.1260    0.0000    0.0000       0       0       7       0    0.0000    0.1800   4
HSB       35.4380   51.2760    0.0000    0.0000       0       0      10       0    0.0000    0.1811   4
THKV      35.9160   50.8790    0.0000    0.0000       0       0       1       0    0.0000    0.4254   4
VRN       34.9950   51.7270    0.0000    0.0000       0       0       6       0    0.0000    0.8564   4
MHD       35.6850   50.6670    0.0000    0.0000       0       0     274       1    0.0000    0.2963   4
QALM      36.4320   50.6460    0.0000    0.0000       0       0     305       8    0.0000    0.3290   4
QOM       34.8420   51.0630    0.0000    0.0000       0       0       1       0    0.0000    0.1787   4
IL5       35.2130   50.5810    0.0000    0.0000       0       0       4       0    0.0000    0.5569   4
GZV       36.3860   50.2180    0.0000    0.0000       0       0     278      53    0.0000    0.3713   4
QCNT      36.2900   50.0090    0.0000    0.0000       0       0       4       0    0.0000    0.4350   4
RAZ       35.4050   49.9290    0.0000    0.0000       0       0     322       6    0.0000    0.3765   4
QABG      35.7080   49.5820    0.0000    0.0000       0       0     295      15    0.0000    0.5382   4
ASAO      34.5480   50.0260    0.0000    0.0000       0       0       4       0    0.0000    0.8978   4
QSDN      36.5040   49.1740    0.0000    0.0000       0       0      55      11    0.0000    0.6717   4
HKZM      35.3770   48.9040    0.0000    0.0000       0       0       9       0    0.0000    0.4753   4
HAGD      34.8220   49.1390    0.0000    0.0000       0       0      24       0    0.0000    0.5586   4
AFJ       35.8550   51.7120    0.0000    0.0000       0       0      25       0    0.0000    0.3242   5
DMV       35.5770   52.0320    0.0000    0.0000       0       0     229       0    0.0000    0.4165   5
FIR       35.6420   52.7540    0.0000    0.0000       0       0      27       0    0.0000    0.3648   5
HSB       35.4380   51.2760    0.0000    0.0000       0       0       1       0    0.0000    0.1562   5
VRN       34.9950   51.7270    0.0000    0.0000       0       0     380       4    0.0000    0.2243   5
SHM       35.8060   53.2840    0.0000    0.0000       0       0       2       0    0.0000    1.1908   5
MHD       35.6850   50.6670    0.0000    0.0000       0       0      52       0    0.0000    0.2673   5
QALM      36.4320   50.6460    0.0000    0.0000       0       0       2       0    0.0000    0.7087   5
QOM       34.8420   51.0630    0.0000    0.0000       0       0      73       9    0.0000    0.4422   5
IL5       35.2130   50.5810    0.0000    0.0000       0       0       1       0    0.0000    0.0357   5
GZV       36.3860   50.2180    0.0000    0.0000       0       0       4       0    0.0000    0.8961   5
SFB       34.3520   52.2410    0.0000    0.0000       0       0       1       0    0.0000    0.6723   5
RAZ       35.4050   49.9290    0.0000    0.0000       0       0     303       9    0.0000    0.2174   5
QABG      35.7080   49.5820    0.0000    0.0000       0       0     113       0    0.0000    0.6333   5
KRSH      33.9690   52.1350    0.0000    0.0000       0       0     110       0    0.0000    0.2717   5
QAM       33.7610   51.4400    0.0000    0.0000       0       0     104      40    0.0000    0.2997   5
HAGD      34.8220   49.1390    0.0000    0.0000       0       0      87       0    0.0000    0.2092   5
KLH       33.3190   51.5780    0.0000    0.0000       0       0     359      69    0.0000    0.2888   5
AFJ       35.8550   51.7120    0.0000    0.0000       0       0       1       0    0.0000    0.0407   6
PRN       36.2420   52.3380    0.0000    0.0000       0       0       3       0    0.0000    0.9833   6
DMV       35.5770   52.0320    0.0000    0.0000       0       0     521       1    0.0000    0.4736   6
TEH       35.7520   51.3890    0.0000    0.0000       0       0       3       0    0.0000    0.1939   6
ALA       36.0830   52.8100    0.0000    0.0000       0       0       8       0    0.0000    0.4413   6
FIR       35.6420   52.7540    0.0000    0.0000       0       0     272       0    0.0000    0.3747   6
HSB       35.4380   51.2760    0.0000    0.0000       0       0      69       0    0.0000    0.2212   6
LAS       35.3800   52.9590    0.0000    0.0000       0       0     115       0    0.0000    0.7613   6
VRN       34.9950   51.7270    0.0000    0.0000       0       0     290      12    0.0000    0.2538   6
SHM       35.8060   53.2840    0.0000    0.0000       0       0      69       0    0.0000    0.6375   6
MHD       35.6850   50.6670    0.0000    0.0000       0       0     135       3    0.0000    0.2819   6
QALM      36.4320   50.6460    0.0000    0.0000       0       0       3       0    0.0000    0.6557   6
KIA       36.2070   53.6840    0.0000    0.0000       0       0       1       0    0.0000    1.6776   6
QOM       34.8420   51.0630    0.0000    0.0000       0       0     137      35    0.0000    0.3026   6
IL5       35.2130   50.5810    0.0000    0.0000       0       0       7       0    0.0000    0.7327   6
GZV       36.3860   50.2180    0.0000    0.0000       0       0      20       0    0.0000    0.4509   6
GHVR      34.4800   51.2450    0.0000    0.0000       0       0       3       0    0.0000    0.1513   6
ANJ       35.4680   53.9150    0.0000    0.0000       0       0      26       0    0.0000    0.4572   6
SFB       34.3520   52.2410    0.0000    0.0000       0       0       6       0    0.0000    0.3224   6
RAZ       35.4050   49.9290    0.0000    0.0000       0       0     297       1    0.0000    0.1944   6
QABG      35.7080   49.5820    0.0000    0.0000       0       0      78       0    0.0000    0.7607   6
KRSH      33.9690   52.1350    0.0000    0.0000       0       0     162       1    0.0000    0.2849   6
ASAO      34.5480   50.0260    0.0000    0.0000       0       0       3       0    0.0000    0.4273   6
QAM       33.7610   51.4400    0.0000    0.0000       0       0     219      33    0.0000    0.3441   6
QSDN      36.5040   49.1740    0.0000    0.0000       0       0       3       0    0.0000    0.3647   6
HKZM      35.3770   48.9040    0.0000    0.0000       0       0       1       0    0.0000    0.3170   6
HAGD      34.8220   49.1390    0.0000    0.0000       0       0      18       0    0.0000    0.2575   6
KLH       33.3190   51.5780    0.0000    0.0000       0       0     499      32    0.0000    0.2502   6
PRN       36.2420   52.3380    0.0000    0.0000       0       0       5       0    0.0000    0.6814   7
DMV       35.5770   52.0320    0.0000    0.0000       0       0     147       1    0.0000    0.1850   7
TEH       35.7520   51.3890    0.0000    0.0000       0       0       1       0    0.0000    0.0524   7
FIR       35.6420   52.7540    0.0000    0.0000       0       0      32       0    0.0000    0.3526   7
CHTH      35.9080   51.1260    0.0000    0.0000       0       0       2       0    0.0000    0.0198   7
HSB       35.4380   51.2760    0.0000    0.0000       0       0      76       0    0.0000    0.3263   7
LAS       35.3800   52.9590    0.0000    0.0000       0       0      18       0    0.0000    0.6606   7
VRN       34.9950   51.7270    0.0000    0.0000       0       0     160      14    0.0000    0.1911   7
SHM       35.8060   53.2840    0.0000    0.0000       0       0      10       0    0.0000    0.4341   7
MHD       35.6850   50.6670    0.0000    0.0000       0       0      99       0    0.0000    0.1391   7
QALM      36.4320   50.6460    0.0000    0.0000       0       0      23       0    0.0000    0.1744   7
QOM       34.8420   51.0630    0.0000    0.0000       0       0     127      15    0.0000    0.1895   7
GZV       36.3860   50.2180    0.0000    0.0000       0       0       6       0    0.0000    0.2617   7
GHVR      34.4800   51.2450    0.0000    0.0000       0       0       2       0    0.0000    0.2389   7
SFB       34.3520   52.2410    0.0000    0.0000       0       0       1       0    0.0000    0.0794   7
RAZ       35.4050   49.9290    0.0000    0.0000       0       0     167       6    0.0000    0.1726   7
QABG      35.7080   49.5820    0.0000    0.0000       0       0      35       0    0.0000    0.4078   7
KRSH      33.9690   52.1350    0.0000    0.0000       0       0      77       0    0.0000    0.2576   7
ASAO      34.5480   50.0260    0.0000    0.0000       0       0       2       0    0.0000    0.0531   7
QAM       33.7610   51.4400    0.0000    0.0000       0       0     114      20    0.0000    0.3194   7
QSDN      36.5040   49.1740    0.0000    0.0000       0       0       1       0    0.0000    0.0534   7
HAGD      34.8220   49.1390    0.0000    0.0000       0       0      44       0    0.0000    0.1634   7
KLH       33.3190   51.5780    0.0000    0.0000       0       0     161       6    0.0000    0.1803   7
AFJ       35.8550   51.7120    0.0000    0.0000       0       0       8       0    0.0000    0.2782   8
PRN       36.2420   52.3380    0.0000    0.0000       0       0       1       0    0.0000    0.7632   8
DMV       35.5770   52.0320    0.0000    0.0000       0       0      77       1    0.0000    0.3670   8
TEH       35.7520   51.3890    0.0000    0.0000       0       0       1       0    0.0000    0.0562   8
FIR       35.6420   52.7540    0.0000    0.0000       0       0      41       0    0.0000    0.4655   8
CHTH      35.9080   51.1260    0.0000    0.0000       0       0       2       0    0.0000    0.2005   8
HSB       35.4380   51.2760    0.0000    0.0000       0       0      17       0    0.0000    0.2418   8
IL3       35.4760   51.0240    0.0000    0.0000       0       0       1       0    0.0000    0.3540   8
LAS       35.3800   52.9590    0.0000    0.0000       0       0       5       0    0.0000    0.6961   8
VRN       34.9950   51.7270    0.0000    0.0000       0       0      61       0    0.0000    0.4790   8
MHD       35.6850   50.6670    0.0000    0.0000       0       0      44       3    0.0000    0.2574   8
QALM      36.4320   50.6460    0.0000    0.0000       0       0      27       0    0.0000    0.1370   8
QOM       34.8420   51.0630    0.0000    0.0000       0       0      14       0    0.0000    0.3035   8
IL5       35.2130   50.5810    0.0000    0.0000       0       0      11       0    0.0000    0.3600   8
GZV       36.3860   50.2180    0.0000    0.0000       0       0      70       1    0.0000    0.3286   8
GHVR      34.4800   51.2450    0.0000    0.0000       0       0       3       0    0.0000    0.6287   8
SFB       34.3520   52.2410    0.0000    0.0000       0       0       1       0    0.0000    0.2478   8
RAZ       35.4050   49.9290    0.0000    0.0000       0       0      85      14    0.0000    0.2486   8
QABG      35.7080   49.5820    0.0000    0.0000       0       0      49       0    0.0000    0.4322   8
KRSH      33.9690   52.1350    0.0000    0.0000       0       0       8       0    0.0000    0.3526   8
ASAO      34.5480   50.0260    0.0000    0.0000       0       0       4       0    0.0000    0.2080   8
QAM       33.7610   51.4400    0.0000    0.0000       0       0      18       0    0.0000    0.3312   8
QSDN      36.5040   49.1740    0.0000    0.0000       0       0       1       0    0.0000    0.1310   8
HKZM      35.3770   48.9040    0.0000    0.0000       0       0      20       0    0.0000    0.3143   8
HAGD      34.8220   49.1390    0.0000    0.0000       0       0      66       9    0.0000    0.3612   8
KLH       33.3190   51.5780    0.0000    0.0000       0       0      30       0    0.0000    0.5010   8
DMV       35.5770   52.0320    0.0000    0.0000       0       0      57       0    0.0000    0.1940   9
VRN       34.9950   51.7270    0.0000    0.0000       0       0      36       0    0.0000    0.3821   9
MHD       35.6850   50.6670    0.0000    0.0000       0       0     247       1    0.0000    0.1083   9
QALM      36.4320   50.6460    0.0000    0.0000       0       0     228       9    0.0000    0.2745   9
GZV       36.3860   50.2180    0.0000    0.0000       0       0     227      62    0.0000    0.4049   9
RAZ       35.4050   49.9290    0.0000    0.0000       0       0     218       0    0.0000    0.2784   9
QABG      35.7080   49.5820    0.0000    0.0000       0       0     201       0    0.0000    0.7008   9
QSDN      36.5040   49.1740    0.0000    0.0000       0       0       9       0    0.0000    0.2275   9
PRN       36.2420   52.3380    0.0000    0.0000       0       0      12       1    0.0000    0.5839  10
DMV       35.5770   52.0320    0.0000    0.0000       0       0      13       0    0.0000    0.5901  10
ALA       36.0830   52.8100    0.0000    0.0000       0       0      12       3    0.0000    0.5744  10
FIR       35.6420   52.7540    0.0000    0.0000       0       0       7       0    0.0000    0.4222  10
LAS       35.3800   52.9590    0.0000    0.0000       0       0       8       0    0.0000    0.6625  10
SHM       35.8060   53.2840    0.0000    0.0000       0       0      14       0    0.0000    0.4975  10
GLO       36.5020   53.8310    0.0000    0.0000       0       0      15      10    0.0000    0.6250  10
ANJ       35.4680   53.9150    0.0000    0.0000       0       0       8       0    0.0000    0.4274  10
DMV       35.5770   52.0320    0.0000    0.0000       0       0      30       0    0.0000    0.2522  11
FIR       35.6420   52.7540    0.0000    0.0000       0       0      14       0    0.0000    0.3863  11
VRN       34.9950   51.7270    0.0000    0.0000       0       0      48       0    0.0000    0.2079  11
MHD       35.6850   50.6670    0.0000    0.0000       0       0      47      25    0.0000    0.1532  11
IL5       35.2130   50.5810    0.0000    0.0000       0       0      15       5    0.0000    0.2424  11
GZV       36.3860   50.2180    0.0000    0.0000       0       0      38       1    0.0000    0.1740  11
RAZ       35.4050   49.9290    0.0000    0.0000       0       0      43      12    0.0000    0.2277  11
QAM       33.7610   51.4400    0.0000    0.0000       0       0       6       0    0.0000    0.3121  11
KLH       33.3190   51.5780    0.0000    0.0000       0       0       1       0    0.0000    0.2373  11
AFJ       35.8550   51.7120    0.0000    0.0000       0       0       1       0    0.0000    0.2025  12
PRN       36.2420   52.3380    0.0000    0.0000       0       0       2       0    0.0000    0.7149  12
DMV       35.5770   52.0320    0.0000    0.0000       0       0      41       3    0.0000    0.2484  12
ALA       36.0830   52.8100    0.0000    0.0000       0       0       2       0    0.0000    0.3617  12
FIR       35.6420   52.7540    0.0000    0.0000       0       0      37       0    0.0000    0.4055  12
LAS       35.3800   52.9590    0.0000    0.0000       0       0      37       0    0.0000    0.6142  12
VRN       34.9950   51.7270    0.0000    0.0000       0       0      17       8    0.0000    0.4825  12
SHM       35.8060   53.2840    0.0000    0.0000       0       0      12       0    0.0000    0.3354  12
MHD       35.6850   50.6670    0.0000    0.0000       0       0       6       0    0.0000    0.2789  12
GHVR      34.4800   51.2450    0.0000    0.0000       0       0       1       0    0.0000    0.3964  12
ANJ       35.4680   53.9150    0.0000    0.0000       0       0      15       0    0.0000    0.3978  12
SFB       34.3520   52.2410    0.0000    0.0000       0       0       1       1    0.0000    0.0961  12
RAZ       35.4050   49.9290    0.0000    0.0000       0       0       7       0    0.0000    0.3051  12
QABG      35.7080   49.5820    0.0000    0.0000       0       0       3       0    0.0000    0.1524  12
KRSH      33.9690   52.1350    0.0000    0.0000       0       0       5       5    0.0000    0.3433  12
QAM       33.7610   51.4400    0.0000    0.0000       0       0      16       7    0.0000    0.4461  12
KLH       33.3190   51.5780    0.0000    0.0000       0       0      40       8    0.0000    0.2233  12
AFJ       35.8550   51.7120    0.0000    0.0000       0       0       5       0    0.0000    0.9270  13
DMV       35.5770   52.0320    0.0000    0.0000       0       0      11       0    0.0000    0.2425  13
ALA       36.0830   52.8100    0.0000    0.0000       0       0       2       0    0.0000    0.1708  13
FIR       35.6420   52.7540    0.0000    0.0000       0       0      16       0    0.0000    0.2683  13
LAS       35.3800   52.9590    0.0000    0.0000       0       0       4       0    0.0000    0.6546  13
VRN       34.9950   51.7270    0.0000    0.0000       0       0      10       0    0.0000    0.3825  13
SHM       35.8060   53.2840    0.0000    0.0000       0       0      16       0    0.0000    0.2468  13
KIA       36.2070   53.6840    0.0000    0.0000       0       0       9       0    0.0000    0.6835  13
ANJ       35.4680   53.9150    0.0000    0.0000       0       0      16       0    0.0000    0.3101  13
KRSH      33.9690   52.1350    0.0000    0.0000       0       0      15       0    0.0000    0.2382  13
KLH       33.3190   51.5780    0.0000    0.0000       0       0      10       0    0.0000    0.4298  13
DMV       35.5770   52.0320    0.0000    0.0000       0       0       2       0    0.0000    1.3060  14
VRN       34.9950   51.7270    0.0000    0.0000       0       0       1       0    0.0000    1.1413  14
QALM      36.4320   50.6460    0.0000    0.0000       0       0       6       0    0.0000    0.6672  14
GZV       36.3860   50.2180    0.0000    0.0000       0       0      11       0    0.0000    0.6716  14
RAZ       35.4050   49.9290    0.0000    0.0000       0       0      11       0    0.0000    0.6286  14
QABG      35.7080   49.5820    0.0000    0.0000       0       0      11       1    0.0000    0.6980  14
HKZM      35.3770   48.9040    0.0000    0.0000       0       0       9       1    0.0000    0.5457  14
HAGD      34.8220   49.1390    0.0000    0.0000       0       0      10       0    0.0000    0.5324  14
PRN       36.2420   52.3380    0.0000    0.0000       0       0       1       0    0.0000    0.8253  15
DAMV      35.6300   51.9710    0.0000    0.0000       0       0       1       0    0.0000    0.0348  15
DMV       35.5770   52.0320    0.0000    0.0000       0       0      16       0    0.0000    0.4342  15
ALA       36.0830   52.8100    0.0000    0.0000       0       0       2       0    0.0000    0.5691  15
FIR       35.6420   52.7540    0.0000    0.0000       0       0      13       0    0.0000    0.7811  15
CHTH      35.9080   51.1260    0.0000    0.0000       0       0       1       0    0.0000    0.1054  15
LAS       35.3800   52.9590    0.0000    0.0000       0       0       8       0    0.0000    0.7560  15
VRN       34.9950   51.7270    0.0000    0.0000       0       0       8       2    0.0000    0.3725  15
SHM       35.8060   53.2840    0.0000    0.0000       0       0       5       0    0.0000    0.4174  15
MHD       35.6850   50.6670    0.0000    0.0000       0       0       7       0    0.0000    0.2928  15
QALM      36.4320   50.6460    0.0000    0.0000       0       0       1       0    0.0000    0.5738  15
QOM       34.8420   51.0630    0.0000    0.0000       0       0       3       0    0.0000    0.3835  15
GZV       36.3860   50.2180    0.0000    0.0000       0       0       2       0    0.0000    0.2710  15
GLO       36.5020   53.8310    0.0000    0.0000       0       0       1       0    0.0000    1.2197  15
GHVR      34.4800   51.2450    0.0000    0.0000       0       0       1       0    0.0000    0.0290  15
ANJ       35.4680   53.9150    0.0000    0.0000       0       0       3       0    0.0000    0.7070  15
RAZ       35.4050   49.9290    0.0000    0.0000       0       0      10       0    0.0000    0.5568  15
QABG      35.7080   49.5820    0.0000    0.0000       0       0       5       0    0.0000    0.6694  15
KRSH      33.9690   52.1350    0.0000    0.0000       0       0       2       0    0.0000    0.4035  15
ASAO      34.5480   50.0260    0.0000    0.0000       0       0       2       0    0.0000    0.1649  15
QAM       33.7610   51.4400    0.0000    0.0000       0       0       2       0    0.0000    0.2268  15
HAGD      34.8220   49.1390    0.0000    0.0000       0       0       1       0    0.0000    1.1317  15
KLH       33.3190   51.5780    0.0000    0.0000       0       0      12       1    0.0000    0.6742  15
AFJ       35.8550   51.7120    0.0000    0.0000       0       0       5       0    0.0000    0.3543  16
PRN       36.2420   52.3380    0.0000    0.0000       0       0       1       0    0.0000    0.3844  16
DMV       35.5770   52.0320    0.0000    0.0000       0       0       9       0    0.0000    1.1877  16
ALA       36.0830   52.8100    0.0000    0.0000       0       0       1       0    0.0000    0.3659  16
FIR       35.6420   52.7540    0.0000    0.0000       0       0       2       0    0.0000    0.3731  16
HSB       35.4380   51.2760    0.0000    0.0000       0       0       1       0    0.0000    0.2838  16
LAS       35.3800   52.9590    0.0000    0.0000       0       0       1       0    0.0000    1.2515  16
VRN       34.9950   51.7270    0.0000    0.0000       0       0       6       0    0.0000    0.4849  16
MHD       35.6850   50.6670    0.0000    0.0000       0       0      10       8    0.0000    0.4122  16
QOM       34.8420   51.0630    0.0000    0.0000       0       0       1       0    0.0000    0.0166  16
GZV       36.3860   50.2180    0.0000    0.0000       0       0       1       0    0.0000    0.5890  16
ANJ       35.4680   53.9150    0.0000    0.0000       0       0       1       0    0.0000    0.3058  16
RAZ       35.4050   49.9290    0.0000    0.0000       0       0      10       1    0.0000    0.3824  16
QABG      35.7080   49.5820    0.0000    0.0000       0       0       1       0    0.0000    0.5730  16
PRN       36.2420   52.3380    0.0000    0.0000       0       0       2       0    0.0000    0.6591  17
DMV       35.5770   52.0320    0.0000    0.0000       0       0       5       2    0.0000    0.4946  17
ALA       36.0830   52.8100    0.0000    0.0000       0       0       2       0    0.0000    0.9671  17
FIR       35.6420   52.7540    0.0000    0.0000       0       0       8       1    0.0000    0.2848  17
LAS       35.3800   52.9590    0.0000    0.0000       0       0       8       0    0.0000    0.4207  17
VRN       34.9950   51.7270    0.0000    0.0000       0       0       1       0    0.0000    0.3993  17
SHM       35.8060   53.2840    0.0000    0.0000       0       0       3       0    0.0000    0.2723  17
MHD       35.6850   50.6670    0.0000    0.0000       0       0       1       0    0.0000    0.2977  17
IL5       35.2130   50.5810    0.0000    0.0000       0       0       1       0    0.0000    0.9073  17
GLO       36.5020   53.8310    0.0000    0.0000       0       0       1       0    0.0000    3.1159  17
ANJ       35.4680   53.9150    0.0000    0.0000       0       0       6       0    0.0000    0.4858  17
RAZ       35.4050   49.9290    0.0000    0.0000       0       0       6       0    0.0000    0.4679  17
QAM       33.7610   51.4400    0.0000    0.0000       0       0       3       1    0.0000    0.5644  17
KLH       33.3190   51.5780    0.0000    0.0000       0       0       5       0    0.0000    0.4016  17
DMV       35.5770   52.0320    0.0000    0.0000       0       0       2       0    0.0000    1.4827  18
HSB       35.4380   51.2760    0.0000    0.0000       0       0       1       0    0.0000    0.5931  18
VRN       34.9950   51.7270    0.0000    0.0000       0       0       1       0    0.0000    0.0385  18
MHD       35.6850   50.6670    0.0000    0.0000       0       0       6       0    0.0000    0.2179  18
QALM      36.4320   50.6460    0.0000    0.0000       0       0       6       0    0.0000    0.3608  18
QOM       34.8420   51.0630    0.0000    0.0000       0       0       4       0    0.0000    0.7718  18
GZV       36.3860   50.2180    0.0000    0.0000       0       0      10       0    0.0000    0.5499  18
RAZ       35.4050   49.9290    0.0000    0.0000       0       0      12      11    0.0000    0.4918  18
QABG      35.7080   49.5820    0.0000    0.0000       0       0       9       1    0.0000    0.3748  18
QSDN      36.5040   49.1740    0.0000    0.0000       0       0       3       0    0.0000    0.1291  18
HAGD      34.8220   49.1390    0.0000    0.0000       0       0       4       0    0.0000    0.3482  18
DMV       35.5770   52.0320    0.0000    0.0000       0       0       1       0    0.0000    0.1606  19
VRN       34.9950   51.7270    0.0000    0.0000       0       0       4       0    0.0000    0.3579  19
MHD       35.6850   50.6670    0.0000    0.0000       0       0       1       0    0.0000    0.5313  19
QOM       34.8420   51.0630    0.0000    0.0000       0       0       3       0    0.0000    0.1882  19
SFB       34.3520   52.2410    0.0000    0.0000       0       0       1       0    0.0000    0.0703  19
RAZ       35.4050   49.9290    0.0000    0.0000       0       0       2       0    0.0000    0.9021  19
KRSH      33.9690   52.1350    0.0000    0.0000       0       0       3       1    0.0000    0.2078  19
QAM       33.7610   51.4400    0.0000    0.0000       0       0       3       0    0.0000    0.0445  19
KLH       33.3190   51.5780    0.0000    0.0000       0       0       4       1    0.0000    0.4316  19
PRN       36.2420   52.3380    0.0000    0.0000       0       0       4       0    0.0000    0.3250  20
DMV       35.5770   52.0320    0.0000    0.0000       0       0       3       0    0.0000    1.0190  20
HSB       35.4380   51.2760    0.0000    0.0000       0       0       1       0    0.0000    0.4434  20
MHD       35.6850   50.6670    0.0000    0.0000       0       0       7       0    0.0000    0.3089  20
QALM      36.4320   50.6460    0.0000    0.0000       0       0       7       2    0.0000    0.5546  20
QOM       34.8420   51.0630    0.0000    0.0000       0       0       1       0    0.0000    0.6899  20
GZV       36.3860   50.2180    0.0000    0.0000       0       0       5       2    0.0000    0.4597  20
RAZ       35.4050   49.9290    0.0000    0.0000       0       0       7       0    0.0000    0.3266  20
QABG      35.7080   49.5820    0.0000    0.0000       0       0       7       0    0.0000    0.5470  20
HAGD      34.8220   49.1390    0.0000    0.0000       0       0       1       0    0.0000    0.3232  20
PRN       36.2420   52.3380    0.0000    0.0000       0       0       4       0    0.0000    0.8023  22
DMV       35.5770   52.0320    0.0000    0.0000       0       0       1       0    0.0000    1.2269  22
FIR       35.6420   52.7540    0.0000    0.0000       0       0       4       0    0.0000    0.7292  22
LAS       35.3800   52.9590    0.0000    0.0000       0       0       1       0    0.0000    0.4923  22
SHM       35.8060   53.2840    0.0000    0.0000       0       0       3       0    0.0000    0.8736  22
GLO       36.5020   53.8310    0.0000    0.0000       0       0       4       0    0.0000    0.1783  22
ANJ       35.4680   53.9150    0.0000    0.0000       0       0       4       0    0.0000    0.4504  22
DMV       35.5770   52.0320    0.0000    0.0000       0       0       1       0    0.0000    0.7524  23
MHD       35.6850   50.6670    0.0000    0.0000       0       0      10       0    0.0000    0.1915  23
QALM      36.4320   50.6460    0.0000    0.0000       0       0       3       0    0.0000    0.1510  23
QOM       34.8420   51.0630    0.0000    0.0000       0       0      10       0    0.0000    0.3814  23
GZV       36.3860   50.2180    0.0000    0.0000       0       0      10       0    0.0000    0.1528  23
RAZ       35.4050   49.9290    0.0000    0.0000       0       0      15       6    0.0000    0.1566  23
QABG      35.7080   49.5820    0.0000    0.0000       0       0      15       1    0.0000    0.4605  23
HAGD      34.8220   49.1390    0.0000    0.0000       0       0      15       1    0.0000    0.3125  23
AFJ       35.8550   51.7120    0.0000    0.0000       0       0       6       0    0.0000    0.4055  24
PRN       36.2420   52.3380    0.0000    0.0000       0       0       6       0    0.0000    0.7944  24
CHTH      35.9080   51.1260    0.0000    0.0000       0       0      10       0    0.0000    0.1883  24
THKV      35.9160   50.8790    0.0000    0.0000       0       0      14       0    0.0000    0.7061  24
MHD       35.6850   50.6670    0.0000    0.0000       0       0      15       0    0.0000    0.3196  24
QALM      36.4320   50.6460    0.0000    0.0000       0       0       3       0    0.0000    0.6004  24
GZV       36.3860   50.2180    0.0000    0.0000       0       0      15       0    0.0000    0.1200  24
RAZ       35.4050   49.9290    0.0000    0.0000       0       0      10       0    0.0000    0.2199  24
QABG      35.7080   49.5820    0.0000    0.0000       0       0      10       0    0.0000    0.8531  24
HKZM      35.3770   48.9040    0.0000    0.0000       0       0       8       0    0.0000    1.1282  24
DMV       35.5770   52.0320    0.0000    0.0000       0       0       5       0    0.0000    0.7270  25
FIR       35.6420   52.7540    0.0000    0.0000       0       0       4       0    0.0000    0.8706  25
LAS       35.3800   52.9590    0.0000    0.0000       0       0       1       0    0.0000    0.0216  25
VRN       34.9950   51.7270    0.0000    0.0000       0       0       5       0    0.0000    0.5547  25
SHM       35.8060   53.2840    0.0000    0.0000       0       0       3       0    0.0000    0.3580  25
ANJ       35.4680   53.9150    0.0000    0.0000       0       0       3       0    0.0000    0.7477  25
QAM       33.7610   51.4400    0.0000    0.0000       0       0       3       1    0.0000    0.1594  25
KLH       33.3190   51.5780    0.0000    0.0000       0       0       4       1    0.0000    0.8034  25
AFJ       35.8550   51.7120    0.0000    0.0000       0       0       1       0    0.0000    0.0426  26
PRN       36.2420   52.3380    0.0000    0.0000       0       0       3       0    0.0000    0.3791  26
DMV       35.5770   52.0320    0.0000    0.0000       0       0       2       0    0.0000    0.3174  26
ALA       36.0830   52.8100    0.0000    0.0000       0       0       3       2    0.0000    0.5544  26
FIR       35.6420   52.7540    0.0000    0.0000       0       0       3       0    0.0000    0.5619  26
LAS       35.3800   52.9590    0.0000    0.0000       0       0       1       0    0.0000    0.2368  26
VRN       34.9950   51.7270    0.0000    0.0000       0       0       1       0    0.0000    1.1089  26
SHM       35.8060   53.2840    0.0000    0.0000       0       0       3       0    0.0000    0.4251  26
GLO       36.5020   53.8310    0.0000    0.0000       0       0       1       1    0.0000    0.3647  26
ANJ       35.4680   53.9150    0.0000    0.0000       0       0       3       0    0.0000    0.4566  26
DMV       35.5770   52.0320    0.0000    0.0000       0       0       2       0    0.0000    0.6381  27
FIR       35.6420   52.7540    0.0000    0.0000       0       0       1       0    0.0000    0.3289  27
LAS       35.3800   52.9590    0.0000    0.0000       0       0       2       0    0.0000    1.2228  27
VRN       34.9950   51.7270    0.0000    0.0000       0       0       1       0    0.0000    0.7869  27
MHD       35.6850   50.6670    0.0000    0.0000       0       0       1       0    0.0000    0.4217  27
IL5       35.2130   50.5810    0.0000    0.0000       0       0       2       2    0.0000    0.7031  27
RAZ       35.4050   49.9290    0.0000    0.0000       0       0       1       0    0.0000    1.2333  27
QAM       33.7610   51.4400    0.0000    0.0000       0       0       1       0    0.0000    2.3841  27
KLH       33.3190   51.5780    0.0000    0.0000       0       0       2       0    0.0000    1.5256  27
DMV       35.5770   52.0320    0.0000    0.0000       0       0       6       0    0.0000    0.4920  28
HSB       35.4380   51.2760    0.0000    0.0000       0       0       2       0    0.0000    0.4160  28
MHD       35.6850   50.6670    0.0000    0.0000       0       0       6       6    0.0000    0.1645  28
QALM      36.4320   50.6460    0.0000    0.0000       0       0       1       0    0.0000    0.0832  28
GZV       36.3860   50.2180    0.0000    0.0000       0       0       6       0    0.0000    0.4644  28
RAZ       35.4050   49.9290    0.0000    0.0000       0       0       6       0    0.0000    0.2250  28
DMV       35.5770   52.0320    0.0000    0.0000       0       0       2       0    0.0000    0.2076  29
VRN       34.9950   51.7270    0.0000    0.0000       0       0       2       0    0.0000    0.5321  29
MHD       35.6850   50.6670    0.0000    0.0000       0       0       2       0    0.0000    0.4583  29
QALM      36.4320   50.6460    0.0000    0.0000       0       0       2       0    0.0000    0.1341  29
QOM       34.8420   51.0630    0.0000    0.0000       0       0       1       0    0.0000    0.1965  29
GZV       36.3860   50.2180    0.0000    0.0000       0       0       1       1    0.0000    0.1474  29
RAZ       35.4050   49.9290    0.0000    0.0000       0       0       2       0    0.0000    0.5270  29
QABG      35.7080   49.5820    0.0000    0.0000       0       0       1       0    0.0000    0.0497  29
PRN       36.2420   52.3380    0.0000    0.0000       0       0       1       1    0.0000    0.3676  30
DMV       35.5770   52.0320    0.0000    0.0000       0       0       1       0    0.0000    0.3416  30
ALA       36.0830   52.8100    0.0000    0.0000       0       0       1       0    0.0000    0.1446  30
FIR       35.6420   52.7540    0.0000    0.0000       0       0       1       0    0.0000    0.3744  30
GLO       36.5020   53.8310    0.0000    0.0000       0       0       1       0    0.0000    0.0106  30
AFJ       35.8550   51.7120    0.0000    0.0000       0       0       6       0    0.0000    0.1532  31
PRN       36.2420   52.3380    0.0000    0.0000       0       0       6       0    0.0000    0.2785  31
DMV       35.5770   52.0320    0.0000    0.0000       0       0       6       6    0.0000    0.2199  31
ALA       36.0830   52.8100    0.0000    0.0000       0       0       6       0    0.0000    0.7377  31
FIR       35.6420   52.7540    0.0000    0.0000       0       0       6       0    0.0000    0.3747  31
DMV       35.5770   52.0320    0.0000    0.0000       0       0       1       1    0.0000    0.2301  32
FIR       35.6420   52.7540    0.0000    0.0000       0       0       1       0    0.0000    0.1744  32
MHD       35.6850   50.6670    0.0000    0.0000       0       0       1       1    0.0000    0.0278  32
IL5       35.2130   50.5810    0.0000    0.0000       0       0       1       1    0.0000    0.1886  32
RAZ       35.4050   49.9290    0.0000    0.0000       0       0       1       0    0.0000    0.1992  32
PRN       36.2420   52.3380    0.0000    0.0000       0       0       2       0    0.0000    0.6175  33
DMV       35.5770   52.0320    0.0000    0.0000       0       0       1       0    0.0000    0.3621  33
ALA       36.0830   52.8100    0.0000    0.0000       0       0       1       0    0.0000    0.0960  33
FIR       35.6420   52.7540    0.0000    0.0000       0       0       2       0    0.0000    0.3253  33
LAS       35.3800   52.9590    0.0000    0.0000       0       0       2       0    0.0000    0.1433  33
SHM       35.8060   53.2840    0.0000    0.0000       0       0       1       0    0.0000    0.8039  33
GLO       36.5020   53.8310    0.0000    0.0000       0       0       2       1    0.0000    0.4278  33
ANJ       35.4680   53.9150    0.0000    0.0000       0       0       1       0    0.0000    0.8074  33
DMV       35.5770   52.0320    0.0000    0.0000       0       0       2       0    0.0000    0.3183  34
TEH       35.7520   51.3890    0.0000    0.0000       0       0       2       2    0.0000    0.3202  34
FIR       35.6420   52.7540    0.0000    0.0000       0       0       1       0    0.0000    0.0140  34
HSB       35.4380   51.2760    0.0000    0.0000       0       0       1       0    0.0000    0.1961  34
VRN       34.9950   51.7270    0.0000    0.0000       0       0       2       0    0.0000    0.3536  34
MHD       35.6850   50.6670    0.0000    0.0000       0       0       1       0    0.0000    0.4709  34
QALM      36.4320   50.6460    0.0000    0.0000       0       0       1       0    0.0000    0.7895  34
GZV       36.3860   50.2180    0.0000    0.0000       0       0       1       0    0.0000    0.4563  34
RAZ       35.4050   49.9290    0.0000    0.0000       0       0       2       0    0.0000    0.8076  34
QABG      35.7080   49.5820    0.0000    0.0000       0       0       1       0    0.0000    0.6485  34
DMV       35.5770   52.0320    0.0000    0.0000       0       0       3       0    0.0000    0.0299  35
TEH       35.7520   51.3890    0.0000    0.0000       0       0       0       1    0.0000    0.0318  35
HSB       35.4380   51.2760    0.0000    0.0000       0       0       3       0    0.0000    0.0555  35
LAS       35.3800   52.9590    0.0000    0.0000       0       0       1       0    0.0000    0.3261  35
SHM       35.8060   53.2840    0.0000    0.0000       0       0       1       0    0.0000    0.1927  35
MHD       35.6850   50.6670    0.0000    0.0000       0       0       3       1    0.0000    0.3588  35
QALM      36.4320   50.6460    0.0000    0.0000       0       0       3       0    0.0000    0.4836  35
RAZ       35.4050   49.9290    0.0000    0.0000       0       0       3       0    0.0000    0.6253  35
QABG      35.7080   49.5820    0.0000    0.0000       0       0       3       0    0.0000    1.0534  35
PRN       36.2420   52.3380    0.0000    0.0000       0       0       1       1    0.0000    1.2860  36
ALA       36.0830   52.8100    0.0000    0.0000       0       0       1       0    0.0000    1.2534  36
FIR       35.6420   52.7540    0.0000    0.0000       0       0       1       0    0.0000    0.8504  36
SHM       35.8060   53.2840    0.0000    0.0000       0       0       1       0    0.0000    0.3859  36
GLO       36.5020   53.8310    0.0000    0.0000       0       0       1       0    0.0000    1.0371  36
PRN       36.2420   52.3380    0.0000    0.0000       0       0       1       0    0.0000    0.6614  37
ALA       36.0830   52.8100    0.0000    0.0000       0       0       1       0    0.0000    0.3919  37
MHD       35.6850   50.6670    0.0000    0.0000       0       0       1       0    0.0000    0.8620  37
QALM      36.4320   50.6460    0.0000    0.0000       0       0       1       0    0.0000    0.2524  37
GZV       36.3860   50.2180    0.0000    0.0000       0       0       1       1    0.0000    0.7613  37
QABG      35.7080   49.5820    0.0000    0.0000       0       0       1       0    0.0000    0.9245  37
VRN       34.9950   51.7270    0.0000    0.0000       0       0       2       0    0.0000    0.6207  40
MHD       35.6850   50.6670    0.0000    0.0000       0       0       1       0    0.0000    0.5371  40
GHVR      34.4800   51.2450    0.0000    0.0000       0       0       1       0    0.0000    0.0988  40
RAZ       35.4050   49.9290    0.0000    0.0000       0       0       1       0    0.0000    0.7005  40
ASAO      34.5480   50.0260    0.0000    0.0000       0       0       1       0    0.0000    0.3573  40
HKZM      35.3770   48.9040    0.0000    0.0000       0       0       1       1    0.0000    0.6701  40
HAGD      34.8220   49.1390    0.0000    0.0000       0       0       2       0    0.0000    0.8243  40
KLH       33.3190   51.5780    0.0000    0.0000       0       0       2       0    0.0000    0.6191  40
PRN       36.2420   52.3380    0.0000    0.0000       0       0       1       0    0.0000    0.3229  41
ALA       36.0830   52.8100    0.0000    0.0000       0       0       1       0    0.0000    0.8047  41
VRN       34.9950   51.7270    0.0000    0.0000       0       0       1       0    0.0000    1.6100  41
SHM       35.8060   53.2840    0.0000    0.0000       0       0       1       0    0.0000    1.9608  41
MHD       35.6850   50.6670    0.0000    0.0000       0       0       1       0    0.0000    0.0042  41
GZV       36.3860   50.2180    0.0000    0.0000       0       0       1       1    0.0000    1.1491  41
DMV       35.5770   52.0320    0.0000    0.0000       0       0       2       0    0.0000    0.1991  42
FIR       35.6420   52.7540    0.0000    0.0000       0       0       2       0    0.0000    0.9071  42
VRN       34.9950   51.7270    0.0000    0.0000       0       0       2       0    0.0000    0.4488  42
MHD       35.6850   50.6670    0.0000    0.0000       0       0       2       2    0.0000    0.3425  42
RAZ       35.4050   49.9290    0.0000    0.0000       0       0       2       0    0.0000    0.8358  42
QAM       33.7610   51.4400    0.0000    0.0000       0       0       1       0    0.0000    0.3266  42
PRN       36.2420   52.3380    0.0000    0.0000       0       0       1       0    0.0000    0.1424  43
DMV       35.5770   52.0320    0.0000    0.0000       0       0       1       0    0.0000    0.2906  43
ALA       36.0830   52.8100    0.0000    0.0000       0       0       1       0    0.0000    0.3605  43
FIR       35.6420   52.7540    0.0000    0.0000       0       0       1       0    0.0000    0.7085  43
MHD       35.6850   50.6670    0.0000    0.0000       0       0       1       0    0.0000    0.7308  43
RAZ       35.4050   49.9290    0.0000    0.0000       0       0       1       0    0.0000    0.0762  43
FIR       35.6420   52.7540    0.0000    0.0000       0       0       1       0    0.0000    0.6890  44
LAS       35.3800   52.9590    0.0000    0.0000       0       0       1       0    0.0000    1.2510  44
VRN       34.9950   51.7270    0.0000    0.0000       0       0       1       0    0.0000    0.5287  44
SHM       35.8060   53.2840    0.0000    0.0000       0       0       1       0    0.0000    1.1149  44
ANJ       35.4680   53.9150    0.0000    0.0000       0       0       1       1    0.0000    1.2897  44
DMV       35.5770   52.0320    0.0000    0.0000       0       0       1       0    0.0000    0.4326  45
HSB       35.4380   51.2760    0.0000    0.0000       0       0       1       0    0.0000    0.0830  45
MHD       35.6850   50.6670    0.0000    0.0000       0       0       1       0    0.0000    0.1157  45
QOM       34.8420   51.0630    0.0000    0.0000       0       0       1       1    0.0000    0.2602  45
RAZ       35.4050   49.9290    0.0000    0.0000       0       0       1       0    0.0000    0.2616  45
QABG      35.7080   49.5820    0.0000    0.0000       0       0       1       0    0.0000    0.0565  45
DMV       35.5770   52.0320    0.0000    0.0000       0       0       1       1    0.0000    1.1704  46
FIR       35.6420   52.7540    0.0000    0.0000       0       0       1       0    0.0000    1.1928  46
LAS       35.3800   52.9590    0.0000    0.0000       0       0       1       0    0.0000    0.1136  46
VRN       34.9950   51.7270    0.0000    0.0000       0       0       1       1    0.0000    0.6603  46
QALM      36.4320   50.6460    0.0000    0.0000       0       0       1       0    0.0000    1.4615  47
GZV       36.3860   50.2180    0.0000    0.0000       0       0       1       0    0.0000    0.3235  47
RAZ       35.4050   49.9290    0.0000    0.0000       0       0       1       0    0.0000    0.1738  47
QABG      35.7080   49.5820    0.0000    0.0000       0       0       1       1    0.0000    0.2625  47
QSDN      36.5040   49.1740    0.0000    0.0000       0       0       1       0    0.0000    0.3465  47
MHD       35.6850   50.6670    0.0000    0.0000       0       0       1       0    0.0000    0.4560  48
QALM      36.4320   50.6460    0.0000    0.0000       0       0       1       0    0.0000    0.3463  48
GZV       36.3860   50.2180    0.0000    0.0000       0       0       1       0    0.0000    1.0575  48
RAZ       35.4050   49.9290    0.0000    0.0000       0       0       1       0    0.0000    1.0013  48
QABG      35.7080   49.5820    0.0000    0.0000       0       0       1       0    0.0000    0.7099  48
QSDN      36.5040   49.1740    0.0000    0.0000       0       0       1       0    0.0000    0.1706  48
DMV       35.5770   52.0320    0.0000    0.0000       0       0       1       0    0.0000    0.1178  52
LAS       35.3800   52.9590    0.0000    0.0000       0       0       1       0    0.0000    0.1709  52
SHM       35.8060   53.2840    0.0000    0.0000       0       0       1       0    0.0000    0.2181  52
KLH       33.3190   51.5780    0.0000    0.0000       0       0       1       0    0.0000    0.1928  52
PRN       36.2420   52.3380    0.0000    0.0000       0       0       1       0    0.0000    0.6393  54
DMV       35.5770   52.0320    0.0000    0.0000       0       0       1       1    0.0000    0.6154  54
VRN       34.9950   51.7270    0.0000    0.0000       0       0       1       0    0.0000    0.4390  54
MHD       35.6850   50.6670    0.0000    0.0000       0       0       1       0    0.0000    1.4233  54
RAZ       35.4050   49.9290    0.0000    0.0000       0       0       1       0    0.0000    0.1132  54
LAS       35.3800   52.9590    0.0000    0.0000       0       0       1       0    0.0000    0.8125  55
SHM       35.8060   53.2840    0.0000    0.0000       0       0       1       0    0.0000    0.1170  55
ANJ       35.4680   53.9150    0.0000    0.0000       0       0       1       0    0.0000    0.8329  55
SFB       34.3520   52.2410    0.0000    0.0000       0       0       1       0    0.0000    0.3233  55
KRSH      33.9690   52.1350    0.0000    0.0000       0       0       1       0    0.0000    0.6140  55
KLH       33.3190   51.5780    0.0000    0.0000       0       0       1       0    0.0000    0.4103  55
DMV       35.5770   52.0320    0.0000    0.0000       0       0       1       0    0.0000    0.2154  56
FIR       35.6420   52.7540    0.0000    0.0000       0       0       1       0    0.0000    0.2559  56
MHD       35.6850   50.6670    0.0000    0.0000       0       0       1       0    0.0000    0.7062  56
IL5       35.2130   50.5810    0.0000    0.0000       0       0       1       0    0.0000    0.5892  56
RAZ       35.4050   49.9290    0.0000    0.0000       0       0       1       1    0.0000    0.0427  56
DMV       35.5770   52.0320    0.0000    0.0000       0       0       1       0    0.0000    0.3350  57
VRN       34.9950   51.7270    0.0000    0.0000       0       0       1       1    0.0000    0.4064  57
MHD       35.6850   50.6670    0.0000    0.0000       0       0       1       0    0.0000    0.0318  57
RAZ       35.4050   49.9290    0.0000    0.0000       0       0       1       0    0.0000    0.2200  57
KLH       33.3190   51.5780    0.0000    0.0000       0       0       1       0    0.0000    0.9930  57
PRN       36.2420   52.3380    0.0000    0.0000       0       0       1       0    0.0000    0.0500  59
MHD       35.6850   50.6670    0.0000    0.0000       0       0       1       1    0.0000    1.5733  59
GZV       36.3860   50.2180    0.0000    0.0000       0       0       1       1    0.0000    0.7612  59
RAZ       35.4050   49.9290    0.0000    0.0000       0       0       1       0    0.0000    1.2160  59
DMV       35.5770   52.0320    0.0000    0.0000       0       0       1       1    0.0000    0.1605  60
FIR       35.6420   52.7540    0.0000    0.0000       0       0       1       0    0.0000    0.1853  60
LAS       35.3800   52.9590    0.0000    0.0000       0       0       1       0    0.0000    0.0830  60
SHM       35.8060   53.2840    0.0000    0.0000       0       0       1       0    0.0000    0.1093  60
ANJ       35.4680   53.9150    0.0000    0.0000       0       0       1       0    0.0000    0.4088  60
KLH       33.3190   51.5780    0.0000    0.0000       0       0       1       0    0.0000    0.0471  60
PRN       36.2420   52.3380    0.0000    0.0000       0       0       1       1    0.0000    0.4123  62
ALA       36.0830   52.8100    0.0000    0.0000       0       0       1       0    0.0000    0.3488  62
FIR       35.6420   52.7540    0.0000    0.0000       0       0       1       0    0.0000    0.2001  62
VRN       34.9950   51.7270    0.0000    0.0000       0       0       1       0    0.0000    0.8844  62
GZV       36.3860   50.2180    0.0000    0.0000       0       0       1       1    0.0000    0.3505  62
