BNB       27.4490   56.5400    0.0000    0.0000       0       0    4374     858    0.0000    0.4268   1
BNDS      27.3990   56.1710    0.0000    0.0000       0       0    5485      14    0.0000    0.2218   1
CHMN      29.8610   57.5400    0.0000    0.0000       0       0    5020       0    0.0000    0.3543   1
GHIR      28.2860   52.9870    0.0000    0.0000       0       0     859       0    0.0000    0.8089   1
JASK      25.8670   57.8660    0.0000    0.0000       0       0    3590       0    0.0000    0.2103   1
JHRM      28.5050   53.5770    0.0000    0.0000       0       0      12       0    0.0000    0.8914   1
JSSH      25.9090   57.3870    0.0000    0.0000       0       0     672       0    0.0000    0.5619   1
KBAM      29.1360   58.4520    0.0000    0.0000       0       0    5443       0    0.0000    0.3191   1
KHGB      30.3750   56.4770    0.0000    0.0000       0       0    1425       0    0.0000    0.4208   1
KRBR      29.9830   56.7600    0.0000    0.0000       0       0     597       0    0.0000    0.9153   1
KSHB      30.2410   55.1170    0.0000    0.0000       0       0     409       0    0.0000    0.5703   1
KSHD      30.3450   57.5120    0.0000    0.0000       0       0     607       0    0.0000    0.4672   1
LMD1      27.3400   53.1650    0.0000    0.0000       0       0     272       0    0.0000    0.8262   1
MZJN      28.0600   54.6520    0.0000    0.0000       0       0       1       0    0.0000    0.1594   1
MZN1      28.0590   54.6520    0.0000    0.0000       0       0    5001     894    0.0000    0.4395   1
UOSS      24.9450   56.2040    0.0000    0.0000       0       0     873       0    0.0000    0.3365   1
BNB       27.4490   56.5400    0.0000    0.0000       0       0       2       0    0.0000    0.1305   2
CHMN      29.8610   57.5400    0.0000    0.0000       0       0       1       0    0.0000    0.1115   2
JASK      25.8670   57.8660    0.0000    0.0000       0       0       2       0    0.0000    0.2645   2
KBAM      29.1360   58.4520    0.0000    0.0000       0       0       2       0    0.0000    0.3305   2
KHGB      30.3750   56.4770    0.0000    0.0000       0       0       1       0    0.0000    0.5232   2
KRBR      29.9830   56.7600    0.0000    0.0000       0       0       1       0    0.0000    0.4528   2
KSHD      30.3450   57.5120    0.0000    0.0000       0       0       2       0    0.0000    0.3362   2
MZJN      28.0600   54.6520    0.0000    0.0000       0       0       1       0    0.0000    0.1364   2
BNDS      27.3990   56.1710    0.0000    0.0000       0       0       1       0    0.0000    0.5989   3
JASK      25.8670   57.8660    0.0000    0.0000       0       0       1       0    0.0000    0.8390   3
JSSH      25.9090   57.3870    0.0000    0.0000       0       0       1       0    0.0000    0.7032   3
KBAM      29.1360   58.4520    0.0000    0.0000       0       0       1       0    0.0000    1.1104   3
KRBR      29.9830   56.7600    0.0000    0.0000       0       0       1       0    0.0000    1.1486   3
LMD1      27.3400   53.1650    0.0000    0.0000       0       0       1       0    0.0000    0.5159   3
BNB       27.4490   56.5400    0.0000    0.0000       0       0       1       0    0.0000    0.2108   4
CHMN      29.8610   57.5400    0.0000    0.0000       0       0       1       0    0.0000    0.0894   4
JHRM      28.5050   53.5770    0.0000    0.0000       0       0       1       0    0.0000    0.1418   4
KRBR      29.9830   56.7600    0.0000    0.0000       0       0       1       0    0.0000    0.8107   4
KSHD      30.3450   57.5120    0.0000    0.0000       0       0       1       0    0.0000    0.1196   4
MZN1      28.0590   54.6520    0.0000    0.0000       0       0       1       0    0.0000    0.7170   4
