AFJ       35.8550   51.7120    0.0000    0.0000       0       0    2164    1042    0.0000    0.2532   1
PRN       36.2420   52.3380    0.0000    0.0000       0       0    1838     652    0.0000    0.4050   1
DMV       35.5770   52.0320    0.0000    0.0000       0       0   14138    6310    0.0000    0.2819   1
ALA       36.0830   52.8100    0.0000    0.0000       0       0    3167    1270    0.0000    0.3339   1
FIR       35.6420   52.7540    0.0000    0.0000       0       0   27268   12035    0.0000    0.2556   1
IL3       35.4760   51.0240    0.0000    0.0000       0       0       8       2    0.0000    0.5112   1
LAS       35.3800   52.9590    0.0000    0.0000       0       0   23015   10601    0.0000    0.2261   1
TBB       34.9950   51.7270    0.0000    0.0000       0       0     522      90    0.0000    0.2669   1
VRN       34.9950   51.7270    0.0000    0.0000       0       0   14193    3023    0.0000    0.2697   1
SHM       35.8060   53.2840    0.0000    0.0000       0       0   25234   13881    0.0000    0.2243   1
MHD       35.6850   50.6670    0.0000    0.0000       0       0     982     318    0.0000    0.3815   1
KIA       36.2070   53.6840    0.0000    0.0000       0       0    2395     740    0.0000    0.2889   1
IL5       35.2130   50.5810    0.0000    0.0000       0       0      69       2    0.0000    0.4404   1
GZV       36.3860   50.2180    0.0000    0.0000       0       0      50       3    0.0000    0.3645   1
GLO       36.5020   53.8310    0.0000    0.0000       0       0    1904      74    0.0000    0.3168   1
ANJ       35.4680   53.9150    0.0000    0.0000       0       0   16923     670    0.0000    0.1902   1
SFB       34.3520   52.2410    0.0000    0.0000       0       0    5032     359    0.0000    0.2837   1
RAZ       35.4050   49.9290    0.0000    0.0000       0       0    1965     223    0.0000    0.3053   1
QAM       33.7610   51.4400    0.0000    0.0000       0       0      17       0    0.0000    0.2353   1
KLH       33.3190   51.5780    0.0000    0.0000       0       0     185       3    0.0000    0.3199   1
AFJ       35.8550   51.7120    0.0000    0.0000       0       0     430      29    0.0000    0.3863   2
PRN       36.2420   52.3380    0.0000    0.0000       0       0      12       0    0.0000    0.7859   2
DMV       35.5770   52.0320    0.0000    0.0000       0       0    1616     216    0.0000    0.3730   2
ALA       36.0830   52.8100    0.0000    0.0000       0       0      27       0    0.0000    0.3530   2
FIR       35.6420   52.7540    0.0000    0.0000       0       0     647       0    0.0000    0.4633   2
IL3       35.4760   51.0240    0.0000    0.0000       0       0      10       1    0.0000    0.4086   2
LAS       35.3800   52.9590    0.0000    0.0000       0       0      68       0    0.0000    0.4139   2
TBB       34.9950   51.7270    0.0000    0.0000       0       0     309     119    0.0000    0.2526   2
VRN       34.9950   51.7270    0.0000    0.0000       0       0    1935     485    0.0000    0.3047   2
SHM       35.8060   53.2840    0.0000    0.0000       0       0     205       0    0.0000    0.5011   2
MHD       35.6850   50.6670    0.0000    0.0000       0       0    2174     982    0.0000    0.2374   2
IL5       35.2130   50.5810    0.0000    0.0000       0       0     467     101    0.0000    0.2249   2
GZV       36.3860   50.2180    0.0000    0.0000       0       0     705     134    0.0000    0.2290   2
SFB       34.3520   52.2410    0.0000    0.0000       0       0     505     182    0.0000    0.3705   2
RAZ       35.4050   49.9290    0.0000    0.0000       0       0    2802    1641    0.0000    0.1746   2
QAM       33.7610   51.4400    0.0000    0.0000       0       0       1       0    0.0000    0.0475   2
KLH       33.3190   51.5780    0.0000    0.0000       0       0     715     374    0.0000    0.2838   2
AFJ       35.8550   51.7120    0.0000    0.0000       0       0      34       6    0.0000    0.1631   3
PRN       36.2420   52.3380    0.0000    0.0000       0       0       7       0    0.0000    0.3588   3
DMV       35.5770   52.0320    0.0000    0.0000       0       0     133      43    0.0000    0.3317   3
ALA       36.0830   52.8100    0.0000    0.0000       0       0       3       0    0.0000    0.2131   3
FIR       35.6420   52.7540    0.0000    0.0000       0       0      87       0    0.0000    0.2597   3
IL3       35.4760   51.0240    0.0000    0.0000       0       0       6       3    0.0000    0.2153   3
LAS       35.3800   52.9590    0.0000    0.0000       0       0      20       1    0.0000    0.4793   3
TBB       34.9950   51.7270    0.0000    0.0000       0       0       6       0    0.0000    0.2419   3
VRN       34.9950   51.7270    0.0000    0.0000       0       0     147      78    0.0000    0.2770   3
SHM       35.8060   53.2840    0.0000    0.0000       0       0      20       0    0.0000    0.5326   3
MHD       35.6850   50.6670    0.0000    0.0000       0       0     131      90    0.0000    0.2696   3
IL5       35.2130   50.5810    0.0000    0.0000       0       0      49       7    0.0000    0.1246   3
GZV       36.3860   50.2180    0.0000    0.0000       0       0      16       1    0.0000    0.3165   3
ANJ       35.4680   53.9150    0.0000    0.0000       0       0       3       0    0.0000    0.1767   3
SFB       34.3520   52.2410    0.0000    0.0000       0       0      47       3    0.0000    0.2248   3
RAZ       35.4050   49.9290    0.0000    0.0000       0       0     173     116    0.0000    0.1300   3
KLH       33.3190   51.5780    0.0000    0.0000       0       0      16       0    0.0000    0.4265   3
AFJ       35.8550   51.7120    0.0000    0.0000       0       0       3       0    0.0000    0.1388   4
PRN       36.2420   52.3380    0.0000    0.0000       0       0      39       1    0.0000    0.5141   4
DMV       35.5770   52.0320    0.0000    0.0000       0       0     196      71    0.0000    0.3678   4
ALA       36.0830   52.8100    0.0000    0.0000       0       0      30       3    0.0000    0.4733   4
FIR       35.6420   52.7540    0.0000    0.0000       0       0     197      48    0.0000    0.4070   4
IL3       35.4760   51.0240    0.0000    0.0000       0       0       1       0    0.0000    0.3035   4
LAS       35.3800   52.9590    0.0000    0.0000       0       0     188      62    0.0000    0.4905   4
TBB       34.9950   51.7270    0.0000    0.0000       0       0       2       0    0.0000    0.0692   4
VRN       34.9950   51.7270    0.0000    0.0000       0       0     231     134    0.0000    0.2982   4
SHM       35.8060   53.2840    0.0000    0.0000       0       0     137      37    0.0000    0.3314   4
MHD       35.6850   50.6670    0.0000    0.0000       0       0      56      10    0.0000    0.5474   4
KIA       36.2070   53.6840    0.0000    0.0000       0       0      45       0    0.0000    0.3566   4
IL5       35.2130   50.5810    0.0000    0.0000       0       0      18       0    0.0000    0.4179   4
GZV       36.3860   50.2180    0.0000    0.0000       0       0      46       0    0.0000    0.4931   4
GLO       36.5020   53.8310    0.0000    0.0000       0       0      19       0    0.0000    0.7232   4
ANJ       35.4680   53.9150    0.0000    0.0000       0       0      91       0    0.0000    0.3616   4
SFB       34.3520   52.2410    0.0000    0.0000       0       0      64      51    0.0000    0.1764   4
RAZ       35.4050   49.9290    0.0000    0.0000       0       0     106       0    0.0000    0.3825   4
QAM       33.7610   51.4400    0.0000    0.0000       0       0       1       0    0.0000    0.7165   4
KLH       33.3190   51.5780    0.0000    0.0000       0       0     152      55    0.0000    0.2286   4
AFJ       35.8550   51.7120    0.0000    0.0000       0       0       2       0    0.0000    0.2216   5
PRN       36.2420   52.3380    0.0000    0.0000       0       0       1       0    0.0000    0.0951   5
DMV       35.5770   52.0320    0.0000    0.0000       0       0      11       2    0.0000    0.5356   5
FIR       35.6420   52.7540    0.0000    0.0000       0       0      11       0    0.0000    0.7663   5
IL3       35.4760   51.0240    0.0000    0.0000       0       0       1       0    0.0000    0.2681   5
LAS       35.3800   52.9590    0.0000    0.0000       0       0       1       0    0.0000    0.3422   5
VRN       34.9950   51.7270    0.0000    0.0000       0       0      75      17    0.0000    0.5178   5
MHD       35.6850   50.6670    0.0000    0.0000       0       0     101      78    0.0000    0.3924   5
IL5       35.2130   50.5810    0.0000    0.0000       0       0      13       2    0.0000    0.2987   5
GZV       36.3860   50.2180    0.0000    0.0000       0       0      71      61    0.0000    0.3109   5
SFB       34.3520   52.2410    0.0000    0.0000       0       0      17       0    0.0000    0.7378   5
RAZ       35.4050   49.9290    0.0000    0.0000       0       0     100      24    0.0000    0.5266   5
AFJ       35.8550   51.7120    0.0000    0.0000       0       0       2       0    0.0000    0.3363   6
PRN       36.2420   52.3380    0.0000    0.0000       0       0      29       0    0.0000    0.7014   6
DMV       35.5770   52.0320    0.0000    0.0000       0       0      42       0    0.0000    0.8093   6
ALA       36.0830   52.8100    0.0000    0.0000       0       0       1       0    0.0000    2.0280   6
FIR       35.6420   52.7540    0.0000    0.0000       0       0       2       0    0.0000    0.4785   6
VRN       34.9950   51.7270    0.0000    0.0000       0       0      31       0    0.0000    0.7746   6
MHD       35.6850   50.6670    0.0000    0.0000       0       0      57      41    0.0000    0.4908   6
IL5       35.2130   50.5810    0.0000    0.0000       0       0       8       0    0.0000    0.2931   6
GZV       36.3860   50.2180    0.0000    0.0000       0       0      34      31    0.0000    0.7047   6
RAZ       35.4050   49.9290    0.0000    0.0000       0       0      62      39    0.0000    0.8517   6
AFJ       35.8550   51.7120    0.0000    0.0000       0       0       4       0    0.0000    0.8743   7
DMV       35.5770   52.0320    0.0000    0.0000       0       0      25       0    0.0000    0.7976   7
IL3       35.4760   51.0240    0.0000    0.0000       0       0       2       0    0.0000    0.7043   7
VRN       34.9950   51.7270    0.0000    0.0000       0       0      13       0    0.0000    1.0356   7
MHD       35.6850   50.6670    0.0000    0.0000       0       0      62      34    0.0000    0.6090   7
IL5       35.2130   50.5810    0.0000    0.0000       0       0       6       4    0.0000    0.4774   7
GZV       36.3860   50.2180    0.0000    0.0000       0       0      41      36    0.0000    0.3991   7
RAZ       35.4050   49.9290    0.0000    0.0000       0       0      56      52    0.0000    0.4436   7
PRN       36.2420   52.3380    0.0000    0.0000       0       0       9       9    0.0000    0.7055   8
DMV       35.5770   52.0320    0.0000    0.0000       0       0       7       0    0.0000    0.5360   8
ALA       36.0830   52.8100    0.0000    0.0000       0       0      22      20    0.0000    0.2892   8
FIR       35.6420   52.7540    0.0000    0.0000       0       0      21       5    0.0000    0.7017   8
LAS       35.3800   52.9590    0.0000    0.0000       0       0       6       0    0.0000    0.2618   8
VRN       34.9950   51.7270    0.0000    0.0000       0       0       2       0    0.0000    0.5839   8
SHM       35.8060   53.2840    0.0000    0.0000       0       0      21       9    0.0000    0.6379   8
KIA       36.2070   53.6840    0.0000    0.0000       0       0      18      12    0.0000    0.4445   8
GLO       36.5020   53.8310    0.0000    0.0000       0       0      24      16    0.0000    0.3613   8
ANJ       35.4680   53.9150    0.0000    0.0000       0       0      19       0    0.0000    0.3898   8
SFB       34.3520   52.2410    0.0000    0.0000       0       0       4       0    0.0000    0.1319   8
PRN       36.2420   52.3380    0.0000    0.0000       0       0       4       0    0.0000    0.5021   9
DMV       35.5770   52.0320    0.0000    0.0000       0       0       2       0    0.0000    0.7803   9
ALA       36.0830   52.8100    0.0000    0.0000       0       0       5       1    0.0000    0.5637   9
FIR       35.6420   52.7540    0.0000    0.0000       0       0       5       0    0.0000    0.4594   9
LAS       35.3800   52.9590    0.0000    0.0000       0       0       4       0    0.0000    0.6187   9
SHM       35.8060   53.2840    0.0000    0.0000       0       0       6       1    0.0000    0.3603   9
KIA       36.2070   53.6840    0.0000    0.0000       0       0       4       2    0.0000    0.3572   9
GLO       36.5020   53.8310    0.0000    0.0000       0       0       6       2    0.0000    0.5568   9
ANJ       35.4680   53.9150    0.0000    0.0000       0       0       4       0    0.0000    0.3976   9
DMV       35.5770   52.0320    0.0000    0.0000       0       0       3       0    0.0000    0.6401  10
FIR       35.6420   52.7540    0.0000    0.0000       0       0       1       0    0.0000    0.5477  10
VRN       34.9950   51.7270    0.0000    0.0000       0       0       4       2    0.0000    0.3832  10
MHD       35.6850   50.6670    0.0000    0.0000       0       0       5       1    0.0000    0.3272  10
GZV       36.3860   50.2180    0.0000    0.0000       0       0       2       0    0.0000    0.3309  10
RAZ       35.4050   49.9290    0.0000    0.0000       0       0       4       4    0.0000    0.2279  10
AFJ       35.8550   51.7120    0.0000    0.0000       0       0       1       0    0.0000    0.4735  11
DMV       35.5770   52.0320    0.0000    0.0000       0       0      11       0    0.0000    0.3920  11
FIR       35.6420   52.7540    0.0000    0.0000       0       0       2       0    0.0000    0.6575  11
TBB       34.9950   51.7270    0.0000    0.0000       0       0       1       0    0.0000    0.2530  11
VRN       34.9950   51.7270    0.0000    0.0000       0       0      11       2    0.0000    0.3457  11
SHM       35.8060   53.2840    0.0000    0.0000       0       0       1       0    0.0000    1.2595  11
SFB       34.3520   52.2410    0.0000    0.0000       0       0       4       0    0.0000    0.2368  11
RAZ       35.4050   49.9290    0.0000    0.0000       0       0      11       0    0.0000    0.2954  11
KLH       33.3190   51.5780    0.0000    0.0000       0       0      11      11    0.0000    0.3647  11
DMV       35.5770   52.0320    0.0000    0.0000       0       0      21       0    0.0000    0.3639  12
IL3       35.4760   51.0240    0.0000    0.0000       0       0       0       2    0.0000    0.4761  12
VRN       34.9950   51.7270    0.0000    0.0000       0       0      28       0    0.0000    0.4011  12
MHD       35.6850   50.6670    0.0000    0.0000       0       0      18      10    0.0000    0.3609  12
IL5       35.2130   50.5810    0.0000    0.0000       0       0      28       0    0.0000    0.2112  12
GZV       36.3860   50.2180    0.0000    0.0000       0       0       9       0    0.0000    0.3797  12
SFB       34.3520   52.2410    0.0000    0.0000       0       0      28       0    0.0000    0.2380  12
RAZ       35.4050   49.9290    0.0000    0.0000       0       0      28       9    0.0000    0.5168  12
KLH       33.3190   51.5780    0.0000    0.0000       0       0      15       0    0.0000    0.6568  12
DMV       35.5770   52.0320    0.0000    0.0000       0       0       1       0    0.0000    0.0554  13
VRN       34.9950   51.7270    0.0000    0.0000       0       0       4       0    0.0000    0.2469  13
MHD       35.6850   50.6670    0.0000    0.0000       0       0       4       1    0.0000    0.4716  13
IL5       35.2130   50.5810    0.0000    0.0000       0       0       3       0    0.0000    0.3780  13
SFB       34.3520   52.2410    0.0000    0.0000       0       0       3       1    0.0000    0.1041  13
RAZ       35.4050   49.9290    0.0000    0.0000       0       0       4       0    0.0000    0.8245  13
KLH       33.3190   51.5780    0.0000    0.0000       0       0       1       1    0.0000    0.5956  13
PRN       36.2420   52.3380    0.0000    0.0000       0       0       3       1    0.0000    0.9789  14
DMV       35.5770   52.0320    0.0000    0.0000       0       0       2       0    0.0000    1.3131  14
FIR       35.6420   52.7540    0.0000    0.0000       0       0       3       0    0.0000    0.4017  14
LAS       35.3800   52.9590    0.0000    0.0000       0       0       3       0    0.0000    0.3734  14
SHM       35.8060   53.2840    0.0000    0.0000       0       0       4       3    0.0000    0.3911  14
KIA       36.2070   53.6840    0.0000    0.0000       0       0       4       4    0.0000    0.5188  14
GLO       36.5020   53.8310    0.0000    0.0000       0       0       4       0    0.0000    0.2430  14
ANJ       35.4680   53.9150    0.0000    0.0000       0       0       2       0    0.0000    0.6030  14
AFJ       35.8550   51.7120    0.0000    0.0000       0       0       1       0    0.0000    0.8047  16
DMV       35.5770   52.0320    0.0000    0.0000       0       0       1       0    0.0000    0.0635  16
FIR       35.6420   52.7540    0.0000    0.0000       0       0       1       0    0.0000    0.0034  16
LAS       35.3800   52.9590    0.0000    0.0000       0       0       1       1    0.0000    0.7996  16
VRN       34.9950   51.7270    0.0000    0.0000       0       0       1       1    0.0000    0.5461  16
SHM       35.8060   53.2840    0.0000    0.0000       0       0       1       0    0.0000    0.2441  16
KIA       36.2070   53.6840    0.0000    0.0000       0       0       1       0    0.0000    0.6126  16
ANJ       35.4680   53.9150    0.0000    0.0000       0       0       1       1    0.0000    0.8826  16
KLH       33.3190   51.5780    0.0000    0.0000       0       0       1       0    0.0000    1.7113  16
PRN       36.2420   52.3380    0.0000    0.0000       0       0       1       0    0.0000    0.0550  17
DMV       35.5770   52.0320    0.0000    0.0000       0       0       1       0    0.0000    0.2014  17
ALA       36.0830   52.8100    0.0000    0.0000       0       0       1       0    0.0000    0.0176  17
FIR       35.6420   52.7540    0.0000    0.0000       0       0       1       0    0.0000    0.0389  17
LAS       35.3800   52.9590    0.0000    0.0000       0       0       1       0    0.0000    0.1133  17
SHM       35.8060   53.2840    0.0000    0.0000       0       0       1       0    0.0000    0.0681  17
GLO       36.5020   53.8310    0.0000    0.0000       0       0       1       0    0.0000    0.2625  17
MHD       35.6850   50.6670    0.0000    0.0000       0       0       1       1    0.0000    0.4367  18
IL5       35.2130   50.5810    0.0000    0.0000       0       0       1       0    0.0000    0.9412  18
GZV       36.3860   50.2180    0.0000    0.0000       0       0       1       1    0.0000    0.4318  18
RAZ       35.4050   49.9290    0.0000    0.0000       0       0       1       0    0.0000    1.3931  18
PRN       36.2420   52.3380    0.0000    0.0000       0       0       6       3    0.0000    0.7290  19
DMV       35.5770   52.0320    0.0000    0.0000       0       0       2       0    0.0000    0.3103  19
ALA       36.0830   52.8100    0.0000    0.0000       0       0       3       0    0.0000    0.2104  19
FIR       35.6420   52.7540    0.0000    0.0000       0       0       4       0    0.0000    0.1245  19
LAS       35.3800   52.9590    0.0000    0.0000       0       0       6       0    0.0000    0.9184  19
SHM       35.8060   53.2840    0.0000    0.0000       0       0       2       1    0.0000    0.1686  19
GLO       36.5020   53.8310    0.0000    0.0000       0       0       6       6    0.0000    0.4977  19
FIR       35.6420   52.7540    0.0000    0.0000       0       0       1       0    0.0000    0.5561  20
VRN       34.9950   51.7270    0.0000    0.0000       0       0       1       0    0.0000    0.1908  20
RAZ       35.4050   49.9290    0.0000    0.0000       0       0       1       0    0.0000    0.0842  20
KLH       33.3190   51.5780    0.0000    0.0000       0       0       1       0    0.0000    0.3690  20
DMV       35.5770   52.0320    0.0000    0.0000       0       0       4       3    0.0000    0.2841  21
VRN       34.9950   51.7270    0.0000    0.0000       0       0       4       2    0.0000    0.3061  21
MHD       35.6850   50.6670    0.0000    0.0000       0       0       4       2    0.0000    0.2259  21
SFB       34.3520   52.2410    0.0000    0.0000       0       0       3       0    0.0000    0.1820  21
RAZ       35.4050   49.9290    0.0000    0.0000       0       0       3       1    0.0000    0.3342  21
DMV       35.5770   52.0320    0.0000    0.0000       0       0       2       0    0.0000    0.7591  22
TBB       34.9950   51.7270    0.0000    0.0000       0       0       1       0    0.0000    0.7803  22
VRN       34.9950   51.7270    0.0000    0.0000       0       0       2       0    0.0000    0.7886  22
MHD       35.6850   50.6670    0.0000    0.0000       0       0       1       1    0.0000    0.7186  22
SFB       34.3520   52.2410    0.0000    0.0000       0       0       1       0    0.0000    0.9303  22
RAZ       35.4050   49.9290    0.0000    0.0000       0       0       2       1    0.0000    0.7990  22
KLH       33.3190   51.5780    0.0000    0.0000       0       0       2       1    0.0000    0.7596  22
AFJ       35.8550   51.7120    0.0000    0.0000       0       0       1       0    0.0000    0.3472  24
DMV       35.5770   52.0320    0.0000    0.0000       0       0       2       0    0.0000    1.0199  24
VRN       34.9950   51.7270    0.0000    0.0000       0       0       2       0    0.0000    0.3394  24
MHD       35.6850   50.6670    0.0000    0.0000       0       0       2       1    0.0000    1.4263  24
GZV       36.3860   50.2180    0.0000    0.0000       0       0       3       1    0.0000    0.9771  24
SFB       34.3520   52.2410    0.0000    0.0000       0       0       1       0    0.0000    0.2746  24
RAZ       35.4050   49.9290    0.0000    0.0000       0       0       1       2    0.0000    1.9486  24
AFJ       35.8550   51.7120    0.0000    0.0000       0       0       1       0    0.0000    0.1800  25
VRN       34.9950   51.7270    0.0000    0.0000       0       0       1       0    0.0000    0.3260  25
MHD       35.6850   50.6670    0.0000    0.0000       0       0       1       0    0.0000    0.0186  25
IL5       35.2130   50.5810    0.0000    0.0000       0       0       1       0    0.0000    0.0799  25
GZV       36.3860   50.2180    0.0000    0.0000       0       0       1       0    0.0000    0.3974  25
RAZ       35.4050   49.9290    0.0000    0.0000       0       0       1       0    0.0000    0.3955  25
MHD       35.6850   50.6670    0.0000    0.0000       0       0       1       1    0.0000    0.1953  28
GZV       36.3860   50.2180    0.0000    0.0000       0       0       1       1    0.0000    0.3209  28
RAZ       35.4050   49.9290    0.0000    0.0000       0       0       1       1    0.0000    0.6045  28
FIR       35.6420   52.7540    0.0000    0.0000       0       0       1       1    0.0000    0.1734  29
LAS       35.3800   52.9590    0.0000    0.0000       0       0       1       0    0.0000    0.0387  29
VRN       34.9950   51.7270    0.0000    0.0000       0       0       1       0    0.0000    0.1009  29
SHM       35.8060   53.2840    0.0000    0.0000       0       0       1       0    0.0000    0.2230  29
ANJ       35.4680   53.9150    0.0000    0.0000       0       0       1       0    0.0000    0.1954  29
SFB       34.3520   52.2410    0.0000    0.0000       0       0       1       1    0.0000    0.5875  29
PRN       36.2420   52.3380    0.0000    0.0000       0       0       1       1    0.0000    0.4808  30
DMV       35.5770   52.0320    0.0000    0.0000       0       0       1       1    0.0000    0.3986  30
ALA       36.0830   52.8100    0.0000    0.0000       0       0       3       3    0.0000    0.5810  30
FIR       35.6420   52.7540    0.0000    0.0000       0       0       1       0    0.0000    0.0011  30
LAS       35.3800   52.9590    0.0000    0.0000       0       0       1       0    0.0000    0.3032  30
VRN       34.9950   51.7270    0.0000    0.0000       0       0       3       0    0.0000    0.2089  30
SHM       35.8060   53.2840    0.0000    0.0000       0       0       3       1    0.0000    0.7264  30
MHD       35.6850   50.6670    0.0000    0.0000       0       0       1       0    0.0000    0.5644  30
KIA       36.2070   53.6840    0.0000    0.0000       0       0       3       0    0.0000    0.4285  30
GLO       36.5020   53.8310    0.0000    0.0000       0       0       1       0    0.0000    1.1081  30
PRN       36.2420   52.3380    0.0000    0.0000       0       0       1       0    0.0000    1.7701  31
DMV       35.5770   52.0320    0.0000    0.0000       0       0       1       0    0.0000    0.3104  31
FIR       35.6420   52.7540    0.0000    0.0000       0       0       1       0    0.0000    0.2632  31
VRN       34.9950   51.7270    0.0000    0.0000       0       0       1       0    0.0000    0.1300  31
MHD       35.6850   50.6670    0.0000    0.0000       0       0       1       0    0.0000    0.4799  31
RAZ       35.4050   49.9290    0.0000    0.0000       0       0       1       0    0.0000    0.3665  31
DMV       35.5770   52.0320    0.0000    0.0000       0       0       1       1    0.0000    0.3672  33
FIR       35.6420   52.7540    0.0000    0.0000       0       0       1       0    0.0000    0.0110  33
LAS       35.3800   52.9590    0.0000    0.0000       0       0       1       0    0.0000    0.4121  33
SHM       35.8060   53.2840    0.0000    0.0000       0       0       1       0    0.0000    0.3659  33
SFB       34.3520   52.2410    0.0000    0.0000       0       0       1       1    0.0000    0.3682  33
KLH       33.3190   51.5780    0.0000    0.0000       0       0       0       1    0.0000    0.0429  33
VRN       34.9950   51.7270    0.0000    0.0000       0       0       1       0    0.0000    1.2129  34
MHD       35.6850   50.6670    0.0000    0.0000       0       0       1       0    0.0000    0.6413  34
GZV       36.3860   50.2180    0.0000    0.0000       0       0       1       1    0.0000    1.0615  34
PRN       36.2420   52.3380    0.0000    0.0000       0       0       1       0    0.0000    0.2656  36
DMV       35.5770   52.0320    0.0000    0.0000       0       0       1       0    0.0000    0.6246  36
ALA       36.0830   52.8100    0.0000    0.0000       0       0       1       0    0.0000    1.1647  36
FIR       35.6420   52.7540    0.0000    0.0000       0       0       1       0    0.0000    0.7356  36
VRN       34.9950   51.7270    0.0000    0.0000       0       0       1       0    0.0000    0.0313  36
MHD       35.6850   50.6670    0.0000    0.0000       0       0       1       0    0.0000    0.1384  36
GZV       36.3860   50.2180    0.0000    0.0000       0       0       1       1    0.0000    0.5332  36
RAZ       35.4050   49.9290    0.0000    0.0000       0       0       1       0    0.0000    1.0412  36
PRN       36.2420   52.3380    0.0000    0.0000       0       0       1       0    0.0000    0.4375  37
MHD       35.6850   50.6670    0.0000    0.0000       0       0       1       0    0.0000    0.4863  37
IL5       35.2130   50.5810    0.0000    0.0000       0       0       1       0    0.0000    0.1670  37
GZV       36.3860   50.2180    0.0000    0.0000       0       0       1       1    0.0000    0.6405  37
RAZ       35.4050   49.9290    0.0000    0.0000       0       0       1       0    0.0000    0.5735  37
DMV       35.5770   52.0320    0.0000    0.0000       0       0       0       1    0.0000    0.7894  38
FIR       35.6420   52.7540    0.0000    0.0000       0       0       1       0    0.0000    0.1545  38
VRN       34.9950   51.7270    0.0000    0.0000       0       0       1       0    0.0000    0.1011  38
SHM       35.8060   53.2840    0.0000    0.0000       0       0       1       0    0.0000    0.5467  38
MHD       35.6850   50.6670    0.0000    0.0000       0       0       1       0    0.0000    0.3973  38
IL5       35.2130   50.5810    0.0000    0.0000       0       0       1       0    0.0000    0.2568  38
RAZ       35.4050   49.9290    0.0000    0.0000       0       0       1       1    0.0000    0.6559  38
VRN       34.9950   51.7270    0.0000    0.0000       0       0       1       0    0.0000    0.0351  39
MHD       35.6850   50.6670    0.0000    0.0000       0       0       1       0    0.0000    0.0651  39
IL5       35.2130   50.5810    0.0000    0.0000       0       0       1       0    0.0000    0.0749  39
GZV       36.3860   50.2180    0.0000    0.0000       0       0       1       0    0.0000    0.0523  39
RAZ       35.4050   49.9290    0.0000    0.0000       0       0       1       1    0.0000    0.0272  39
DMV       35.5770   52.0320    0.0000    0.0000       0       0       1       0    0.0000    0.3410  40
FIR       35.6420   52.7540    0.0000    0.0000       0       0       1       0    0.0000    0.0495  40
LAS       35.3800   52.9590    0.0000    0.0000       0       0       1       0    0.0000    0.6533  40
VRN       34.9950   51.7270    0.0000    0.0000       0       0       1       0    0.0000    0.7263  40
SHM       35.8060   53.2840    0.0000    0.0000       0       0       1       0    0.0000    0.3751  40
ANJ       35.4680   53.9150    0.0000    0.0000       0       0       1       0    0.0000    0.0440  40
KLH       33.3190   51.5780    0.0000    0.0000       0       0       1       0    0.0000    0.5535  40
DMV       35.5770   52.0320    0.0000    0.0000       0       0       1       0    0.0000    0.6673  41
ALA       36.0830   52.8100    0.0000    0.0000       0       0       1       0    0.0000    0.5454  41
FIR       35.6420   52.7540    0.0000    0.0000       0       0       1       1    0.0000    0.4415  41
GLO       36.5020   53.8310    0.0000    0.0000       0       0       1       1    0.0000    0.8933  41
VRN       34.9950   51.7270    0.0000    0.0000       0       0       1       1    0.0000    0.2217  45
MHD       35.6850   50.6670    0.0000    0.0000       0       0       1       1    0.0000    0.3207  45
IL5       35.2130   50.5810    0.0000    0.0000       0       0       1       0    0.0000    0.0939  45
RAZ       35.4050   49.9290    0.0000    0.0000       0       0       1       0    0.0000    0.4885  45
FIR       35.6420   52.7540    0.0000    0.0000       0       0       1       1    0.0000    0.4295  46
VRN       34.9950   51.7270    0.0000    0.0000       0       0       1       1    0.0000    0.2987  46
SHM       35.8060   53.2840    0.0000    0.0000       0       0       1       0    0.0000    0.1783  46
ANJ       35.4680   53.9150    0.0000    0.0000       0       0       1       0    0.0000    0.0003  46
DMV       35.5770   52.0320    0.0000    0.0000       0       0       1       1    0.0000    0.3410  49
FIR       35.6420   52.7540    0.0000    0.0000       0       0       1       1    0.0000    0.2693  49
LAS       35.3800   52.9590    0.0000    0.0000       0       0       1       0    0.0000    0.1156  49
VRN       34.9950   51.7270    0.0000    0.0000       0       0       1       0    0.0000    0.0939  49
KLH       33.3190   51.5780    0.0000    0.0000       0       0       1       0    0.0000    0.4566  49
DMV       35.5770   52.0320    0.0000    0.0000       0       0       1       1    0.0000    0.1832  51
FIR       35.6420   52.7540    0.0000    0.0000       0       0       1       0    0.0000    0.1267  51
TBB       34.9950   51.7270    0.0000    0.0000       0       0       1       0    0.0000    0.2220  51
VRN       34.9950   51.7270    0.0000    0.0000       0       0       1       1    0.0000    0.0942  51
PRN       36.2420   52.3380    0.0000    0.0000       0       0       1       0    0.0000    1.0633  53
ALA       36.0830   52.8100    0.0000    0.0000       0       0       1       1    0.0000    0.3005  53
KIA       36.2070   53.6840    0.0000    0.0000       0       0       1       1    0.0000    0.1574  53
GLO       36.5020   53.8310    0.0000    0.0000       0       0       1       0    0.0000    0.0959  53
